     1                                  %include "../include/define.s"
     1                              <1> BOOT_LOAD equ 0x7C00      ;//boot程序加载地址
     2                              <1> BOOT_SIZE equ (1024 * 8)  ;//boot代码段大小
     3                              <1> BOOT_END  equ (BOOT_LOAD + BOOT_SIZE) ;
     4                              <1> 
     5                              <1> SECT_SIZE equ (512)       ;//sector大小
     6                              <1> BOOT_SECT equ (BOOT_SIZE / SECT_SIZE)   ;//boot的sector数
     7                              <1> 
     8                              <1> E820_RECORD_SIZE equ 20
     9                              <1> 
    10                              <1> KERNEL_LOAD equ 0x0010_1000
    11                              <1> KERNEL_SIZE equ (1024*8) ;//kernel的大小仍然是8k
    12                              <1> KERNEL_SECT equ (KERNEL_SIZE / SECT_SIZE)
     2                                  %include "../include/macro.s"
     1                              <1> %macro cdecl 1-*.nolist  ;//1-*是一个以上的参数
     2                              <1> 
     3                              <1> 	%rep %0 - 1         ;//%0是参数的个数
     4                              <1> 		push %{-1:-1}  ;//%将参数倒着压栈
     5                              <1> 		%rotate -1   
     6                              <1> 	%endrep
     7                              <1> 	%rotate -1      ;//恢复原来的参数
     8                              <1> 
     9                              <1> 	call %1
    10                              <1> 	%if 1 < %0
    11                              <1> 		add sp,(__BITS__ >> 3)*(%0 - 1)     ;//__BITS__是表示16比特模式还是32比特模式
    12                              <1> 	%endif									;//给每个参数分配栈空间
    13                              <1> %endmacro
    14                              <1> 
    15                              <1> struc drive
    16 00000000 <res 00000002>      <1> 	.no resw 1	 ;驱动号
    17 00000002 <res 00000002>      <1> 	.cyln resw 1 ;cylinder
    18 00000004 <res 00000002>      <1> 	.head resw 1 ;head
    19 00000006 <res 00000002>      <1> 	.sect resw 1 ;sector
    20                              <1> endstruc
    21                              <1> 
     3                                  	
     4                                  	ORG KERNEL_LOAD
     5                                  
     6                                  [BITS 32]
     7                                  ;*******************
     8                                  ;entry  point
     9                                  ;*******************
    10                                  kernel:
    11                                  	;----------------------
    12                                  	;获取font address
    13                                  	;----------------------
    14 00000000 BE007E0000              	mov esi,BOOT_LOAD + SECT_SIZE ;ESI = 0x7C00 + 512
    15 00000005 0FB706                  	movzx eax,word[esi + 0]				;//eax = segment
    16 00000008 0FB75E02                	movzx ebx,word[esi + 2]				;//ebx = offset
    17 0000000C C1E004                  	shl eax,4
    18 0000000F 01D8                    	add eax,ebx
    19 00000011 A3[48010000]            	mov [FONT_ADR],eax					;FONT_ADR[0] = eax
    20                                  
    21                                  	;------------------------------
    22                                  	;表示文字一览
    23                                  	;------------------------------
    24 00000016 6A0D6A3FE8A4020000-     	cdecl draw_font, 63,13
    24 0000001F 6683C408           
    25                                  	;------------------
    26                                  	;打印字符串
    27                                  	;-------------------
    28 00000023 68[39010000]680F01-     	cdecl draw_str,25,14,0x010F,.s0 ; 
    28 0000002B 00006A0E6A19E8D202-
    28 00000034 00006683C410       
    29                                  	;---------------
    30                                  	;打印colorbar
    31                                  	;---------------
    32 0000003A 6A046A3FE80E030000-     	cdecl draw_color_bar,63,4
    32 00000043 6683C408           
    33                                  
    34                                  	;--------------
    35                                  	;画像素
    36                                  	;--------------
    37                                  
    38 00000047 6A016A046A08E87903-     	cdecl draw_pixel, 8, 4, 0x01 
    38 00000050 00006683C40C       
    39 00000056 6A016A056A09E86A03-     	cdecl draw_pixel, 9, 5, 0x01
    39 0000005F 00006683C40C       
    40 00000065 6A026A066A0AE85B03-     	cdecl draw_pixel,10, 6, 0x02 
    40 0000006E 00006683C40C       
    41 00000074 6A026A076A0BE84C03-     	cdecl draw_pixel, 11, 7,0x02 
    41 0000007D 00006683C40C       
    42 00000083 6A036A086A0CE83D03-     	cdecl draw_pixel, 12, 8,0x03 
    42 0000008C 00006683C40C       
    43 00000092 6A036A096A0DE82E03-     	cdecl draw_pixel, 13, 9,0x03
    43 0000009B 00006683C40C       
    44 000000A1 6A046A0A6A0EE81F03-     	cdecl draw_pixel, 14,10,0x04 
    44 000000AA 00006683C40C       
    45 000000B0 6A046A0B6A0FE81003-     	cdecl draw_pixel, 15,11,0x04
    45 000000B9 00006683C40C       
    46 000000BF 6A036A046A0FE80103-     	cdecl draw_pixel, 15, 4,0x03
    46 000000C8 00006683C40C       
    47 000000CE 6A036A056A0EE8F202-     	cdecl draw_pixel, 14, 5,0x03
    47 000000D7 00006683C40C       
    48 000000DD 6A046A066A0DE8E302-     	cdecl draw_pixel, 13, 6,0x04
    48 000000E6 00006683C40C       
    49 000000EC 6A046A076A0CE8D402-     	cdecl draw_pixel, 12, 7,0x04
    49 000000F5 00006683C40C       
    50 000000FB 6A016A086A0BE8C502-     	cdecl draw_pixel, 11, 8,0x01
    50 00000104 00006683C40C       
    51 0000010A 6A016A096A0AE8B602-     	cdecl draw_pixel, 10, 9,0x01
    51 00000113 00006683C40C       
    52 00000119 6A026A0A6A09E8A702-     	cdecl draw_pixel, 9, 10,0x02
    52 00000122 00006683C40C       
    53 00000128 6A026A0B6A08E89802-     	cdecl draw_pixel, 8, 11,0x02
    53 00000131 00006683C40C       
    54                                  
    55 00000137 EBFE                    	jmp $
    56 00000139 48656C6C6F2C206B65-     .s0 db "Hello, kernel!",0
    56 00000142 726E656C2100       
    57                                  
    58                                  ALIGN 4,db 0
    59 00000148 00000000                FONT_ADR: dd 0
    60                                  
    61                                  
    62                                  ;*************************
    63                                  ;model
    64                                  ;*************************
    65                                  %include "../modules/protect/vga.s"
     1                              <1> vga_set_read_plane:
     2                              <1> 	
     3 0000014C 55                  <1> 		push	ebp	
     4 0000014D 89E5                <1> 		mov		ebp, esp						
     5                              <1> 
     6 0000014F 50                  <1> 		push	eax
     7 00000150 52                  <1> 		push	edx
     8                              <1> 
     9                              <1> 		;---------------------------------------
    10                              <1> 		;选择读取的plane
    11                              <1> 		;---------------------------------------
    12 00000151 8A6508              <1> 		mov		ah, [ebp + 8]					; AH  = 指定读取的palne(----RGB)
    13 00000154 80E403              <1> 		and		ah, 0x03						; AH &= 0x03; // mask掉不要的bit
    14 00000157 B004                <1> 		mov		al, 0x04						; AL  = 读取map选择寄存器
    15 00000159 66BACE03            <1> 		mov		dx, 0x03CE						; DX  = 图像控制端口
    16 0000015D 66EF                <1> 		out		dx, ax							; // 端口输出
    17                              <1> 
    18 0000015F 5A                  <1> 		pop		edx
    19 00000160 58                  <1> 		pop		eax
    20 00000161 89EC                <1> 		mov		esp, ebp
    21 00000163 5D                  <1> 		pop		ebp
    22                              <1> 
    23 00000164 C3                  <1> 		ret
    24                              <1> 
    25                              <1> vga_set_write_plane:
    26                              <1> 											
    27 00000165 55                  <1> 		push	ebp								
    28 00000166 89E5                <1> 		mov		ebp, esp						
    29                              <1> 											
    30 00000168 50                  <1> 		push	eax
    31 00000169 52                  <1> 		push	edx
    32                              <1> 
    33                              <1> 		;---------------------------------------
    34                              <1> 		; 选择写入的plane
    35                              <1> 		;---------------------------------------
    36 0000016A 8A6508              <1> 		mov		ah, [ebp + 8]					; AH = 指定写入的plane(Bit:----IRGB)
    37 0000016D 80E40F              <1> 		and		ah, 0x0F						; AH = 0x0F; // mask掉不需要的比特
    38 00000170 B002                <1> 		mov		al, 0x02						; AL = 指定写入plane
    39 00000172 66BAC403            <1> 		mov		dx, 0x03C4						; DX = sequence控制端口
    40 00000176 66EF                <1> 		out		dx, ax							; // 端口输出
    41                              <1> 
    42                              <1> 
    43 00000178 5A                  <1> 		pop		edx
    44 00000179 58                  <1> 		pop		eax
    45                              <1> 
    46 0000017A 89EC                <1> 		mov		esp, ebp
    47 0000017C 5D                  <1> 		pop		ebp
    48                              <1> 
    49 0000017D C3                  <1> 		ret
    50                              <1> 
    51                              <1> ;
    52                              <1> vram_font_copy:
    53                              <1> 
    54                              <1> 
    55 0000017E 55                  <1> 		push	ebp							
    56 0000017F 89E5                <1> 		mov		ebp, esp						
    57                              <1> 
    58 00000181 50                  <1> 		push	eax
    59 00000182 53                  <1> 		push	ebx
    60 00000183 51                  <1> 		push	ecx
    61 00000184 52                  <1> 		push	edx
    62 00000185 56                  <1> 		push	esi
    63 00000186 57                  <1> 		push	edi
    64                              <1> 
    65                              <1> 		;---------------------------------------
    66                              <1> 		; 获取参数
    67                              <1> 		;---------------------------------------
    68 00000187 8B7508              <1> 		mov		esi, [ebp + 8]					; ESI = font地址
    69 0000018A 8B7D0C              <1> 		mov		edi, [ebp +12]					; EDI = VRAM地址;
    70 0000018D 0FB64510            <1> 		movzx	eax, byte [ebp +16]				; EAX = plane(用比特指定);
    71 00000191 0FB75D14            <1> 		movzx	ebx, word [ebp +20]				; EBX = 颜色;
    72                              <1> 
    73                              <1> 		;//背景色或者前景色包含plane的时候设置为0xff,不包含的时候设置为0x00
    74                              <1> 
    75 00000195 84C7                <1> 		test	bh, al							; ZF = (背景色 & plane);
    76 00000197 0F94C6              <1> 		setz	dh								; AH = ZF ? 0x01 : 0x00
    77 0000019A FECE                <1> 		dec		dh								; AH--; // 0x00 or 0xFF
    78                              <1> 
    79 0000019C 84C3                <1> 		test	bl, al							; ZF = (前景色 & plane);
    80 0000019E 0F94C2              <1> 		setz	dl								; AL = ZF ? 0x01 : 0x00
    81 000001A1 FECA                <1> 		dec		dl								; AL--; // 0x00 or 0xFF
    82                              <1> 
    83                              <1> 		;---------------------------------------
    84                              <1> 		; 复制16个点的font
    85                              <1> 		;---------------------------------------
    86 000001A3 FC                  <1> 		cld										; DF  = 0; 
    87                              <1> 
    88 000001A4 B910000000          <1> 		mov		ecx, 16							; ECX = 16; // 16个点
    89                              <1> .10L:											; do
    90                              <1> 												; {
    91                              <1> 		;---------------------------------------
    92                              <1> 		; 生成font_mask
    93                              <1> 		;---------------------------------------
    94 000001A9 AC                  <1> 		lodsb									;   AL  = *ESI++; //  font
    95 000001AA 88C4                <1> 		mov		ah, al							;   AH ~= AL;     // !font(比特反转)
    96 000001AC F6D4                <1> 		not		ah								;   
    97                              <1> 
    98                              <1> 		;---------------------------------------
    99                              <1> 		; 前景色
   100                              <1> 		;---------------------------------------
   101 000001AE 20D0                <1> 		and		al, dl							;   AL =前景色 & font;
   102                              <1> 
   103                              <1> 		;---------------------------------------
   104                              <1> 		; 背景色
   105                              <1> 		;---------------------------------------
   106 000001B0 F7C310000000        <1> 		test	ebx, 0x0010						;   if (透明模式)
   107 000001B6 7404                <1> 		jz		.11F							;   {
   108 000001B8 2227                <1> 		and		ah, [edi]						;     AH = !font & [EDI] // 现在值
   109 000001BA EB02                <1> 		jmp		.11E							;   }
   110                              <1> .11F:											;   else
   111                              <1> 												;   {
   112 000001BC 20F4                <1> 		and		ah, dh							;     AH = !font & 背景色;
   113                              <1> .11E:											;   }
   114                              <1> 
   115                              <1> 		;---------------------------------------
   116                              <1> 		; 前景色和背景色的合成
   117                              <1> 		;---------------------------------------
   118 000001BE 08E0                <1> 		or		al, ah							;   AL  = 前景 | 背景;
   119                              <1> 
   120                              <1> 		;---------------------------------------
   121                              <1> 		; 输出新的值
   122                              <1> 		;---------------------------------------
   123 000001C0 8807                <1> 		mov		[edi], al						;   [EDI] = AL; // 写入plane
   124                              <1> 
   125 000001C2 83C750              <1> 		add		edi, 80							;   EDI += 80;(font是30x80)
   126 000001C5 E2E2                <1> 		loop	.10L							; } while (--ECX);
   127                              <1> .10E:											; 
   128 000001C7 5F                  <1> 		pop		edi
   129 000001C8 5E                  <1> 		pop		esi
   130 000001C9 5A                  <1> 		pop		edx
   131 000001CA 59                  <1> 		pop		ecx
   132 000001CB 5B                  <1> 		pop		ebx
   133 000001CC 58                  <1> 		pop		eax
   134                              <1> 
   135 000001CD 89EC                <1> 		mov		esp, ebp
   136 000001CF 5D                  <1> 		pop		ebp
   137                              <1> 
   138 000001D0 C3                  <1> 		ret
   139                              <1> 
   140                              <1> vram_bit_copy:
   141                              <1> 
   142 000001D1 55                  <1> 		push	ebp							
   143 000001D2 89E5                <1> 		mov		ebp, esp						
   144                              <1> 												
   145 000001D4 50                  <1> 		push	eax
   146 000001D5 53                  <1> 		push	ebx
   147 000001D6 57                  <1> 		push	edi
   148                              <1> 
   149                              <1> 		;---------------------------------------
   150                              <1> 		; 获取参数
   151                              <1> 		;---------------------------------------
   152 000001D7 8B7D0C              <1> 		mov		edi, [ebp +12]					; EDI = VRAM地址
   153 000001DA 0FB64510            <1> 		movzx	eax, byte [ebp +16]				; EAX = palne(bit);
   154 000001DE 0FB75D14            <1> 		movzx	ebx, word [ebp +20]				; EBX = 表示颜色;
   155                              <1> 
   156 000001E2 84C3                <1> 		test	bl, al							; ZF = (前景色 & plane);
   157 000001E4 0F94C3              <1> 		setz	bl								; BL = ZF ? 0x01 : 0x00
   158 000001E7 FECB                <1> 		dec		bl								; BL--; // 0x00 or 0xFF
   159                              <1> 
   160                              <1> 		;---------------------------------------
   161                              <1> 		; 输出比特模式的反
   162                              <1> 		;---------------------------------------
   163 000001E9 8A4508              <1> 		mov		al, [ebp + 8]					; AL = 输出比特模式
   164 000001EC 88C4                <1> 		mov		ah, al							; AH ~= AL;     // ! 输出比特模式
   165 000001EE F6D4                <1> 		not		ah								; 
   166                              <1> 
   167                              <1> 		;---------------------------------------
   168                              <1> 		; 生成输入的值
   169                              <1> 		;---------------------------------------
   170 000001F0 2227                <1> 		and		ah, [edi]						; AH  =  ! 输出比特模式 & 现在值
   171 000001F2 20D8                <1> 		and		al, bl							; AL  = 输出比特模式 &  表示色
   172 000001F4 08E0                <1> 		or		al, ah							; AL |= AH;
   173                              <1> 
   174                              <1> 		;---------------------------------------
   175                              <1> 		; 数据写入
   176                              <1> 		;---------------------------------------
   177 000001F6 8807                <1> 		mov		[edi], al						; [EDI] = BL; // 写入palne
   178                              <1> 
   179                              <1> 
   180 000001F8 5F                  <1> 		pop		edi
   181 000001F9 5B                  <1> 		pop		ebx
   182 000001FA 58                  <1> 		pop		eax
   183                              <1> 
   184 000001FB 89EC                <1> 		mov		esp, ebp
   185 000001FD 5D                  <1> 		pop		ebp
   186                              <1> 
   187 000001FE C3                  <1> 		ret
   188                              <1> 
    66                                  %include "../modules/protect/draw_char.s"
     1                              <1> draw_char:
     2                              <1> 
     3 000001FF 55                  <1> 		push	ebp			
     4 00000200 89E5                <1> 		mov		ebp, esp	
     5                              <1> 											
     6                              <1> 
     7 00000202 50                  <1> 		push	eax
     8 00000203 53                  <1> 		push	ebx
     9 00000204 51                  <1> 		push	ecx
    10 00000205 52                  <1> 		push	edx
    11 00000206 56                  <1> 		push	esi
    12 00000207 57                  <1> 		push	edi
    13                              <1> 
    14                              <1> 		;---------------------------------------
    15                              <1> 		; 取得参数
    16                              <1> 		;---------------------------------------
    17 00000208 0FB67514            <1> 		movzx	esi, byte [ebp +20]				; ESI  = 字符码
    18 0000020C C1E604              <1> 		shl		esi, 4							; CL *= 16; // 1字符16byte
    19 0000020F 0335[48010000]      <1> 		add		esi, [FONT_ADR]					; ESI = font地址;
    20                              <1> 
    21                              <1> 		;---------------------------------------
    22                              <1> 		; 取得复制目的地的地址
    23                              <1> 		; Adr = 0xA0000 + (640 / 8 * 16) * y + x
    24                              <1> 		;---------------------------------------
    25 00000215 8B7D0C              <1> 		mov		edi, [ebp +12]					; Y(行)
    26 00000218 C1E708              <1> 		shl		edi, 8							; EDI = Y * 256;
    27 0000021B 8DBCBF00000A00      <1> 		lea		edi, [edi * 4 + edi + 0xA0000]	; EDI = Y *   4 + Y;
    28 00000222 037D08              <1> 		add		edi, [ebp + 8]					; X(列)
    29                              <1> 
    30                              <1> 		;---------------------------------------
    31                              <1> 		; 输出一字符的font
    32                              <1> 		;---------------------------------------
    33 00000225 0FB75D10            <1> 		movzx	ebx, word [ebp +16]				; // 颜色
    34                              <1> 
    35 00000229 6A03E81CFFFFFF6683- <1> 		cdecl	vga_set_read_plane, 0x03		; // 写入plane(亮度:I)
    35 00000232 C404                <1>
    36 00000234 6A08E82AFFFFFF6683- <1> 		cdecl	vga_set_write_plane, 0x08		; // 输出plane(亮度:I)
    36 0000023D C404                <1>
    37 0000023F 536A085756E835FFFF- <1> 		cdecl	vram_font_copy, esi, edi, 0x08, ebx
    37 00000248 FF6683C410          <1>
    38                              <1> 
    39 0000024D 6A02E8F8FEFFFF6683- <1> 		cdecl	vga_set_read_plane, 0x02		; //写入plane(红:R)
    39 00000256 C404                <1>
    40 00000258 6A04E806FFFFFF6683- <1> 		cdecl	vga_set_write_plane, 0x04		; //输出plane(红:R)
    40 00000261 C404                <1>
    41 00000263 536A045756E811FFFF- <1> 		cdecl	vram_font_copy, esi, edi, 0x04, ebx
    41 0000026C FF6683C410          <1>
    42                              <1> 
    43 00000271 6A01E8D4FEFFFF6683- <1> 		cdecl	vga_set_read_plane, 0x01		; // 写入plane(绿:G)
    43 0000027A C404                <1>
    44 0000027C 6A02E8E2FEFFFF6683- <1> 		cdecl	vga_set_write_plane, 0x02		; // 输出plane(绿:G)
    44 00000285 C404                <1>
    45 00000287 536A025756E8EDFEFF- <1> 		cdecl	vram_font_copy, esi, edi, 0x02, ebx
    45 00000290 FF6683C410          <1>
    46                              <1> 
    47 00000295 6A00E8B0FEFFFF6683- <1> 		cdecl	vga_set_read_plane, 0x00		; // 写入plane(蓝:B)
    47 0000029E C404                <1>
    48 000002A0 6A01E8BEFEFFFF6683- <1> 		cdecl	vga_set_write_plane, 0x01		; // 输出plane(蓝:B)
    48 000002A9 C404                <1>
    49 000002AB 536A015756E8C9FEFF- <1> 		cdecl	vram_font_copy, esi, edi, 0x01, ebx
    49 000002B4 FF6683C410          <1>
    50                              <1> 
    51                              <1> 
    52 000002B9 5F                  <1> 		pop		edi
    53 000002BA 5E                  <1> 		pop		esi
    54 000002BB 5A                  <1> 		pop		edx
    55 000002BC 59                  <1> 		pop		ecx
    56 000002BD 5B                  <1> 		pop		ebx
    57 000002BE 58                  <1> 		pop		eax
    58                              <1> 
    59 000002BF 89EC                <1> 		mov		esp, ebp
    60 000002C1 5D                  <1> 		pop		ebp
    61                              <1> 
    62 000002C2 C3                  <1> 		ret
    63                              <1> 
    67                                  %include "../modules/protect/draw_font.s"
     1                              <1> draw_font:
     2 000002C3 55                  <1> 		push	ebp		
     3 000002C4 89E5                <1> 		mov		ebp, esp		
     4                              <1> 							
     5                              <1> 
     6 000002C6 50                  <1> 		push	eax
     7 000002C7 53                  <1> 		push	ebx
     8 000002C8 51                  <1> 		push	ecx
     9 000002C9 52                  <1> 		push	edx
    10 000002CA 56                  <1> 		push	esi
    11 000002CB 57                  <1> 		push	edi
    12                              <1> 
    13 000002CC 8B7508              <1> 		mov		esi, [ebp + 8]					; ESI = X(列)
    14 000002CF 8B7D0C              <1> 		mov		edi, [ebp +12]					; EDI = Y(行)
    15                              <1> 
    16                              <1> 		;---------------------------------------
    17                              <1> 		; tHg\
    18                              <1> 		;---------------------------------------
    19 000002D2 B900000000          <1> 		mov		ecx, 0							; for (ECX = 0;
    20 000002D7 81F900010000        <1> .10L:	cmp		ecx, 256						;      ECX < 256;
    21 000002DD 731F                <1> 		jae		.10E							; 
    22                              <1> 												;      ECX++)
    23                              <1> 												; {
    24                              <1> 												;   // 一行表示16个字符,列位置
    25 000002DF 89C8                <1> 		mov		eax, ecx						;   EAX  = ECX;
    26 000002E1 83E00F              <1> 		and		eax, 0x0F						;   EAX &= 0x0F
    27 000002E4 01F0                <1> 		add		eax, esi						;   EAX += X;
    28                              <1> 												;   
    29                              <1> 												;   // 行位置
    30 000002E6 89CB                <1> 		mov		ebx, ecx						;   EBX  = ECX;
    31 000002E8 C1EB04              <1> 		shr		ebx, 4							;   EBX /= 16
    32 000002EB 01FB                <1> 		add		ebx, edi						;   EBX += Y;
    33                              <1> 
    34 000002ED 516A075350E808FFFF- <1> 		cdecl	draw_char, eax, ebx, 0x07, ecx	;   draw_char();
    34 000002F6 FF6683C410          <1>
    35                              <1> 
    36 000002FB 41                  <1> 		inc		ecx								;   // for (... ECX++)
    37 000002FC EBD9                <1> 		jmp		.10L							; 
    38                              <1> .10E:											; }
    39                              <1> 
    40                              <1> 
    41 000002FE 5F                  <1> 		pop		edi
    42 000002FF 5E                  <1> 		pop		esi
    43 00000300 5A                  <1> 		pop		edx
    44 00000301 59                  <1> 		pop		ecx
    45 00000302 5B                  <1> 		pop		ebx
    46 00000303 58                  <1> 		pop		eax
    47                              <1> 
    48 00000304 89EC                <1> 		mov		esp, ebp
    49 00000306 5D                  <1> 		pop		ebp
    50                              <1> 
    51 00000307 C3                  <1> 		ret
    52                              <1> 
    68                                  %include "../modules/protect/draw_str.s"
     1                              <1> draw_str:
     2                              <1> 
     3 00000308 55                  <1> 		push	ebp							
     4 00000309 89E5                <1> 		mov		ebp, esp					
     5                              <1> 
     6                              <1> 
     7 0000030B 50                  <1> 		push	eax
     8 0000030C 53                  <1> 		push	ebx
     9 0000030D 51                  <1> 		push	ecx
    10 0000030E 52                  <1> 		push	edx
    11 0000030F 56                  <1> 		push	esi
    12                              <1> 
    13                              <1> 		;---------------------------------------
    14                              <1> 		; 获取参数
    15                              <1> 		;---------------------------------------
    16 00000310 8B4D08              <1> 		mov		ecx, [ebp + 8]					; ECX = 列;
    17 00000313 8B550C              <1> 		mov		edx, [ebp +12]					; EDX = 行;
    18 00000316 0FB75D10            <1> 		movzx	ebx, word [ebp + 16]			; EBX = 颜色;
    19 0000031A 8B7514              <1> 		mov		esi, [ebp +20]					; ESI = 字符串地址;
    20                              <1> 
    21 0000031D FC                  <1> 		cld										; DF = 0; // 正方向
    22                              <1> .10L:											; do
    23                              <1> 												; {
    24 0000031E AC                  <1> 		lodsb									;   AL = *ESI++; // 
    25 0000031F 3C00                <1> 		cmp		al, 0							;   if (0 == AL)
    26 00000321 7425                <1> 		je		.10E							;     break;
    27                              <1> 
    28 00000323 50535251E8D3FEFFFF- <1> 		cdecl	draw_char, ecx, edx, ebx, eax	;   draw_char();
    28 0000032C 6683C410            <1>
    29                              <1> 
    30                              <1> 		; u
    31 00000330 41                  <1> 		inc		ecx								;   ECX++;           // 列+1
    32 00000331 83F950              <1> 		cmp		ecx, 80							;   if (80 <= ECX)   // 80列超过的话要换行
    33 00000334 7C10                <1> 		jl		.12E							;   {
    34 00000336 B900000000          <1> 		mov		ecx, 0							;     ECX = 0;       // 列 = 0
    35 0000033B 42                  <1> 		inc		edx								;     EDX++;         // 行 + 1
    36 0000033C 83FA1E              <1> 		cmp		edx, 30							;     if (30 <= EDX) // 30行以上换页
    37 0000033F 7C05                <1> 		jl		.12E							;     {
    38 00000341 BA00000000          <1> 		mov		edx, 0							;       EDX = 0;     // 行 = 0
    39                              <1> 												;     }
    40                              <1> .12E:											;   }
    41 00000346 EBD6                <1> 		jmp		.10L							;   
    42                              <1> .10E:											; } while (1);
    43                              <1> 
    44 00000348 5E                  <1> 		pop		esi
    45 00000349 5A                  <1> 		pop		edx
    46 0000034A 59                  <1> 		pop		ecx
    47 0000034B 5B                  <1> 		pop		ebx
    48 0000034C 58                  <1> 		pop		eax
    49                              <1> 
    50 0000034D 89EC                <1> 		mov		esp, ebp
    51 0000034F 5D                  <1> 		pop		ebp
    52                              <1> 
    53 00000350 C3                  <1> 		ret
    54                              <1> 
    69                                  %include "../modules/protect/draw_color_bar.s"
     1                              <1> draw_color_bar:
     2 00000351 55                  <1> 		push	ebp						
     3 00000352 89E5                <1> 		mov		ebp, esp						
     4                              <1> 
     5 00000354 50                  <1> 		push	eax
     6 00000355 53                  <1> 		push	ebx
     7 00000356 51                  <1> 		push	ecx
     8 00000357 52                  <1> 		push	edx
     9 00000358 56                  <1> 		push	esi
    10 00000359 57                  <1> 		push	edi
    11                              <1> 
    12 0000035A 8B7508              <1> 		mov		esi, [ebp + 8]					; ESI = Xij
    13 0000035D 8B7D0C              <1> 		mov		edi, [ebp +12]					; EDI = Yisj
    14                              <1> 
    15                              <1> 		;---------------------------------------
    16                              <1> 		; 表示colorbar
    17                              <1> 		;---------------------------------------
    18 00000360 B900000000          <1> 		mov		ecx, 0							; for (ECX = 0;
    19 00000365 83F910              <1> .10L:	cmp		ecx, 16							;      ECX < 16;
    20 00000368 732E                <1> 		jae		.10E							; 
    21                              <1> 												;      ECX++)
    22                              <1> 												; {
    23                              <1> 												;   // 偶数列在左边,奇数列在右边
    24 0000036A 89C8                <1> 		mov		eax, ecx						;   EAX  = ECX;
    25 0000036C 83E001              <1> 		and		eax, 0x01						;   EAX &= 0x01;;//奇数
    26 0000036F C1E003              <1> 		shl		eax, 3							;   EAX *= 8;  // 往右移动8个字符
    27 00000372 01F0                <1> 		add		eax, esi						;   EAX += X;
    28                              <1> 												;   
    29                              <1> 												;   // 每两个颜色10E行
    30 00000374 89CB                <1> 		mov		ebx, ecx						;   EBX  = ECX;
    31 00000376 D1EB                <1> 		shr		ebx, 1							;   EBX /= 2
    32 00000378 01FB                <1> 		add		ebx, edi						;   EBX += Y;
    33                              <1> 												;   
    34                              <1> 												;   //输出的颜色
    35 0000037A 89CA                <1> 		mov		edx, ecx						;   EDX  = ECX;
    36 0000037C D1E2                <1> 		shl		edx, 1							;   EDX *= 2;
    37 0000037E 8B92[AB030000]      <1> 		mov		edx, [.t0 + edx]				;   EDX += Y;
    38                              <1> 
    39 00000384 68[A2030000]525350- <1> 		cdecl	draw_str, eax, ebx, edx, .s0	;   draw_str();
    39 0000038C E877FFFFFF6683C410  <1>
    40                              <1> 
    41 00000395 41                  <1> 		inc		ecx								;   // for (... ECX++)
    42 00000396 EBCD                <1> 		jmp		.10L							; 
    43                              <1> .10E:											; }
    44                              <1> 
    45 00000398 5F                  <1> 		pop		edi
    46 00000399 5E                  <1> 		pop		esi
    47 0000039A 5A                  <1> 		pop		edx
    48 0000039B 59                  <1> 		pop		ecx
    49 0000039C 5B                  <1> 		pop		ebx
    50 0000039D 58                  <1> 		pop		eax
    51                              <1> 
    52 0000039E 89EC                <1> 		mov		esp, ebp
    53 000003A0 5D                  <1> 		pop		ebp
    54                              <1> 
    55 000003A1 C3                  <1> 		ret
    56                              <1> 
    57 000003A2 202020202020202000  <1> .s0:	db '        ', 0						;8个空白字符
    58                              <1> 
    59 000003AB 00000008            <1> .t0:	dw	0x0000, 0x0800						; colorbar的背景色
    60 000003AF 00010009            <1> 		dw	0x0100, 0x0900
    61 000003B3 0002000A            <1> 		dw	0x0200, 0x0A00
    62 000003B7 0003000B            <1> 		dw	0x0300, 0x0B00
    63 000003BB 0004000C            <1> 		dw	0x0400, 0x0C00
    64 000003BF 0005000D            <1> 		dw	0x0500, 0x0D00
    65 000003C3 0006000E            <1> 		dw	0x0600, 0x0E00
    66 000003C7 0007000F            <1> 		dw	0x0700, 0x0F00
    67                              <1> 
    70                                  %include "../modules/protect/draw_pixel.s"
     1                              <1> 
     2                              <1> draw_pixel:
     3                              <1> 
     4 000003CB 55                  <1> 		push	ebp			
     5 000003CC 89E5                <1> 		mov		ebp, esp						
     6 000003CE 50                  <1> 		push	eax
     7 000003CF 53                  <1> 		push	ebx
     8 000003D0 51                  <1> 		push	ecx
     9 000003D1 57                  <1> 		push	edi
    10                              <1> 
    11                              <1> 		;---------------------------------------
    12                              <1> 		; 将Y坐标扩大80倍(640/8)
    13                              <1> 		;---------------------------------------
    14 000003D2 8B7D0C              <1> 		mov		edi, [ebp +12]					; EDI  = Y坐标
    15 000003D5 C1E704              <1> 		shl		edi, 4							; EDI *= 16;
    16 000003D8 8DBCBF00000A00      <1> 		lea		edi, [edi * 4 + edi + 0xA_0000]	; EDI  = 0xA00000[EDI * 4 + EDI];
    17                              <1> 
    18                              <1> 		;---------------------------------------
    19                              <1> 		; 加上X坐标的1/8
    20                              <1> 		;---------------------------------------
    21 000003DF 8B5D08              <1> 		mov		ebx, [ebp + 8]					; EBX  = X坐标
    22 000003E2 89D9                <1> 		mov		ecx, ebx						; ECX  = X坐标;(暂存)
    23 000003E4 C1EB03              <1> 		shr		ebx, 3							; EBX /= 8;
    24 000003E7 01DF                <1> 		add		edi, ebx						; EDI += EBX;
    25                              <1> 
    26                              <1> 		;---------------------------------------
    27                              <1> 		; X坐标除8的余数来计算bit位置
    28                              <1> 		; (0=0x80, 1=0x40,... 7=0x01)
    29                              <1> 		;---------------------------------------
    30 000003E9 83E107              <1> 		and		ecx, 0x07						; ECX = X & 0x07;
    31 000003EC BB80000000          <1> 		mov		ebx, 0x80						; EBX = 0x80;
    32 000003F1 D3EB                <1> 		shr		ebx, cl							; EBX >>= ECX;
    33                              <1> 
    34                              <1> 		;---------------------------------------
    35                              <1> 		; 指定颜色
    36                              <1> 		;---------------------------------------
    37 000003F3 8B4D10              <1> 		mov		ecx, [ebp +16]					; // \F
    38                              <1> 
    39                              <1> 		;---------------------------------------
    40                              <1> 		; 输出plane
    41                              <1> 		;---------------------------------------
    42 000003F6 6A03E84FFDFFFF6683- <1> 		cdecl	vga_set_read_plane, 0x03		; 
    42 000003FF C404                <1>
    43 00000401 6A08E85DFDFFFF6683- <1> 		cdecl	vga_set_write_plane, 0x08		;
    43 0000040A C404                <1>
    44 0000040C 516A085753E8BBFDFF- <1> 		cdecl	vram_bit_copy, ebx, edi, 0x08, ecx
    44 00000415 FF6683C410          <1>
    45                              <1> 
    46 0000041A 6A02E82BFDFFFF6683- <1> 		cdecl	vga_set_read_plane, 0x02		; 
    46 00000423 C404                <1>
    47 00000425 6A04E839FDFFFF6683- <1> 		cdecl	vga_set_write_plane, 0x04		; 
    47 0000042E C404                <1>
    48 00000430 516A045753E897FDFF- <1> 		cdecl	vram_bit_copy, ebx, edi, 0x04, ecx
    48 00000439 FF6683C410          <1>
    49                              <1> 
    50 0000043E 6A01E807FDFFFF6683- <1> 		cdecl	vga_set_read_plane, 0x01		; 
    50 00000447 C404                <1>
    51 00000449 6A02E815FDFFFF6683- <1> 		cdecl	vga_set_write_plane, 0x02		; 
    51 00000452 C404                <1>
    52 00000454 516A025753E873FDFF- <1> 		cdecl	vram_bit_copy, ebx, edi, 0x02, ecx
    52 0000045D FF6683C410          <1>
    53                              <1> 
    54 00000462 6A00E8E3FCFFFF6683- <1> 		cdecl	vga_set_read_plane, 0x00		; 
    54 0000046B C404                <1>
    55 0000046D 6A01E8F1FCFFFF6683- <1> 		cdecl	vga_set_write_plane, 0x01		; 
    55 00000476 C404                <1>
    56 00000478 516A015753E84FFDFF- <1> 		cdecl	vram_bit_copy, ebx, edi, 0x01, ecx
    56 00000481 FF6683C410          <1>
    57                              <1> 
    58                              <1> 
    59 00000486 5F                  <1> 		pop		edi
    60 00000487 59                  <1> 		pop		ecx
    61 00000488 5B                  <1> 		pop		ebx
    62 00000489 58                  <1> 		pop		eax
    63                              <1> 
    64 0000048A 89EC                <1> 		mov		esp, ebp
    65 0000048C 5D                  <1> 		pop		ebp
    66                              <1> 
    67 0000048D C3                  <1> 		ret
    68                              <1> 
    71                                  
    72                                  ;********************
    73                                  ;padding
    74                                  ;********************
    75 0000048E 00<rept>                	times KERNEL_SIZE -($-$$) db 0;
