     1                                  BOOT_LOAD equ 0x7C00        ;ÂêØÂä®Á®ãÂ∫èÁöÑÂä†ËΩΩ‰ΩçÁΩÆ
     2                                  
     3                                  ORG BOOT_LOAD               ;ÂêëÁºñËØëÂô®ÊåáÁ§∫Âä†ËΩΩÂú∞ÂùÄ
     4                                  
     5                                  ;**************************
     6                                  ; ÂÆèËÆæÂÆö
     7                                  ;*************************
     8                                  %include "../include/macro.s"
     1                              <1> %macro cdecl 1-*.nolist  ;//1-* «“ª∏ˆ“‘…œµƒ≤Œ ˝
     2                              <1> 
     3                              <1> 	%rep %0 -1         ;//%0 «≤Œ ˝µƒ∏ˆ ˝
     4                              <1> 		push %{-1:-1}  ;//%Ω´≤Œ ˝µπ◊≈—π’ª
     5                              <1> 		%rotate -1   
     6                              <1> 	%endrep
     7                              <1> 	%rotate -1      ;//ª÷∏¥‘≠¿¥µƒ≤Œ ˝
     8                              <1> 
     9                              <1> 	call %1
    10                              <1> 	%if 1 < %0
    11                              <1> 		add sp,(__BITS__ >> 3)*(%0 - 1)     ;//__BITS__ «±Ì æ16±»Ãÿƒ£ Ωªπ «32±»Ãÿƒ£ Ω
    12                              <1> 	%endif									;//∏¯√ø∏ˆ≤Œ ˝∑÷≈‰’ªø’º‰
    13                              <1> 
    14                              <1> %endmacro
     9                                  
    10                                  
    11                                  entry:
    12 00000000 EB58                    	jmp ipl
    13                                  	;------------------
    14                                  	;BPB(BIOS Parameter Block)
    15                                  	;------------------
    16 00000002 90<rept>                	times 90 -($-$$) db 0x90
    17                                  
    18                                  	;----------------------------
    19                                  	;IPL(Initial Pragram Loader)
    20                                  ipl:
    21 0000005A FA                      	cli ;//Á¶ÅÊ≠¢‰∏≠Êñ≠
    22                                  
    23 0000005B B80000                  	mov ax,0x0000
    24 0000005E 8ED8                    	mov ds , ax        ;//Â∞ÜÊÆµÂØÑÂ≠òÂô®ÈÉΩÂÖàËÆæÁΩÆ‰∏∫0
    25 00000060 8EC0                    	mov es , ax
    26 00000062 8ED0                    	mov ss , ax
    27 00000064 BC007C                  	mov sp , BOOT_LOAD   ;//Â∞ÜÊ†àÂ∫ïËÆæÁΩÆ‰∏∫bootÁ®ãÂ∫èÂºÄÂßãÁöÑÂú∞Êñπ
    28                                  
    29 00000067 FB                      	sti ;//ÂÖÅËÆ∏‰∏≠Êñ≠
    30                                  
    31 00000068 8816[8600]              	mov [BOOT.DRIVE], dl;//dlÊòØ‰øùÂ≠òÂêØÂä®Á®ãÂ∫èÁöÑÂ§ñÈÉ®ËÆæÂ§áÁöÑÂ∫èÂè∑
    32                                  
    33 0000006C 6A58E8170083C402        	cdecl putc, word 'X'
    34 00000074 6A59E80F0083C402        	cdecl putc, word 'Y'
    35 0000007C 6A5AE8070083C402        	cdecl putc, word 'Z'
    36                                  
    37                                  
    38 00000084 EBFE                    	jmp $
    39                                  ALIGN 2, db 0
    40                                  BOOT:
    41 00000086 0000                    .DRIVE: dw 0   ;//driveÁöÑÂ∫èÂè∑
    42                                  
    43                                  ;**********************
    44                                  ;module
    45                                  ;***********************
    46                                  %include "../modules/real/putc.s"
     1                              <1> putc:
     2                              <1> 	
     3                              <1> 					;+4 |  ‰≥ˆ◊÷∑˚
     4                              <1> 					;+2 | IP ∑µªÿµÿ÷∑
     5 00000088 55                  <1> 	push bp			;BP + 0|BP(‘≠¿¥µƒ÷µ)
     6 00000089 89E5                <1> 	mov bp,sp       
     7                              <1> 
     8                              <1> 	;----------------
     9                              <1> 	;±£¥Êºƒ¥Ê∆˜µƒ÷µ
    10                              <1> 	;-----------------
    11 0000008B 50                  <1> 	push ax
    12 0000008C 53                  <1> 	push bx
    13                              <1> 	;-----------------------
    14                              <1> 	;¥Ú”°◊÷∑˚
    15                              <1> 	;-----------------------
    16 0000008D 8A4604              <1> 	mov al,[bp+4]
    17 00000090 B40E                <1> 	mov ah,0x0E
    18 00000092 BB0000              <1> 	mov bx,0x0000
    19 00000095 CD10                <1> 	int 0x10
    20                              <1> 	;----------------
    21                              <1> 	;∏¥‘≠ºƒ¥Ê∆˜µƒ÷µ
    22                              <1> 	;----------------
    23                              <1> 
    24 00000097 5B                  <1> 	pop bx
    25 00000098 58                  <1> 	pop ax
    26                              <1> 
    27 00000099 89EC                <1> 	mov sp,bp
    28 0000009B 5D                  <1> 	pop bp
    29                              <1> 
    30 0000009C C3                  <1> 	ret
    47                                  
    48                                  ;******************
    49                                  ;boot_flag
    50                                  ;*******************
    51 0000009D 00<rept>                	times 510 -($-$$) db 0x00
    52 000001FE 55AA                    	db 0x55,0xAA
