     1                                  ;**************************
     2                                  ; ÂÆèËÆæÂÆö
     3                                  ;*************************
     4                                  %include "../include/macro.s"
     1                              <1> %macro cdecl 1-*.nolist  ;//1-* «“ª∏ˆ“‘…œµƒ≤Œ ˝
     2                              <1> 
     3                              <1> 	%rep %0 - 1         ;//%0 «≤Œ ˝µƒ∏ˆ ˝
     4                              <1> 		push %{-1:-1}  ;//%Ω´≤Œ ˝µπ◊≈—π’ª
     5                              <1> 		%rotate -1   
     6                              <1> 	%endrep
     7                              <1> 	%rotate -1      ;//ª÷∏¥‘≠¿¥µƒ≤Œ ˝
     8                              <1> 
     9                              <1> 	call %1
    10                              <1> 	%if 1 < %0
    11                              <1> 		add sp,(__BITS__ >> 3)*(%0 - 1)     ;//__BITS__ «±Ì æ16±»Ãÿƒ£ Ωªπ «32±»Ãÿƒ£ Ω
    12                              <1> 	%endif									;//∏¯√ø∏ˆ≤Œ ˝∑÷≈‰’ªø’º‰
    13                              <1> %endmacro
    14                              <1> 
    15                              <1> struc drive
    16 00000000 <res 00000002>      <1> 	.no resw 1	 ;«˝∂Ø∫≈
    17 00000002 <res 00000002>      <1> 	.cyln resw 1 ;cylinder
    18 00000004 <res 00000002>      <1> 	.head resw 1 ;head
    19 00000006 <res 00000002>      <1> 	.sect resw 1 ;sector
    20                              <1> endstruc
    21                              <1> 
     5                                  %include "../include/define.s"
     1                              <1> BOOT_LOAD equ 0x7C00      ;//boot≥Ã–Úº”‘ÿµÿ÷∑
     2                              <1> BOOT_SIZE equ (1024 * 8)  ;//boot¥˙¬Î∂Œ¥Û–°
     3                              <1> SECT_SIZE equ (512)       ;//sector¥Û–°
     4                              <1> BOOT_SECT equ (BOOT_SIZE/SECT_SIZE)   ;//bootµƒsector ˝
     5                              <1> 
     6                                  
     7                                  ORG BOOT_LOAD               ;ÂêëÁºñËØëÂô®ÊåáÁ§∫Âä†ËΩΩÂú∞ÂùÄ
     8                                  
     9                                  entry:
    10 00000000 EB58                    	jmp ipl
    11                                  	;------------------
    12                                  	;BPB(BIOS Parameter Block)
    13                                  	;------------------
    14 00000002 90<rept>                	times 90 -($-$$) db 0x90
    15                                  
    16                                  	;----------------------------
    17                                  	;IPL(Initial Pragram Loader)
    18                                  	;----------------
    19                                  ipl:
    20 0000005A FA                      	cli ;//Á¶ÅÊ≠¢‰∏≠Êñ≠
    21                                  
    22 0000005B B80000                  	mov ax,0x0000
    23 0000005E 8ED8                    	mov ds , ax        ;//Â∞ÜÊÆµÂØÑÂ≠òÂô®ÈÉΩÂÖàËÆæÁΩÆ‰∏∫0
    24 00000060 8EC0                    	mov es , ax
    25 00000062 8ED0                    	mov ss , ax
    26 00000064 BC007C                  	mov sp , BOOT_LOAD   ;//Â∞ÜÊ†àÂ∫ïËÆæÁΩÆ‰∏∫bootÁ®ãÂ∫èÂºÄÂßãÁöÑÂú∞Êñπ
    27                                  
    28 00000067 FB                      	sti ;//ÂÖÅËÆ∏‰∏≠Êñ≠
    29                                  
    30 00000068 8816[B800]              	mov [BOOT + drive.no], dl;//dlÊòØ‰øùÂ≠òÂêØÂä®Á®ãÂ∫èÁöÑÂ§ñÈÉ®ËÆæÂ§áÁöÑÂ∫èÂè∑
    31                                  
    32 0000006C 68[9900]E84E0083C4-     	cdecl puts,.s0
    32 00000074 02                 
    33                                  
    34                                  	;-------------------
    35                                  	;ËØªÂèñÊé•‰∏ãÊù•ÊâÄÊúâÁöÑsector
    36                                  	;-------------------
    37                                  	
    38 00000075 BB0F00                  	mov bx,BOOT_SECT-1
    39 00000078 B9007E                  	mov cx,BOOT_LOAD + SECT_SIZE
    40                                  
    41 0000007B 515368[B800]E89B00-     	cdecl read_chs,BOOT,bx,cx   ;AX = read_chs(.chs,bx,cx)
    41 00000083 83C406             
    42                                  
    43 00000086 39D8                    	cmp ax,bx    ;//if(AX != Ââ©‰∏ãÁöÑsectorÊï∞)
    44 00000088 740C                    .10Q: jz .10E
    45 0000008A 68[A600]E8300083C4-     .10T: cdecl puts, .e0 ;//ÂèëÁîüÈîôËØØ
    45 00000092 02                 
    46 00000093 E84900                  	call reboot      ;//ÈáçÂêØ
    47                                  
    48                                  .10E:
    49 00000096 E94C02                  	jmp stage_2    ;//ÂêØÂä®Á®ãÂ∫èÁ¨¨‰∫å‰ΩçÁΩÆ
    50                                  
    51 00000099 426F6F74696E672E2E-     .s0 db "Booting...",0x0A,0x0D,0 ;//0x0AÊòØ‰∏ã‰∏ÄË°å,0x0DÊòØÂ∞ÜkernelÁßªÂà∞ÊúÄÂ∑¶Á´Ø,0‰ª£Ë°®Â≠óÁ¨¶‰∏≤ÁöÑÁªàÁªì
    51 000000A2 2E0A0D00           
    52 000000A6 4572726F723A736563-     .e0 db "Error:sector read",0 ;//ÈîôËØØ‰ø°ÊÅØ
    52 000000AF 746F72207265616400 
    53                                  
    54                                  ;*******************
    55                                  ;ÂêØÂä®È©±Âä®‰ø°ÊÅØ
    56                                  ;*******************
    57                                  ALIGN 2, db 0
    58                                  BOOT:
    59                                  	istruc drive
    60 000000B8 0000                    		at drive.no, dw 0
    61 000000BA 0000                    		at drive.cyln, dw 0
    62 000000BC 0000                    		at drive.head, dw 0
    63 000000BE 0200                    		at drive.sect, dw 2
    64                                  	iend
    65                                  
    66                                  ;**********************
    67                                  ;module
    68                                  ;***********************
    69                                  %include "../modules/real/puts.s"
     1                              <1> puts:
     2 000000C0 55                  <1> 	push bp
     3 000000C1 89E5                <1> 	mov bp,sp
     4                              <1> 
     5 000000C3 50                  <1> 	push ax
     6 000000C4 53                  <1> 	push bx
     7 000000C5 56                  <1> 	push si
     8                              <1> 
     9                              <1> 	;**************
    10                              <1> 	;»°µ√◊÷∑˚¥Æµƒø™ ºµÿ÷∑
    11                              <1> 	;**************
    12 000000C6 8B7604              <1> 	mov si,[bp+4]
    13                              <1> 
    14 000000C9 B40E                <1> 	mov ah,0x0E
    15 000000CB BB0000              <1> 	mov bx,0x0000
    16 000000CE FC                  <1> 	cld    ;//DF = 0 µÿ÷∑µ›‘ˆ
    17                              <1> 
    18                              <1> .10L:
    19                              <1> 	
    20 000000CF AC                  <1> 	lodsb ;//AL = *SI++
    21                              <1> 
    22 000000D0 3C00                <1> 	cmp al,0	;//if(AL == 0)
    23 000000D2 7404                <1> 	je	.10E	;//breal
    24                              <1> 
    25 000000D4 CD10                <1> 	int 0x10
    26 000000D6 EBF7                <1> 	jmp .10L
    27                              <1> .10E:
    28                              <1> 
    29 000000D8 5E                  <1> 	pop si
    30 000000D9 5B                  <1> 	pop bx
    31 000000DA 58                  <1> 	pop ax
    32                              <1> 
    33 000000DB 89EC                <1> 	mov sp,bp
    34 000000DD 5D                  <1> 	pop bp
    35                              <1> 
    36 000000DE C3                  <1> 	ret
    70                                  %include "../modules/real/reboot.s"
     1                              <1> reboot:
     2                              <1> 	;---------------------
     3                              <1> 	;±Ì æ÷ÿ∆Ù–≈œ¢
     4                              <1> 	;--------------------
     5 000000DF 68[FB00]E8DBFF83C4- <1> 	cdecl puts, .s0
     5 000000E7 02                  <1>
     6                              <1> 
     7                              <1> 	;-----------------
     8                              <1> 	;µ»¥˝ ‰»Î
     9                              <1> 	;-----------------
    10                              <1> 
    11                              <1> .10L:
    12                              <1> 	
    13 000000E8 B410                <1> 	mov ah,0x10
    14 000000EA CD16                <1> 	int 0x16
    15                              <1> 
    16 000000EC 3C00                <1> 	cmp al,''  ;//»Áπ˚ª∫≥Â«¯”– ˝æ›,µ»¥˝”√ªß ‰»Îªÿ≥µ
    17 000000EE 75F8                <1> 	jne .10L  
    18                              <1> 
    19                              <1> 	;------------------------------
    20                              <1> 	;ªª––
    21                              <1> 	;-----------------------------
    22                              <1> 
    23 000000F0 68[1901]E8CAFF83C4- <1> 	cdecl puts, .s1
    23 000000F8 02                  <1>
    24                              <1> 
    25 000000F9 CD19                <1> 	int 0x19 ;//÷ÿ∆Ù
    26                              <1> 
    27 000000FB 0A0D50555348205350- <1> .s0 db 0x0A,0x0D,"PUSH SPACE key to reboot...",0x0A
    27 00000104 414345206B65792074- <1>
    27 0000010D 6F207265626F6F742E- <1>
    27 00000116 2E2E0A              <1>
    28 00000119 0A0D0A0D00          <1> .s1 db 0x0A,0x0D,0x0A,0x0D,0
    71                                  %include "../modules/real/read_chs.s"
     1                              <1> read_chs:	
     2                              <1> 			; +8 ∏¥÷∆µƒƒøµƒµÿ
     3                              <1> 			; +6 sector ˝
     4                              <1> 			; +4 parameter  buffer
     5 0000011E 55                  <1> 	push bp
     6 0000011F 89E5                <1> 	mov bp,sp
     7 00000121 6A03                <1> 	push 3 ;//÷ÿ ‘µƒ¥Œ ˝
     8 00000123 6A00                <1> 	push 0 ;//∂¡»Îµƒsector ˝
     9                              <1> 
    10 00000125 53                  <1> 	push bx
    11 00000126 51                  <1> 	push cx
    12 00000127 52                  <1> 	push dx
    13 00000128 06                  <1> 	push es
    14 00000129 56                  <1> 	push si
    15                              <1> 
    16 0000012A 8B7604              <1> 	mov si,[bp+4]    ;SI = SRCª∫¥Ê
    17                              <1> 
    18                              <1> 	;------------------
    19                              <1> 	;CXºƒ¥Ê∆˜µƒ…Ë∂®
    20                              <1> 	;------------------
    21 0000012D 8A6C02              <1> 	mov ch,[si + drive.cyln+0]  ;//ch = cylinder∫≈
    22 00000130 8A4C03              <1> 	mov cl,[si + drive.cyln+1]  ;//cl = cylinder∫≈
    23 00000133 C0E106              <1> 	shl cl,6 ;// ch << 6  ˝æ›œÚ◊Ó∏ﬂŒª∂‘∆Î(cylinder∫≈10Œª)
    24 00000136 0A4C06              <1> 	or cl,[si + drive.sect]    ;//Ω´6Œªµƒsector∫≈…Ë÷√µΩcxºƒ¥Ê∆˜µƒµÕ¡˘Œª
    25                              <1> 
    26                              <1> 	;--------------------
    27                              <1> 	;∂¡»°sector
    28                              <1> 	;---------------------
    29 00000139 8A7404              <1> 	mov dh,[si + drive.head] ;//head∫≈
    30 0000013C 8A14                <1> 	mov dl,[si+0];         ;//«˝∂Ø∫≈
    31 0000013E B80000              <1> 	mov ax,0x0000        
    32 00000141 8EC0                <1> 	mov es,ax
    33 00000143 8B5E08              <1> 	mov bx,[bp+8]      ;//∏¥÷∆µƒƒøµƒµÿ
    34                              <1> .10L:
    35                              <1> 	
    36 00000146 B402                <1> 	mov ah,0x02     ;//∂¡»°sectorµƒ√¸¡Ó
    37 00000148 8A4606              <1> 	mov al,[bp+6] ;//sector ˝
    38                              <1> 
    39 0000014B CD13                <1> 	int 0X13
    40 0000014D 7304                <1> 	jnc .11E		;//»Áπ˚CF±ª…Ë÷√¡À
    41 0000014F B000                <1> 	mov al,0		;//al = 0
    42 00000151 EB0C                <1> 	jmp .10E
    43                              <1> 
    44                              <1> .11E:
    45                              <1> 
    46 00000153 3C00                <1> 	cmp al,0		
    47 00000155 7508                <1> 	jne .10E  ;//»Áπ˚”–∂¡µΩsector,‘Ú’˝≥£‘À––,∑Ò◊ﬂ÷ÿ ‘
    48                              <1> 
    49 00000157 B80000              <1> 	mov ax,0
    50 0000015A FF4EFE              <1> 	dec word[bp-2]
    51 0000015D 75E7                <1> 	jnz .10L
    52                              <1> .10E:
    53 0000015F B400                <1> 	mov ah,0
    54                              <1> 
    55 00000161 5E                  <1> 	pop si
    56 00000162 07                  <1> 	pop es
    57 00000163 5A                  <1> 	pop dx
    58 00000164 59                  <1> 	pop cx
    59 00000165 5B                  <1> 	pop bx
    60                              <1> 
    61 00000166 89EC                <1> 	mov sp,bp
    62 00000168 5D                  <1> 	pop bp
    63 00000169 C3                  <1> 	ret
    64                              <1> 
    65                              <1> 
    66                              <1> 
    67                              <1> 
    68                              <1> 
    69                              <1> 
    70                              <1> 
    72                                  ;******************
    73                                  ;boot_flag
    74                                  ;*******************
    75 0000016A 00<rept>                	times 510 -($-$$) db 0x00
    76 000001FE 55AA                    	db 0x55,0xAA
    77                                  
    78                                  ;*********************
    79                                  ;bootÂ§ÑÁêÜÁöÑÁ¨¨‰∫åÈò∂ÊÆµ
    80                                  ;*********************
    81                                  
    82                                  FONT:
    83 00000200 0000                    .seg dw 0
    84 00000202 0000                    .off dw 0
    85                                  
    86                                  
    87                                  ;********************
    88                                  ;modules
    89                                  ;********************
    90                                  %include "..\modules\real\itoa.s"
     1                              <1> itoa:
     2                              <1> 		;	+12|∑˚∫≈
     3                              <1> 		;	+10|ª˘ ˝
     4                              <1> 		;	+8 |ª∫¥Êµƒ¥Û–°
     5                              <1> 		;	+6 |ª∫¥Êµƒµÿ÷∑
     6                              <1> 		;	+4 | ˝÷µ
     7                              <1> 		;	+2 |IP (∑µªÿµÿ÷∑)
     8                              <1> 		; BP+0 | ‘≠¿¥µƒBP
     9                              <1> 
    10 00000204 55                  <1> 	push bp
    11 00000205 89E5                <1> 	mov bp,sp
    12                              <1> 
    13 00000207 50                  <1> 	push ax
    14 00000208 53                  <1> 	push bx
    15 00000209 51                  <1> 	push cx
    16 0000020A 52                  <1> 	push dx
    17 0000020B 56                  <1> 	push si
    18 0000020C 57                  <1> 	push di
    19                              <1> 
    20                              <1> 
    21 0000020D 8B4604              <1> 	mov ax,[bp + 4] ;//ax =  ˝÷µ
    22 00000210 8B7606              <1> 	mov si,[bp + 6] ;//si = ª∫¥Êµÿ÷∑
    23 00000213 8B4E08              <1> 	mov cx,[bp + 8] ;//cx = ª∫¥Êµÿ÷∑»›¡ø
    24 00000216 89F7                <1> 	mov di , si	  ;//di = ª∫¥Êµƒ◊Ó∫Û
    25 00000218 01CF                <1> 	add di , cx
    26 0000021A 4F                  <1> 	dec di
    27                              <1> 
    28 0000021B 8B5E0C              <1> 	mov bx,word[bp+12] ;//bx = flag
    29                              <1> 
    30                              <1> 	;--------------
    31                              <1> 	;≈–∂œ «∑Ò «”–∑˚∫≈ ˝
    32                              <1> 	;--------------
    33 0000021E F7C30100            <1> 	test bx,0b0001   ;//(bx&0x01) »Áπ˚◊Ó∫Û“ªŒª «1,Àµ√˜ «¥¯∑˚∫≈µƒ
    34 00000222 7408                <1> .10Q: je .10E       
    35 00000224 83F800              <1> 	 cmp ax,0        ;//»Áπ˚ ax < 0
    36 00000227 7D03                <1> .12Q: jge  .12E
    37 00000229 83CB02              <1> 	or   bx,0b0010  ;//±Ì æ∑˚∫≈
    38                              <1> .12E:
    39                              <1> .10E:
    40                              <1> 
    41                              <1> 
    42                              <1> 	;-------------------
    43                              <1> 	;≈–∂® ‰≥ˆ ≤√¥∑˚∫≈
    44                              <1> 	;--------------------
    45 0000022C F7C30200            <1> 	test bx,0b0010 ;//(bx&0x02) »Áπ˚ «≤ª «0,‘ÚÀµ√˜–Ë“™…Ë÷√∑˚∫≈
    46 00000230 7410                <1> .20Q: je .20E
    47 00000232 83F800              <1> 	 cmp ax,0
    48 00000235 7D07                <1> .22Q: jge .22F
    49 00000237 F7D8                <1> 	neg ax
    50 00000239 C6042D              <1> 	mov [si],byte'-'
    51 0000023C EB03                <1> 	jmp .22E
    52                              <1> .22F:
    53                              <1> 
    54 0000023E C6042B              <1> 	mov  [si],byte'+'
    55                              <1> .22E:
    56 00000241 49                  <1> 	dec cx   ;//size--
    57                              <1> 
    58                              <1> .20E:
    59                              <1> 
    60                              <1> 	;---------------------
    61                              <1> 	;ASCII±‰ªª
    62                              <1> 	;--------------------
    63 00000242 8B5E0A              <1> 	mov bx,[bp+10] ;//BX = ª˘ ˝
    64                              <1> .30L:
    65                              <1> 	
    66 00000245 BA0000              <1> 	mov dx,0
    67 00000248 F7F3                <1> 	div bx      ;//dx = AX%ª˘ ˝
    68                              <1> 				;//ax = AX/ª˘ ˝
    69 0000024A 89D6                <1> 	mov si,dx
    70 0000024C 8A94[7402]          <1> 	mov dl,byte[.ascii+si] ;//dl = ASCII[DX]
    71                              <1> 
    72 00000250 8815                <1> 	mov [di],dl  ;//*dst = dl
    73                              <1> 
    74 00000252 4F                  <1> 	dec di		; dst--;
    75                              <1> 
    76 00000253 83F800              <1> 	cmp ax,0             ;
    77 00000256 E0ED                <1> 	loopnz .30L   ;//while(ax)
    78                              <1> .30E:
    79                              <1> 	
    80                              <1> 	;-------------------
    81                              <1> 	;ÃÓ¬˙ªªª∫¥Ê £”‡ø’∏Ò
    82                              <1> 	;-------------------
    83                              <1> 
    84 00000258 83F900              <1> 	cmp cx,0  ;//»Áπ˚√ª”–ª∫¥Ê £”‡‘ÚÕÍ≥…
    85 0000025B 740D                <1> .40Q: je   .40E
    86 0000025D B020                <1> 	  mov  al,' ' ;//ø’◊÷∑˚ÃÓ≥‰
    87 0000025F 837E0C04            <1> 	  cmp [bp+12],word 0b0100 
    88 00000263 7502                <1> .42Q jne .42E
    89 00000265 B030                <1> 	 mov al,'0'  ;// ”√0ÃÓ≥‰
    90                              <1> .42E:
    91 00000267 FD                  <1> 	std       ;//DF = 1 (µÿ÷∑µ›ºı)
    92 00000268 F3AA                <1> 	rep stosb    ;//while(--CX) *DI-- = al;
    93                              <1> .40E:
    94                              <1> 
    95 0000026A 5F                  <1> 	pop di
    96 0000026B 5E                  <1> 	pop si
    97 0000026C 5A                  <1> 	pop dx
    98 0000026D 59                  <1> 	pop cx
    99 0000026E 5B                  <1> 	pop bx
   100 0000026F 58                  <1> 	pop ax
   101                              <1> 
   102 00000270 89EC                <1> 	mov sp,bp
   103 00000272 5D                  <1> 	pop bp
   104                              <1> 
   105 00000273 C3                  <1> 	ret
   106                              <1> 
   107 00000274 303132333435363738- <1> .ascii db "0123456789ABCDEF"
   107 0000027D 39414243444546      <1>
    91                                  %include "..\modules\real\get_drive_param.s"
     1                              <1> get_drive_param:
     2                              <1> 	
     3                              <1> 
     4                              <1> 
     5 00000284 55                  <1> 	push bp
     6 00000285 89E5                <1> 	mov bp,sp
     7                              <1> 
     8                              <1> 
     9 00000287 53                  <1> 	push bx
    10 00000288 51                  <1> 	push cx
    11 00000289 06                  <1> 	push es
    12 0000028A 56                  <1> 	push si
    13 0000028B 57                  <1> 	push di
    14                              <1> 
    15                              <1> 
    16                              <1> 
    17 0000028C 8B7604              <1> 	mov si,[bp+4]
    18                              <1> 
    19 0000028F B80000              <1> 	mov ax,0   ;//Disk Base Table Pointer§Œ≥ı∆⁄ªØ
    20 00000292 8EC0                <1> 	mov es,ax
    21 00000294 89C7                <1> 	mov di,ax  
    22                              <1> 
    23 00000296 B408                <1> 	mov ah,8 ;//»°µ√drive parameters
    24 00000298 8A14                <1> 	mov dl,[si+drive.no] ;//dl = drive∫≈
    25 0000029A CD13                <1> 	int 0x13
    26 0000029C 721B                <1> .10Q: jc   .10F
    27                              <1> .10T:
    28 0000029E 88C8                <1> 	mov al,cl
    29 000002A0 83E03F              <1> 	and ax,0x3F ;//◊ÓµÕ¡˘Œª
    30                              <1> 
    31 000002A3 C0E906              <1> 	shr  cl,6;    CX = cylinder ˝
    32 000002A6 C1C908              <1> 	ror cx,8;	
    33 000002A9 41                  <1> 	inc cx ;	cylinder¥”1º∆ ˝
    34                              <1> 
    35 000002AA 0FB6DE              <1> 	movzx bx,dh     ;bx = head ˝
    36 000002AD 43                  <1> 	inc bx			
    37                              <1> 
    38 000002AE 894C02              <1> 	mov  [si+drive.cyln],cx
    39 000002B1 895C04              <1> 	mov  [si+drive.head],bx
    40 000002B4 894406              <1> 	mov  [si+drive.sect],ax
    41                              <1> 
    42 000002B7 EB03                <1> 	jmp .10E
    43                              <1> .10F:
    44 000002B9 B80000              <1> 	mov ax,0
    45                              <1> .10E:
    46 000002BC 5F                  <1> 	pop di
    47 000002BD 5E                  <1> 	pop si
    48 000002BE 07                  <1> 	pop es
    49 000002BF 59                  <1> 	pop cx
    50 000002C0 5B                  <1> 	pop bx
    51                              <1> 
    52 000002C1 89EC                <1> 	mov sp,bp
    53 000002C3 5D                  <1> 	pop bp
    54                              <1> 
    55 000002C4 C3                  <1> 	ret
    92                                  %include "..\modules\real\get_font_adr.s"
     1                              <1> get_font_adr:
     2                              <1> 	
     3 000002C5 55                  <1> 	push bp
     4 000002C6 89E5                <1> 	mov bp,sp
     5                              <1> 
     6 000002C8 50                  <1> 	push ax
     7 000002C9 53                  <1> 	push bx
     8 000002CA 56                  <1> 	push si
     9 000002CB 06                  <1> 	push es
    10 000002CC 55                  <1> 	push bp
    11                              <1> 
    12                              <1> 
    13 000002CD 8B7604              <1> 	mov si,[bp + 4]
    14                              <1> 
    15 000002D0 B83011              <1> 	mov ax,0x1130 ;//ªÒ»°font address 
    16 000002D3 B706                <1> 	mov bh,0x06	  ;//8x16
    17 000002D5 CD10                <1> 	int 10h       ;//±£¥Ê‘⁄ES:BP÷–
    18                              <1> 
    19                              <1> 	;//±£¥Êfont address
    20 000002D7 8C04                <1> 	mov [si + 0],es
    21 000002D9 896C02              <1> 	mov [si + 2],bp
    22                              <1> 
    23 000002DC 5D                  <1> 	pop		bp
    24 000002DD 07                  <1> 	pop		es
    25 000002DE 5E                  <1> 	pop		si
    26 000002DF 5B                  <1> 	pop		bx
    27 000002E0 58                  <1> 	pop		ax
    28                              <1> 
    29 000002E1 89EC                <1> 	mov sp,bp
    30 000002E3 5D                  <1> 	pop bp
    31                              <1> 
    32 000002E4 C3                  <1> 	ret
    93                                  
    94                                  stage_2:
    95 000002E5 68[5F03]E8D5FD83C4-     	cdecl puts, .s0
    95 000002ED 02                 
    96                                  
    97                                  	;-----------------
    98                                  	;ÂèñÂæódriveÁöÑ‰ø°ÊÅØ
    99                                  	;---------------;
   100                                  
   101 000002EE 68[B800]E890FF83C4-     	cdecl get_drive_param,BOOT ;(get_drive_param(DX,BOOT.CYLN))
   101 000002F6 02                 
   102 000002F7 83F800                  	cmp ax,0
   103 000002FA 750C                    .10Q: jne .10E
   104 000002FC 68[9003]E8BEFD83C4-     .10T: cdecl puts,.e0
   104 00000304 02                 
   105 00000305 E8D7FD                  	call reboot
   106                                  .10E:
   107 00000308 A1[B800]                	mov ax,[BOOT + drive.no]
   108 0000030B 6A046A106A0268-         	cdecl itoa,ax,.p1,2,16,0b0100
   108 00000312 [7703]50E8ECFE83C4-
   108 0000031A 0A                 
   109 0000031B A1[BA00]                	mov ax,[BOOT + drive.cyln]
   110 0000031E 6A046A106A0268-         	cdecl itoa,ax,.p2,2,16,0b0100
   110 00000325 [7E03]50E8D9FE83C4-
   110 0000032D 0A                 
   111 0000032E A1[BC00]                	mov ax,[BOOT + drive.head]
   112 00000331 6A046A106A0268-         	cdecl itoa,ax,.p3,2,16,0b0100
   112 00000338 [8503]50E8C6FE83C4-
   112 00000340 0A                 
   113 00000341 A1[BE00]                	mov ax,[BOOT + drive.sect]
   114 00000344 6A046A106A0268-         	cdecl itoa,ax,.p4,2,16,0b0100
   114 0000034B [8C03]50E8B3FE83C4-
   114 00000353 0A                 
   115                                  
   116 00000354 68[6E03]E866FD83C4-     	cdecl puts, .s1
   116 0000035C 02                 
   117                                  
   118 0000035D EB4D                    	jmp stage_3rd
   119                                  
   120 0000035F 326E64207374616765-     .s0 db "2nd stage...",0X0A,0x0D,0
   120 00000368 2E2E2E0A0D00       
   121                                  
   122 0000036E 2044726976653A3078      .s1 db " Drive:0x"
   123 00000377 202C20433A3078          .p1 db " , C:0x" 
   124 0000037E 202C20483A3078          .p2 db " , H:0x" 
   125 00000385 202C20533A3078          .p3 db " , S:0x" 
   126 0000038C 200A0D00                .p4 db " ", 0X0A,0X0D,0 
   127 00000390 43616E272074206765-     .e0 db "Can' t get drive parameter.", 0
   127 00000399 742064726976652070-
   127 000003A2 6172616D657465722E-
   127 000003AB 00                 
   128                                  
   129                                  ;**************************
   130                                  ;stage3
   131                                  ;**************************
   132                                  
   133                                  stage_3rd:
   134 000003AC 68[EF03]E80EFD83C4-     	cdecl puts,.s0
   134 000003B4 02                 
   135                                  	
   136 000003B5 68[0002]E80AFF83C4-     	cdecl get_font_adr,FONT
   136 000003BD 02                 
   137                                  
   138                                  	;------------
   139                                  	;//Ë°®Á§∫font address
   140                                  	;------------
   141                                  
   142 000003BE 6A046A106A0468-         	cdecl itoa, word[FONT.seg],.p1,4,16,0b0100
   142 000003C5 [0B04]FF36[0002]E8-
   142 000003CC 36FE83C40A         
   143 000003D1 6A046A106A0468-         	cdecl itoa, word[FONT.off],.p2,4,16,0b0100
   143 000003D8 [0F04]FF36[0202]E8-
   143 000003DF 23FE83C40A         
   144 000003E4 68[FE03]E8D6FC83C4-     	cdecl puts ,.s1
   144 000003EC 02                 
   145                                  
   146 000003ED EBFE                    	jmp $
   147                                  
   148 000003EF 337264207374616765-     .s0 db "3rd stage...",0x0A,0X0D,0
   148 000003F8 2E2E2E0A0D00       
   149 000003FE 466F6E742041646472-     .s1 db "Font Address="
   149 00000407 6573733D           
   150 0000040B 5A5A5A5A                .p1 db "ZZZZ"
   151 0000040F 5A5A5A5A0A0D00          .p2 db "ZZZZ",0x0A,0x0D,0
   152 00000416 0A0D00                  	db 0x0A,0X0D,0
   153                                  
   154                                  ;**********************
   155                                  ;padding
   156                                  ;**********************
   157 00000419 00<rept>                	times BOOT_SIZE-($-$$) db 0 ;//8KB
