     1                                  %include "../include/define.s"
     1                              <1> BOOT_LOAD equ 0x7C00      ;//boot程序加载地址
     2                              <1> BOOT_SIZE equ (1024 * 8)  ;//boot代码段大小
     3                              <1> BOOT_END  equ (BOOT_LOAD + BOOT_SIZE) ;
     4                              <1> 
     5                              <1> SECT_SIZE equ (512)       ;//sector大小
     6                              <1> BOOT_SECT equ (BOOT_SIZE / SECT_SIZE)   ;//boot的sector数
     7                              <1> 
     8                              <1> E820_RECORD_SIZE equ 20
     9                              <1> 
    10                              <1> KERNEL_LOAD equ 0x0010_1000
    11                              <1> KERNEL_SIZE equ (1024*8) ;//kernel的大小仍然是8k
    12                              <1> KERNEL_SECT equ (KERNEL_SIZE / SECT_SIZE)
     2                                  %include "../include/macro.s"
     1                              <1> %macro cdecl 1-*.nolist  ;//1-*是一个以上的参数
     2                              <1> 
     3                              <1> 	%rep %0 - 1         ;//%0是参数的个数
     4                              <1> 		push %{-1:-1}  ;//%将参数倒着压栈
     5                              <1> 		%rotate -1   
     6                              <1> 	%endrep
     7                              <1> 	%rotate -1      ;//恢复原来的参数
     8                              <1> 
     9                              <1> 	call %1
    10                              <1> 	%if 1 < %0
    11                              <1> 		add sp,(__BITS__ >> 3)*(%0 - 1)     ;//__BITS__是表示16比特模式还是32比特模式
    12                              <1> 	%endif									;//给每个参数分配栈空间
    13                              <1> %endmacro
    14                              <1> 
    15                              <1> struc drive
    16 00000000 <res 00000002>      <1> 	.no resw 1	 ;驱动号
    17 00000002 <res 00000002>      <1> 	.cyln resw 1 ;cylinder
    18 00000004 <res 00000002>      <1> 	.head resw 1 ;head
    19 00000006 <res 00000002>      <1> 	.sect resw 1 ;sector
    20                              <1> endstruc
    21                              <1> 
     3                                  	
     4                                  	ORG KERNEL_LOAD
     5                                  
     6                                  [BITS 32]
     7                                  ;*******************
     8                                  ;entry  point
     9                                  ;*******************
    10                                  kernel:
    11                                  	;----------------------
    12                                  	;获取font address
    13                                  	;----------------------
    14 00000000 BE007E0000              	mov esi,BOOT_LOAD + SECT_SIZE ;ESI = 0x7C00 + 512
    15 00000005 0FB706                  	movzx eax,word[esi + 0]				;//eax = segment
    16 00000008 0FB75E02                	movzx ebx,word[esi + 2]				;//ebx = offset
    17 0000000C C1E004                  	shl eax,4
    18 0000000F 01D8                    	add eax,ebx
    19 00000011 A3[4C000000]            	mov [FONT_ADR],eax					;FONT_ADR[0] = eax
    20                                  
    21                                  	;------------------------------
    22                                  	;表示文字一览
    23                                  	;------------------------------
    24 00000016 6A0D6A3FE8A8010000-     	cdecl draw_font, 63,13
    24 0000001F 6683C408           
    25                                  	;------------------
    26                                  	;打印字符串
    27                                  	;-------------------
    28 00000023 68[3C000000]680F01-     	cdecl draw_str,25,14,0x010F,.s0 ; 
    28 0000002B 00006A0E6A19E8D601-
    28 00000034 00006683C410       
    29                                  
    30                                  
    31 0000003A EBFE                    	jmp $
    32 0000003C 48656C6C6F2C206B65-     .s0 db "Hello, kernel!",0
    32 00000045 726E656C2100       
    33                                  
    34 0000004B 00                      ALIGN 4,db 0
    35 0000004C 00000000                FONT_ADR: dd 0
    36                                  
    37                                  
    38                                  ;*************************
    39                                  ;model
    40                                  ;*************************
    41                                  %include "../modules/protect/vga.s"
     1                              <1> vga_set_read_plane:
     2                              <1> 	
     3 00000050 55                  <1> 		push	ebp	
     4 00000051 89E5                <1> 		mov		ebp, esp						
     5                              <1> 
     6 00000053 50                  <1> 		push	eax
     7 00000054 52                  <1> 		push	edx
     8                              <1> 
     9                              <1> 		;---------------------------------------
    10                              <1> 		;选择读取的plane
    11                              <1> 		;---------------------------------------
    12 00000055 8A6508              <1> 		mov		ah, [ebp + 8]					; AH  = 指定读取的palne(----RGB)
    13 00000058 80E403              <1> 		and		ah, 0x03						; AH &= 0x03; // mask掉不要的bit
    14 0000005B B004                <1> 		mov		al, 0x04						; AL  = 读取map选择寄存器
    15 0000005D 66BACE03            <1> 		mov		dx, 0x03CE						; DX  = 图像控制端口
    16 00000061 66EF                <1> 		out		dx, ax							; // 端口输出
    17                              <1> 
    18 00000063 5A                  <1> 		pop		edx
    19 00000064 58                  <1> 		pop		eax
    20 00000065 89EC                <1> 		mov		esp, ebp
    21 00000067 5D                  <1> 		pop		ebp
    22                              <1> 
    23 00000068 C3                  <1> 		ret
    24                              <1> 
    25                              <1> vga_set_write_plane:
    26                              <1> 											
    27 00000069 55                  <1> 		push	ebp								
    28 0000006A 89E5                <1> 		mov		ebp, esp						
    29                              <1> 											
    30 0000006C 50                  <1> 		push	eax
    31 0000006D 52                  <1> 		push	edx
    32                              <1> 
    33                              <1> 		;---------------------------------------
    34                              <1> 		; 选择写入的plane
    35                              <1> 		;---------------------------------------
    36 0000006E 8A6508              <1> 		mov		ah, [ebp + 8]					; AH = 指定写入的plane(Bit:----IRGB)
    37 00000071 80E40F              <1> 		and		ah, 0x0F						; AH = 0x0F; // mask掉不需要的比特
    38 00000074 B002                <1> 		mov		al, 0x02						; AL = 指定写入plane
    39 00000076 66BAC403            <1> 		mov		dx, 0x03C4						; DX = sequence控制端口
    40 0000007A 66EF                <1> 		out		dx, ax							; // 端口输出
    41                              <1> 
    42                              <1> 
    43 0000007C 5A                  <1> 		pop		edx
    44 0000007D 58                  <1> 		pop		eax
    45                              <1> 
    46 0000007E 89EC                <1> 		mov		esp, ebp
    47 00000080 5D                  <1> 		pop		ebp
    48                              <1> 
    49 00000081 C3                  <1> 		ret
    50                              <1> 
    51                              <1> ;
    52                              <1> vram_font_copy:
    53                              <1> 
    54                              <1> 
    55 00000082 55                  <1> 		push	ebp							
    56 00000083 89E5                <1> 		mov		ebp, esp						
    57                              <1> 
    58 00000085 50                  <1> 		push	eax
    59 00000086 53                  <1> 		push	ebx
    60 00000087 51                  <1> 		push	ecx
    61 00000088 52                  <1> 		push	edx
    62 00000089 56                  <1> 		push	esi
    63 0000008A 57                  <1> 		push	edi
    64                              <1> 
    65                              <1> 		;---------------------------------------
    66                              <1> 		; 获取参数
    67                              <1> 		;---------------------------------------
    68 0000008B 8B7508              <1> 		mov		esi, [ebp + 8]					; ESI = font地址
    69 0000008E 8B7D0C              <1> 		mov		edi, [ebp +12]					; EDI = VRAM地址;
    70 00000091 0FB64510            <1> 		movzx	eax, byte [ebp +16]				; EAX = plane(用比特指定);
    71 00000095 0FB75D14            <1> 		movzx	ebx, word [ebp +20]				; EBX = 颜色;
    72                              <1> 
    73                              <1> 		;//背景色或者前景色包含plane的时候设置为0xff,不包含的时候设置为0x00
    74                              <1> 
    75 00000099 84C7                <1> 		test	bh, al							; ZF = (背景色 & plane);
    76 0000009B 0F94C6              <1> 		setz	dh								; AH = ZF ? 0x01 : 0x00
    77 0000009E FECE                <1> 		dec		dh								; AH--; // 0x00 or 0xFF
    78                              <1> 
    79 000000A0 84C3                <1> 		test	bl, al							; ZF = (前景色 & plane);
    80 000000A2 0F94C2              <1> 		setz	dl								; AL = ZF ? 0x01 : 0x00
    81 000000A5 FECA                <1> 		dec		dl								; AL--; // 0x00 or 0xFF
    82                              <1> 
    83                              <1> 		;---------------------------------------
    84                              <1> 		; 复制16个点的font
    85                              <1> 		;---------------------------------------
    86 000000A7 FC                  <1> 		cld										; DF  = 0; 
    87                              <1> 
    88 000000A8 B910000000          <1> 		mov		ecx, 16							; ECX = 16; // 16个点
    89                              <1> .10L:											; do
    90                              <1> 												; {
    91                              <1> 		;---------------------------------------
    92                              <1> 		; 生成font_mask
    93                              <1> 		;---------------------------------------
    94 000000AD AC                  <1> 		lodsb									;   AL  = *ESI++; //  font
    95 000000AE 88C4                <1> 		mov		ah, al							;   AH ~= AL;     // !font(比特反转)
    96 000000B0 F6D4                <1> 		not		ah								;   
    97                              <1> 
    98                              <1> 		;---------------------------------------
    99                              <1> 		; 前景色
   100                              <1> 		;---------------------------------------
   101 000000B2 20D0                <1> 		and		al, dl							;   AL =前景色 & font;
   102                              <1> 
   103                              <1> 		;---------------------------------------
   104                              <1> 		; 背景色
   105                              <1> 		;---------------------------------------
   106 000000B4 F7C310000000        <1> 		test	ebx, 0x0010						;   if (透明模式)
   107 000000BA 7404                <1> 		jz		.11F							;   {
   108 000000BC 2227                <1> 		and		ah, [edi]						;     AH = !font & [EDI] // 现在值
   109 000000BE EB02                <1> 		jmp		.11E							;   }
   110                              <1> .11F:											;   else
   111                              <1> 												;   {
   112 000000C0 20F4                <1> 		and		ah, dh							;     AH = !font & 背景色;
   113                              <1> .11E:											;   }
   114                              <1> 
   115                              <1> 		;---------------------------------------
   116                              <1> 		; 前景色和背景色的合成
   117                              <1> 		;---------------------------------------
   118 000000C2 08E0                <1> 		or		al, ah							;   AL  = 前景 | 背景;
   119                              <1> 
   120                              <1> 		;---------------------------------------
   121                              <1> 		; 输出新的值
   122                              <1> 		;---------------------------------------
   123 000000C4 8807                <1> 		mov		[edi], al						;   [EDI] = AL; // 写入plane
   124                              <1> 
   125 000000C6 83C750              <1> 		add		edi, 80							;   EDI += 80;(font是30x80)
   126 000000C9 E2E2                <1> 		loop	.10L							; } while (--ECX);
   127                              <1> .10E:											; 
   128 000000CB 5F                  <1> 		pop		edi
   129 000000CC 5E                  <1> 		pop		esi
   130 000000CD 5A                  <1> 		pop		edx
   131 000000CE 59                  <1> 		pop		ecx
   132 000000CF 5B                  <1> 		pop		ebx
   133 000000D0 58                  <1> 		pop		eax
   134                              <1> 
   135 000000D1 89EC                <1> 		mov		esp, ebp
   136 000000D3 5D                  <1> 		pop		ebp
   137                              <1> 
   138 000000D4 C3                  <1> 		ret
   139                              <1> 
   140                              <1> vram_bit_copy:
   141                              <1> 
   142 000000D5 55                  <1> 		push	ebp							
   143 000000D6 89E5                <1> 		mov		ebp, esp						
   144                              <1> 												
   145 000000D8 50                  <1> 		push	eax
   146 000000D9 53                  <1> 		push	ebx
   147 000000DA 57                  <1> 		push	edi
   148                              <1> 
   149                              <1> 		;---------------------------------------
   150                              <1> 		; 获取参数
   151                              <1> 		;---------------------------------------
   152 000000DB 8B7D0C              <1> 		mov		edi, [ebp +12]					; EDI = VRAM地址
   153 000000DE 0FB64510            <1> 		movzx	eax, byte [ebp +16]				; EAX = palne(bit);
   154 000000E2 0FB75D14            <1> 		movzx	ebx, word [ebp +20]				; EBX = 表示颜色;
   155                              <1> 
   156 000000E6 84C3                <1> 		test	bl, al							; ZF = (前景色 & plane);
   157 000000E8 0F94C3              <1> 		setz	bl								; BL = ZF ? 0x01 : 0x00
   158 000000EB FECB                <1> 		dec		bl								; BL--; // 0x00 or 0xFF
   159                              <1> 
   160                              <1> 		;---------------------------------------
   161                              <1> 		; 输出比特模式的反
   162                              <1> 		;---------------------------------------
   163 000000ED 8A4508              <1> 		mov		al, [ebp + 8]					; AL = 输出比特模式
   164 000000F0 88C4                <1> 		mov		ah, al							; AH ~= AL;     // ! 输出比特模式
   165 000000F2 F6D4                <1> 		not		ah								; 
   166                              <1> 
   167                              <1> 		;---------------------------------------
   168                              <1> 		; 生成输入的值
   169                              <1> 		;---------------------------------------
   170 000000F4 2227                <1> 		and		ah, [edi]						; AH  =  ! 输出比特模式 & 现在值
   171 000000F6 20D8                <1> 		and		al, bl							; AL  = 输出比特模式 &  表示色
   172 000000F8 08E0                <1> 		or		al, ah							; AL |= AH;
   173                              <1> 
   174                              <1> 		;---------------------------------------
   175                              <1> 		; 数据写入
   176                              <1> 		;---------------------------------------
   177 000000FA 8807                <1> 		mov		[edi], al						; [EDI] = BL; // 写入palne
   178                              <1> 
   179                              <1> 
   180 000000FC 5F                  <1> 		pop		edi
   181 000000FD 5B                  <1> 		pop		ebx
   182 000000FE 58                  <1> 		pop		eax
   183                              <1> 
   184 000000FF 89EC                <1> 		mov		esp, ebp
   185 00000101 5D                  <1> 		pop		ebp
   186                              <1> 
   187 00000102 C3                  <1> 		ret
   188                              <1> 
    42                                  %include "../modules/protect/draw_char.s"
     1                              <1> draw_char:
     2                              <1> 
     3 00000103 55                  <1> 		push	ebp			
     4 00000104 89E5                <1> 		mov		ebp, esp	
     5                              <1> 											
     6                              <1> 
     7 00000106 50                  <1> 		push	eax
     8 00000107 53                  <1> 		push	ebx
     9 00000108 51                  <1> 		push	ecx
    10 00000109 52                  <1> 		push	edx
    11 0000010A 56                  <1> 		push	esi
    12 0000010B 57                  <1> 		push	edi
    13                              <1> 
    14                              <1> 		;---------------------------------------
    15                              <1> 		; 取得参数
    16                              <1> 		;---------------------------------------
    17 0000010C 0FB67514            <1> 		movzx	esi, byte [ebp +20]				; ESI  = 字符码
    18 00000110 C1E604              <1> 		shl		esi, 4							; CL *= 16; // 1字符16byte
    19 00000113 0335[4C000000]      <1> 		add		esi, [FONT_ADR]					; ESI = font地址;
    20                              <1> 
    21                              <1> 		;---------------------------------------
    22                              <1> 		; 取得复制目的地的地址
    23                              <1> 		; Adr = 0xA0000 + (640 / 8 * 16) * y + x
    24                              <1> 		;---------------------------------------
    25 00000119 8B7D0C              <1> 		mov		edi, [ebp +12]					; Y(行)
    26 0000011C C1E708              <1> 		shl		edi, 8							; EDI = Y * 256;
    27 0000011F 8DBCBF00000A00      <1> 		lea		edi, [edi * 4 + edi + 0xA0000]	; EDI = Y *   4 + Y;
    28 00000126 037D08              <1> 		add		edi, [ebp + 8]					; X(列)
    29                              <1> 
    30                              <1> 		;---------------------------------------
    31                              <1> 		; 输出一字符的font
    32                              <1> 		;---------------------------------------
    33 00000129 0FB75D10            <1> 		movzx	ebx, word [ebp +16]				; // 颜色
    34                              <1> 
    35 0000012D 6A03E81CFFFFFF6683- <1> 		cdecl	vga_set_read_plane, 0x03		; // 写入plane(亮度:I)
    35 00000136 C404                <1>
    36 00000138 6A08E82AFFFFFF6683- <1> 		cdecl	vga_set_write_plane, 0x08		; // 输出plane(亮度:I)
    36 00000141 C404                <1>
    37 00000143 536A085756E835FFFF- <1> 		cdecl	vram_font_copy, esi, edi, 0x08, ebx
    37 0000014C FF6683C410          <1>
    38                              <1> 
    39 00000151 6A02E8F8FEFFFF6683- <1> 		cdecl	vga_set_read_plane, 0x02		; //写入plane(红:R)
    39 0000015A C404                <1>
    40 0000015C 6A04E806FFFFFF6683- <1> 		cdecl	vga_set_write_plane, 0x04		; //输出plane(红:R)
    40 00000165 C404                <1>
    41 00000167 536A045756E811FFFF- <1> 		cdecl	vram_font_copy, esi, edi, 0x04, ebx
    41 00000170 FF6683C410          <1>
    42                              <1> 
    43 00000175 6A01E8D4FEFFFF6683- <1> 		cdecl	vga_set_read_plane, 0x01		; // 写入plane(绿:G)
    43 0000017E C404                <1>
    44 00000180 6A02E8E2FEFFFF6683- <1> 		cdecl	vga_set_write_plane, 0x02		; // 输出plane(绿:G)
    44 00000189 C404                <1>
    45 0000018B 536A025756E8EDFEFF- <1> 		cdecl	vram_font_copy, esi, edi, 0x02, ebx
    45 00000194 FF6683C410          <1>
    46                              <1> 
    47 00000199 6A00E8B0FEFFFF6683- <1> 		cdecl	vga_set_read_plane, 0x00		; // 写入plane(蓝:B)
    47 000001A2 C404                <1>
    48 000001A4 6A01E8BEFEFFFF6683- <1> 		cdecl	vga_set_write_plane, 0x01		; // 输出plane(蓝:B)
    48 000001AD C404                <1>
    49 000001AF 536A015756E8C9FEFF- <1> 		cdecl	vram_font_copy, esi, edi, 0x01, ebx
    49 000001B8 FF6683C410          <1>
    50                              <1> 
    51                              <1> 
    52 000001BD 5F                  <1> 		pop		edi
    53 000001BE 5E                  <1> 		pop		esi
    54 000001BF 5A                  <1> 		pop		edx
    55 000001C0 59                  <1> 		pop		ecx
    56 000001C1 5B                  <1> 		pop		ebx
    57 000001C2 58                  <1> 		pop		eax
    58                              <1> 
    59 000001C3 89EC                <1> 		mov		esp, ebp
    60 000001C5 5D                  <1> 		pop		ebp
    61                              <1> 
    62 000001C6 C3                  <1> 		ret
    63                              <1> 
    43                                  %include "../modules/protect/draw_font.s"
     1                              <1> draw_font:
     2 000001C7 55                  <1> 		push	ebp		
     3 000001C8 89E5                <1> 		mov		ebp, esp		
     4                              <1> 							
     5                              <1> 
     6 000001CA 50                  <1> 		push	eax
     7 000001CB 53                  <1> 		push	ebx
     8 000001CC 51                  <1> 		push	ecx
     9 000001CD 52                  <1> 		push	edx
    10 000001CE 56                  <1> 		push	esi
    11 000001CF 57                  <1> 		push	edi
    12                              <1> 
    13 000001D0 8B7508              <1> 		mov		esi, [ebp + 8]					; ESI = X(列)
    14 000001D3 8B7D0C              <1> 		mov		edi, [ebp +12]					; EDI = Y(行)
    15                              <1> 
    16                              <1> 		;---------------------------------------
    17                              <1> 		; tHg\
    18                              <1> 		;---------------------------------------
    19 000001D6 B900000000          <1> 		mov		ecx, 0							; for (ECX = 0;
    20 000001DB 81F900010000        <1> .10L:	cmp		ecx, 256						;      ECX < 256;
    21 000001E1 731F                <1> 		jae		.10E							; 
    22                              <1> 												;      ECX++)
    23                              <1> 												; {
    24                              <1> 												;   // 一行表示16个字符,列位置
    25 000001E3 89C8                <1> 		mov		eax, ecx						;   EAX  = ECX;
    26 000001E5 83E00F              <1> 		and		eax, 0x0F						;   EAX &= 0x0F
    27 000001E8 01F0                <1> 		add		eax, esi						;   EAX += X;
    28                              <1> 												;   
    29                              <1> 												;   // 行位置
    30 000001EA 89CB                <1> 		mov		ebx, ecx						;   EBX  = ECX;
    31 000001EC C1EB04              <1> 		shr		ebx, 4							;   EBX /= 16
    32 000001EF 01FB                <1> 		add		ebx, edi						;   EBX += Y;
    33                              <1> 
    34 000001F1 516A075350E808FFFF- <1> 		cdecl	draw_char, eax, ebx, 0x07, ecx	;   draw_char();
    34 000001FA FF6683C410          <1>
    35                              <1> 
    36 000001FF 41                  <1> 		inc		ecx								;   // for (... ECX++)
    37 00000200 EBD9                <1> 		jmp		.10L							; 
    38                              <1> .10E:											; }
    39                              <1> 
    40                              <1> 
    41 00000202 5F                  <1> 		pop		edi
    42 00000203 5E                  <1> 		pop		esi
    43 00000204 5A                  <1> 		pop		edx
    44 00000205 59                  <1> 		pop		ecx
    45 00000206 5B                  <1> 		pop		ebx
    46 00000207 58                  <1> 		pop		eax
    47                              <1> 
    48 00000208 89EC                <1> 		mov		esp, ebp
    49 0000020A 5D                  <1> 		pop		ebp
    50                              <1> 
    51 0000020B C3                  <1> 		ret
    52                              <1> 
    44                                  %include "../modules/protect/draw_str.s"
     1                              <1> draw_str:
     2                              <1> 
     3 0000020C 55                  <1> 		push	ebp							
     4 0000020D 89E5                <1> 		mov		ebp, esp					
     5                              <1> 
     6                              <1> 
     7 0000020F 50                  <1> 		push	eax
     8 00000210 53                  <1> 		push	ebx
     9 00000211 51                  <1> 		push	ecx
    10 00000212 52                  <1> 		push	edx
    11 00000213 56                  <1> 		push	esi
    12                              <1> 
    13                              <1> 		;---------------------------------------
    14                              <1> 		; 获取参数
    15                              <1> 		;---------------------------------------
    16 00000214 8B4D08              <1> 		mov		ecx, [ebp + 8]					; ECX = 列;
    17 00000217 8B550C              <1> 		mov		edx, [ebp +12]					; EDX = 行;
    18 0000021A 0FB75D10            <1> 		movzx	ebx, word [ebp + 16]			; EBX = 颜色;
    19 0000021E 8B7514              <1> 		mov		esi, [ebp +20]					; ESI = 字符串地址;
    20                              <1> 
    21 00000221 FC                  <1> 		cld										; DF = 0; // 正方向
    22                              <1> .10L:											; do
    23                              <1> 												; {
    24 00000222 AC                  <1> 		lodsb									;   AL = *ESI++; // 
    25 00000223 3C00                <1> 		cmp		al, 0							;   if (0 == AL)
    26 00000225 7425                <1> 		je		.10E							;     break;
    27                              <1> 
    28 00000227 50535251E8D3FEFFFF- <1> 		cdecl	draw_char, ecx, edx, ebx, eax	;   draw_char();
    28 00000230 6683C410            <1>
    29                              <1> 
    30                              <1> 		; u
    31 00000234 41                  <1> 		inc		ecx								;   ECX++;           // 列+1
    32 00000235 83F950              <1> 		cmp		ecx, 80							;   if (80 <= ECX)   // 80列超过的话要换行
    33 00000238 7C10                <1> 		jl		.12E							;   {
    34 0000023A B900000000          <1> 		mov		ecx, 0							;     ECX = 0;       // 列 = 0
    35 0000023F 42                  <1> 		inc		edx								;     EDX++;         // 行 + 1
    36 00000240 83FA1E              <1> 		cmp		edx, 30							;     if (30 <= EDX) // 30行以上换页
    37 00000243 7C05                <1> 		jl		.12E							;     {
    38 00000245 BA00000000          <1> 		mov		edx, 0							;       EDX = 0;     // 行 = 0
    39                              <1> 												;     }
    40                              <1> .12E:											;   }
    41 0000024A EBD6                <1> 		jmp		.10L							;   
    42                              <1> .10E:											; } while (1);
    43                              <1> 
    44 0000024C 5E                  <1> 		pop		esi
    45 0000024D 5A                  <1> 		pop		edx
    46 0000024E 59                  <1> 		pop		ecx
    47 0000024F 5B                  <1> 		pop		ebx
    48 00000250 58                  <1> 		pop		eax
    49                              <1> 
    50 00000251 89EC                <1> 		mov		esp, ebp
    51 00000253 5D                  <1> 		pop		ebp
    52                              <1> 
    53 00000254 C3                  <1> 		ret
    54                              <1> 
    45                                  
    46                                  ;********************
    47                                  ;padding
    48                                  ;********************
    49 00000255 00<rept>                	times KERNEL_SIZE -($-$$) db 0;
