     1                                  %include "../include/define.s"
     1                              <1> BOOT_LOAD equ 0x7C00      ;//boot程序加载地址
     2                              <1> BOOT_SIZE equ (1024 * 8)  ;//boot代码段大小
     3                              <1> BOOT_END  equ (BOOT_LOAD + BOOT_SIZE) ;
     4                              <1> 
     5                              <1> SECT_SIZE equ (512)       ;//sector大小
     6                              <1> BOOT_SECT equ (BOOT_SIZE / SECT_SIZE)   ;//boot的sector数
     7                              <1> 
     8                              <1> E820_RECORD_SIZE equ 20
     9                              <1> 
    10                              <1> KERNEL_LOAD equ 0x0010_1000
    11                              <1> KERNEL_SIZE equ (1024*8) ;//kernel的大小仍然是8k
    12                              <1> KERNEL_SECT equ (KERNEL_SIZE / SECT_SIZE)
    13                              <1> 
    14                              <1> VECT_BASE			equ		0x0010_0000		;	0010_0000:0010_07FF
     2                                  %include "../include/macro.s"
     1                              <1> %macro cdecl 1-*.nolist  ;//1-*是一个以上的参数
     2                              <1> 
     3                              <1> 	%rep %0 - 1         ;//%0是参数的个数
     4                              <1> 		push %{-1:-1}  ;//%将参数倒着压栈
     5                              <1> 		%rotate -1   
     6                              <1> 	%endrep
     7                              <1> 	%rotate -1      ;//恢复原来的参数
     8                              <1> 
     9                              <1> 	call %1
    10                              <1> 	%if 1 < %0
    11                              <1> 		add sp,(__BITS__ >> 3)*(%0 - 1)     ;//__BITS__是表示16比特模式还是32比特模式
    12                              <1> 	%endif									;//给每个参数分配栈空间
    13                              <1> %endmacro
    14                              <1> 
    15                              <1> struc drive
    16 00000000 <res 00000002>      <1> 	.no resw 1	 ;驱动号
    17 00000002 <res 00000002>      <1> 	.cyln resw 1 ;cylinder
    18 00000004 <res 00000002>      <1> 	.head resw 1 ;head
    19 00000006 <res 00000002>      <1> 	.sect resw 1 ;sector
    20                              <1> endstruc
    21                              <1> 
    22                              <1> %macro set_vect 1-*
    23                              <1> 	push eax
    24                              <1> 	push edi
    25                              <1> 
    26                              <1> 	mov edi,VECT_BASE + (%1*8)  ;向量地址
    27                              <1> 	mov eax, %2
    28                              <1> 
    29                              <1> 	mov  [edi + 0],ax		;例外地址[15:0]
    30                              <1> 	shr eax,16
    31                              <1> 	mov  [edi + 6],ax		;例外地址[31:16]
    32                              <1> 
    33                              <1> 	pop edi
    34                              <1> 	pop eax
    35                              <1> %endmacro
     3                                  	
     4                                  	ORG KERNEL_LOAD
     5                                  
     6                                  [BITS 32]
     7                                  ;*******************
     8                                  ;entry  point
     9                                  ;*******************
    10                                  kernel:
    11                                  	;----------------------
    12                                  	;获取font address
    13                                  	;----------------------
    14 00000000 BE007E0000              	mov esi,BOOT_LOAD + SECT_SIZE ;ESI = 0x7C00 + 512
    15 00000005 0FB706                  	movzx eax,word[esi + 0]				;//eax = segment
    16 00000008 0FB75E02                	movzx ebx,word[esi + 2]				;//ebx = offset
    17 0000000C C1E004                  	shl eax,4
    18 0000000F 01D8                    	add eax,ebx
    19 00000011 A3[88000000]            	mov [FONT_ADR],eax					;FONT_ADR[0] = eax
    20                                  
    21 00000016 68[76000000]680F01-     	cdecl draw_str,25,14,0x010F,.s0;
    21 0000001E 00006A0E6A19E82302-
    21 00000027 00006683C410       
    22                                  	;------------------------------
    23                                  	;打印时间
    24                                  	;------------------------------
    25                                  .10L:
    26 0000002D 68[8C000000]E83C05-     		cdecl rtc_get_time,RCT_TIME
    26 00000035 00006683C404       
    27 0000003B FF35[8C000000]6800-     		cdecl draw_time,72,0,0x0700,dword[RCT_TIME]
    27 00000043 0700006A006A48E865-
    27 0000004C 0500006683C410     
    28                                      ;------------------------
    29                                  	;中断向量生成登陆
    30                                  	;------------------------
    31 00000053 E8FA050000              	cdecl init_int					;//中断向量初始化
    32                                  	set_vect 0x00,int_zero_div		;//中断登陆:除0
    32 00000058 50                  <1>  push eax
    32 00000059 57                  <1>  push edi
    32                              <1> 
    32 0000005A BF00001000          <1>  mov edi,VECT_BASE + (%1*8)
    32 0000005F B8[B9070000]        <1>  mov eax, %2
    32                              <1> 
    32 00000064 668907              <1>  mov [edi + 0],ax
    32 00000067 C1E810              <1>  shr eax,16
    32 0000006A 66894706            <1>  mov [edi + 6],ax
    32                              <1> 
    32 0000006E 5F                  <1>  pop edi
    32 0000006F 58                  <1>  pop eax
    33                                  
    34                                  	;--------------------
    35                                  	;除0中断测试
    36                                  	;--------------------
    37 00000070 B000                    	mov al,0
    38 00000072 F6F0                    	div al
    39                                  		
    40 00000074 EBFE                    	jmp $
    41 00000076 48656C6C6F2C206B65-     .s0 db "Hello, kernel!",0
    41 0000007F 726E656C2100       
    42                                  
    43 00000085 00<rept>                ALIGN 4,db 0
    44 00000088 00000000                FONT_ADR: dd 0
    45 0000008C 00000000                RCT_TIME : dd 0
    46                                  
    47                                  ;*************************
    48                                  ;model
    49                                  ;*************************
    50                                  %include "../modules/protect/vga.s"
     1                              <1> vga_set_read_plane:
     2                              <1> 	
     3 00000090 55                  <1> 		push	ebp	
     4 00000091 89E5                <1> 		mov		ebp, esp						
     5                              <1> 
     6 00000093 50                  <1> 		push	eax
     7 00000094 52                  <1> 		push	edx
     8                              <1> 
     9                              <1> 		;---------------------------------------
    10                              <1> 		;选择读取的plane
    11                              <1> 		;---------------------------------------
    12 00000095 8A6508              <1> 		mov		ah, [ebp + 8]					; AH  = 指定读取的palne(----RGB)
    13 00000098 80E403              <1> 		and		ah, 0x03						; AH &= 0x03; // mask掉不要的bit
    14 0000009B B004                <1> 		mov		al, 0x04						; AL  = 读取map选择寄存器
    15 0000009D 66BACE03            <1> 		mov		dx, 0x03CE						; DX  = 图像控制端口
    16 000000A1 66EF                <1> 		out		dx, ax							; // 端口输出
    17                              <1> 
    18 000000A3 5A                  <1> 		pop		edx
    19 000000A4 58                  <1> 		pop		eax
    20 000000A5 89EC                <1> 		mov		esp, ebp
    21 000000A7 5D                  <1> 		pop		ebp
    22                              <1> 
    23 000000A8 C3                  <1> 		ret
    24                              <1> 
    25                              <1> vga_set_write_plane:
    26                              <1> 											
    27 000000A9 55                  <1> 		push	ebp								
    28 000000AA 89E5                <1> 		mov		ebp, esp						
    29                              <1> 											
    30 000000AC 50                  <1> 		push	eax
    31 000000AD 52                  <1> 		push	edx
    32                              <1> 
    33                              <1> 		;---------------------------------------
    34                              <1> 		; 选择写入的plane
    35                              <1> 		;---------------------------------------
    36 000000AE 8A6508              <1> 		mov		ah, [ebp + 8]					; AH = 指定写入的plane(Bit:----IRGB)
    37 000000B1 80E40F              <1> 		and		ah, 0x0F						; AH = 0x0F; // mask掉不需要的比特
    38 000000B4 B002                <1> 		mov		al, 0x02						; AL = 指定写入plane
    39 000000B6 66BAC403            <1> 		mov		dx, 0x03C4						; DX = sequence控制端口
    40 000000BA 66EF                <1> 		out		dx, ax							; // 端口输出
    41                              <1> 
    42                              <1> 
    43 000000BC 5A                  <1> 		pop		edx
    44 000000BD 58                  <1> 		pop		eax
    45                              <1> 
    46 000000BE 89EC                <1> 		mov		esp, ebp
    47 000000C0 5D                  <1> 		pop		ebp
    48                              <1> 
    49 000000C1 C3                  <1> 		ret
    50                              <1> 
    51                              <1> ;
    52                              <1> vram_font_copy:
    53                              <1> 
    54                              <1> 
    55 000000C2 55                  <1> 		push	ebp							
    56 000000C3 89E5                <1> 		mov		ebp, esp						
    57                              <1> 
    58 000000C5 50                  <1> 		push	eax
    59 000000C6 53                  <1> 		push	ebx
    60 000000C7 51                  <1> 		push	ecx
    61 000000C8 52                  <1> 		push	edx
    62 000000C9 56                  <1> 		push	esi
    63 000000CA 57                  <1> 		push	edi
    64                              <1> 
    65                              <1> 		;---------------------------------------
    66                              <1> 		; 获取参数
    67                              <1> 		;---------------------------------------
    68 000000CB 8B7508              <1> 		mov		esi, [ebp + 8]					; ESI = font地址
    69 000000CE 8B7D0C              <1> 		mov		edi, [ebp +12]					; EDI = VRAM地址;
    70 000000D1 0FB64510            <1> 		movzx	eax, byte [ebp +16]				; EAX = plane(用比特指定);
    71 000000D5 0FB75D14            <1> 		movzx	ebx, word [ebp +20]				; EBX = 颜色;
    72                              <1> 
    73                              <1> 		;//背景色或者前景色包含plane的时候设置为0xff,不包含的时候设置为0x00
    74                              <1> 
    75 000000D9 84C7                <1> 		test	bh, al							; ZF = (背景色 & plane);
    76 000000DB 0F94C6              <1> 		setz	dh								; AH = ZF ? 0x01 : 0x00
    77 000000DE FECE                <1> 		dec		dh								; AH--; // 0x00 or 0xFF
    78                              <1> 
    79 000000E0 84C3                <1> 		test	bl, al							; ZF = (前景色 & plane);
    80 000000E2 0F94C2              <1> 		setz	dl								; AL = ZF ? 0x01 : 0x00
    81 000000E5 FECA                <1> 		dec		dl								; AL--; // 0x00 or 0xFF
    82                              <1> 
    83                              <1> 		;---------------------------------------
    84                              <1> 		; 复制16个点的font
    85                              <1> 		;---------------------------------------
    86 000000E7 FC                  <1> 		cld										; DF  = 0; 
    87                              <1> 
    88 000000E8 B910000000          <1> 		mov		ecx, 16							; ECX = 16; // 16个点
    89                              <1> .10L:											; do
    90                              <1> 												; {
    91                              <1> 		;---------------------------------------
    92                              <1> 		; 生成font_mask
    93                              <1> 		;---------------------------------------
    94 000000ED AC                  <1> 		lodsb									;   AL  = *ESI++; //  font
    95 000000EE 88C4                <1> 		mov		ah, al							;   AH ~= AL;     // !font(比特反转)
    96 000000F0 F6D4                <1> 		not		ah								;   
    97                              <1> 
    98                              <1> 		;---------------------------------------
    99                              <1> 		; 前景色
   100                              <1> 		;---------------------------------------
   101 000000F2 20D0                <1> 		and		al, dl							;   AL =前景色 & font;
   102                              <1> 
   103                              <1> 		;---------------------------------------
   104                              <1> 		; 背景色
   105                              <1> 		;---------------------------------------
   106 000000F4 F7C310000000        <1> 		test	ebx, 0x0010						;   if (透明模式)
   107 000000FA 7404                <1> 		jz		.11F							;   {
   108 000000FC 2227                <1> 		and		ah, [edi]						;     AH = !font & [EDI] // 现在值
   109 000000FE EB02                <1> 		jmp		.11E							;   }
   110                              <1> .11F:											;   else
   111                              <1> 												;   {
   112 00000100 20F4                <1> 		and		ah, dh							;     AH = !font & 背景色;
   113                              <1> .11E:											;   }
   114                              <1> 
   115                              <1> 		;---------------------------------------
   116                              <1> 		; 前景色和背景色的合成
   117                              <1> 		;---------------------------------------
   118 00000102 08E0                <1> 		or		al, ah							;   AL  = 前景 | 背景;
   119                              <1> 
   120                              <1> 		;---------------------------------------
   121                              <1> 		; 输出新的值
   122                              <1> 		;---------------------------------------
   123 00000104 8807                <1> 		mov		[edi], al						;   [EDI] = AL; // 写入plane
   124                              <1> 
   125 00000106 83C750              <1> 		add		edi, 80							;   EDI += 80;(font是30x80)
   126 00000109 E2E2                <1> 		loop	.10L							; } while (--ECX);
   127                              <1> .10E:											; 
   128 0000010B 5F                  <1> 		pop		edi
   129 0000010C 5E                  <1> 		pop		esi
   130 0000010D 5A                  <1> 		pop		edx
   131 0000010E 59                  <1> 		pop		ecx
   132 0000010F 5B                  <1> 		pop		ebx
   133 00000110 58                  <1> 		pop		eax
   134                              <1> 
   135 00000111 89EC                <1> 		mov		esp, ebp
   136 00000113 5D                  <1> 		pop		ebp
   137                              <1> 
   138 00000114 C3                  <1> 		ret
   139                              <1> 
   140                              <1> vram_bit_copy:
   141                              <1> 
   142 00000115 55                  <1> 		push	ebp							
   143 00000116 89E5                <1> 		mov		ebp, esp						
   144                              <1> 												
   145 00000118 50                  <1> 		push	eax
   146 00000119 53                  <1> 		push	ebx
   147 0000011A 57                  <1> 		push	edi
   148                              <1> 
   149                              <1> 		;---------------------------------------
   150                              <1> 		; 获取参数
   151                              <1> 		;---------------------------------------
   152 0000011B 8B7D0C              <1> 		mov		edi, [ebp +12]					; EDI = VRAM地址
   153 0000011E 0FB64510            <1> 		movzx	eax, byte [ebp +16]				; EAX = palne(bit);
   154 00000122 0FB75D14            <1> 		movzx	ebx, word [ebp +20]				; EBX = 表示颜色;
   155                              <1> 
   156 00000126 84C3                <1> 		test	bl, al							; ZF = (前景色 & plane);
   157 00000128 0F94C3              <1> 		setz	bl								; BL = ZF ? 0x01 : 0x00
   158 0000012B FECB                <1> 		dec		bl								; BL--; // 0x00 or 0xFF
   159                              <1> 
   160                              <1> 		;---------------------------------------
   161                              <1> 		; 输出比特模式的反
   162                              <1> 		;---------------------------------------
   163 0000012D 8A4508              <1> 		mov		al, [ebp + 8]					; AL = 输出比特模式
   164 00000130 88C4                <1> 		mov		ah, al							; AH ~= AL;     // ! 输出比特模式
   165 00000132 F6D4                <1> 		not		ah								; 
   166                              <1> 
   167                              <1> 		;---------------------------------------
   168                              <1> 		; 生成输入的值
   169                              <1> 		;---------------------------------------
   170 00000134 2227                <1> 		and		ah, [edi]						; AH  =  ! 输出比特模式 & 现在值
   171 00000136 20D8                <1> 		and		al, bl							; AL  = 输出比特模式 &  表示色
   172 00000138 08E0                <1> 		or		al, ah							; AL |= AH;
   173                              <1> 
   174                              <1> 		;---------------------------------------
   175                              <1> 		; 数据写入
   176                              <1> 		;---------------------------------------
   177 0000013A 8807                <1> 		mov		[edi], al						; [EDI] = BL; // 写入palne
   178                              <1> 
   179                              <1> 
   180 0000013C 5F                  <1> 		pop		edi
   181 0000013D 5B                  <1> 		pop		ebx
   182 0000013E 58                  <1> 		pop		eax
   183                              <1> 
   184 0000013F 89EC                <1> 		mov		esp, ebp
   185 00000141 5D                  <1> 		pop		ebp
   186                              <1> 
   187 00000142 C3                  <1> 		ret
   188                              <1> 
    51                                  %include "../modules/protect/draw_char.s"
     1                              <1> draw_char:
     2                              <1> 
     3 00000143 55                  <1> 		push	ebp			
     4 00000144 89E5                <1> 		mov		ebp, esp	
     5                              <1> 											
     6                              <1> 
     7 00000146 50                  <1> 		push	eax
     8 00000147 53                  <1> 		push	ebx
     9 00000148 51                  <1> 		push	ecx
    10 00000149 52                  <1> 		push	edx
    11 0000014A 56                  <1> 		push	esi
    12 0000014B 57                  <1> 		push	edi
    13                              <1> 
    14                              <1> 		;---------------------------------------
    15                              <1> 		; 取得参数
    16                              <1> 		;---------------------------------------
    17 0000014C 0FB67514            <1> 		movzx	esi, byte [ebp +20]				; ESI  = 字符码
    18 00000150 C1E604              <1> 		shl		esi, 4							; CL *= 16; // 1字符16byte
    19 00000153 0335[88000000]      <1> 		add		esi, [FONT_ADR]					; ESI = font地址;
    20                              <1> 
    21                              <1> 		;---------------------------------------
    22                              <1> 		; 取得复制目的地的地址
    23                              <1> 		; Adr = 0xA0000 + (640 / 8 * 16) * y + x
    24                              <1> 		;---------------------------------------
    25 00000159 8B7D0C              <1> 		mov		edi, [ebp +12]					; Y(行)
    26 0000015C C1E708              <1> 		shl		edi, 8							; EDI = Y * 256;
    27 0000015F 8DBCBF00000A00      <1> 		lea		edi, [edi * 4 + edi + 0xA0000]	; EDI = Y *   4 + Y;
    28 00000166 037D08              <1> 		add		edi, [ebp + 8]					; X(列)
    29                              <1> 
    30                              <1> 		;---------------------------------------
    31                              <1> 		; 输出一字符的font
    32                              <1> 		;---------------------------------------
    33 00000169 0FB75D10            <1> 		movzx	ebx, word [ebp +16]				; // 颜色
    34                              <1> 
    35 0000016D 6A03E81CFFFFFF6683- <1> 		cdecl	vga_set_read_plane, 0x03		; // 写入plane(亮度:I)
    35 00000176 C404                <1>
    36 00000178 6A08E82AFFFFFF6683- <1> 		cdecl	vga_set_write_plane, 0x08		; // 输出plane(亮度:I)
    36 00000181 C404                <1>
    37 00000183 536A085756E835FFFF- <1> 		cdecl	vram_font_copy, esi, edi, 0x08, ebx
    37 0000018C FF6683C410          <1>
    38                              <1> 
    39 00000191 6A02E8F8FEFFFF6683- <1> 		cdecl	vga_set_read_plane, 0x02		; //写入plane(红:R)
    39 0000019A C404                <1>
    40 0000019C 6A04E806FFFFFF6683- <1> 		cdecl	vga_set_write_plane, 0x04		; //输出plane(红:R)
    40 000001A5 C404                <1>
    41 000001A7 536A045756E811FFFF- <1> 		cdecl	vram_font_copy, esi, edi, 0x04, ebx
    41 000001B0 FF6683C410          <1>
    42                              <1> 
    43 000001B5 6A01E8D4FEFFFF6683- <1> 		cdecl	vga_set_read_plane, 0x01		; // 写入plane(绿:G)
    43 000001BE C404                <1>
    44 000001C0 6A02E8E2FEFFFF6683- <1> 		cdecl	vga_set_write_plane, 0x02		; // 输出plane(绿:G)
    44 000001C9 C404                <1>
    45 000001CB 536A025756E8EDFEFF- <1> 		cdecl	vram_font_copy, esi, edi, 0x02, ebx
    45 000001D4 FF6683C410          <1>
    46                              <1> 
    47 000001D9 6A00E8B0FEFFFF6683- <1> 		cdecl	vga_set_read_plane, 0x00		; // 写入plane(蓝:B)
    47 000001E2 C404                <1>
    48 000001E4 6A01E8BEFEFFFF6683- <1> 		cdecl	vga_set_write_plane, 0x01		; // 输出plane(蓝:B)
    48 000001ED C404                <1>
    49 000001EF 536A015756E8C9FEFF- <1> 		cdecl	vram_font_copy, esi, edi, 0x01, ebx
    49 000001F8 FF6683C410          <1>
    50                              <1> 
    51                              <1> 
    52 000001FD 5F                  <1> 		pop		edi
    53 000001FE 5E                  <1> 		pop		esi
    54 000001FF 5A                  <1> 		pop		edx
    55 00000200 59                  <1> 		pop		ecx
    56 00000201 5B                  <1> 		pop		ebx
    57 00000202 58                  <1> 		pop		eax
    58                              <1> 
    59 00000203 89EC                <1> 		mov		esp, ebp
    60 00000205 5D                  <1> 		pop		ebp
    61                              <1> 
    62 00000206 C3                  <1> 		ret
    63                              <1> 
    52                                  %include "../modules/protect/draw_font.s"
     1                              <1> draw_font:
     2 00000207 55                  <1> 		push	ebp		
     3 00000208 89E5                <1> 		mov		ebp, esp		
     4                              <1> 							
     5                              <1> 
     6 0000020A 50                  <1> 		push	eax
     7 0000020B 53                  <1> 		push	ebx
     8 0000020C 51                  <1> 		push	ecx
     9 0000020D 52                  <1> 		push	edx
    10 0000020E 56                  <1> 		push	esi
    11 0000020F 57                  <1> 		push	edi
    12                              <1> 
    13 00000210 8B7508              <1> 		mov		esi, [ebp + 8]					; ESI = X(列)
    14 00000213 8B7D0C              <1> 		mov		edi, [ebp +12]					; EDI = Y(行)
    15                              <1> 
    16                              <1> 		;---------------------------------------
    17                              <1> 		; tHg\
    18                              <1> 		;---------------------------------------
    19 00000216 B900000000          <1> 		mov		ecx, 0							; for (ECX = 0;
    20 0000021B 81F900010000        <1> .10L:	cmp		ecx, 256						;      ECX < 256;
    21 00000221 731F                <1> 		jae		.10E							; 
    22                              <1> 												;      ECX++)
    23                              <1> 												; {
    24                              <1> 												;   // 一行表示16个字符,列位置
    25 00000223 89C8                <1> 		mov		eax, ecx						;   EAX  = ECX;
    26 00000225 83E00F              <1> 		and		eax, 0x0F						;   EAX &= 0x0F
    27 00000228 01F0                <1> 		add		eax, esi						;   EAX += X;
    28                              <1> 												;   
    29                              <1> 												;   // 行位置
    30 0000022A 89CB                <1> 		mov		ebx, ecx						;   EBX  = ECX;
    31 0000022C C1EB04              <1> 		shr		ebx, 4							;   EBX /= 16
    32 0000022F 01FB                <1> 		add		ebx, edi						;   EBX += Y;
    33                              <1> 
    34 00000231 516A075350E808FFFF- <1> 		cdecl	draw_char, eax, ebx, 0x07, ecx	;   draw_char();
    34 0000023A FF6683C410          <1>
    35                              <1> 
    36 0000023F 41                  <1> 		inc		ecx								;   // for (... ECX++)
    37 00000240 EBD9                <1> 		jmp		.10L							; 
    38                              <1> .10E:											; }
    39                              <1> 
    40                              <1> 
    41 00000242 5F                  <1> 		pop		edi
    42 00000243 5E                  <1> 		pop		esi
    43 00000244 5A                  <1> 		pop		edx
    44 00000245 59                  <1> 		pop		ecx
    45 00000246 5B                  <1> 		pop		ebx
    46 00000247 58                  <1> 		pop		eax
    47                              <1> 
    48 00000248 89EC                <1> 		mov		esp, ebp
    49 0000024A 5D                  <1> 		pop		ebp
    50                              <1> 
    51 0000024B C3                  <1> 		ret
    52                              <1> 
    53                                  %include "../modules/protect/draw_str.s"
     1                              <1> draw_str:
     2                              <1> 
     3 0000024C 55                  <1> 		push	ebp							
     4 0000024D 89E5                <1> 		mov		ebp, esp					
     5                              <1> 
     6                              <1> 
     7 0000024F 50                  <1> 		push	eax
     8 00000250 53                  <1> 		push	ebx
     9 00000251 51                  <1> 		push	ecx
    10 00000252 52                  <1> 		push	edx
    11 00000253 56                  <1> 		push	esi
    12                              <1> 
    13                              <1> 		;---------------------------------------
    14                              <1> 		; 获取参数
    15                              <1> 		;---------------------------------------
    16 00000254 8B4D08              <1> 		mov		ecx, [ebp + 8]					; ECX = 列;
    17 00000257 8B550C              <1> 		mov		edx, [ebp +12]					; EDX = 行;
    18 0000025A 0FB75D10            <1> 		movzx	ebx, word [ebp + 16]			; EBX = 颜色;
    19 0000025E 8B7514              <1> 		mov		esi, [ebp +20]					; ESI = 字符串地址;
    20                              <1> 
    21 00000261 FC                  <1> 		cld										; DF = 0; // 正方向
    22                              <1> .10L:											; do
    23                              <1> 												; {
    24 00000262 AC                  <1> 		lodsb									;   AL = *ESI++; // 
    25 00000263 3C00                <1> 		cmp		al, 0							;   if (0 == AL)
    26 00000265 7425                <1> 		je		.10E							;     break;
    27                              <1> 
    28 00000267 50535251E8D3FEFFFF- <1> 		cdecl	draw_char, ecx, edx, ebx, eax	;   draw_char();
    28 00000270 6683C410            <1>
    29                              <1> 
    30                              <1> 		; u
    31 00000274 41                  <1> 		inc		ecx								;   ECX++;           // 列+1
    32 00000275 83F950              <1> 		cmp		ecx, 80							;   if (80 <= ECX)   // 80列超过的话要换行
    33 00000278 7C10                <1> 		jl		.12E							;   {
    34 0000027A B900000000          <1> 		mov		ecx, 0							;     ECX = 0;       // 列 = 0
    35 0000027F 42                  <1> 		inc		edx								;     EDX++;         // 行 + 1
    36 00000280 83FA1E              <1> 		cmp		edx, 30							;     if (30 <= EDX) // 30行以上换页
    37 00000283 7C05                <1> 		jl		.12E							;     {
    38 00000285 BA00000000          <1> 		mov		edx, 0							;       EDX = 0;     // 行 = 0
    39                              <1> 												;     }
    40                              <1> .12E:											;   }
    41 0000028A EBD6                <1> 		jmp		.10L							;   
    42                              <1> .10E:											; } while (1);
    43                              <1> 
    44 0000028C 5E                  <1> 		pop		esi
    45 0000028D 5A                  <1> 		pop		edx
    46 0000028E 59                  <1> 		pop		ecx
    47 0000028F 5B                  <1> 		pop		ebx
    48 00000290 58                  <1> 		pop		eax
    49                              <1> 
    50 00000291 89EC                <1> 		mov		esp, ebp
    51 00000293 5D                  <1> 		pop		ebp
    52                              <1> 
    53 00000294 C3                  <1> 		ret
    54                              <1> 
    54                                  %include "../modules/protect/draw_color_bar.s"
     1                              <1> draw_color_bar:
     2 00000295 55                  <1> 		push	ebp						
     3 00000296 89E5                <1> 		mov		ebp, esp						
     4                              <1> 
     5 00000298 50                  <1> 		push	eax
     6 00000299 53                  <1> 		push	ebx
     7 0000029A 51                  <1> 		push	ecx
     8 0000029B 52                  <1> 		push	edx
     9 0000029C 56                  <1> 		push	esi
    10 0000029D 57                  <1> 		push	edi
    11                              <1> 
    12 0000029E 8B7508              <1> 		mov		esi, [ebp + 8]					; ESI = Xij
    13 000002A1 8B7D0C              <1> 		mov		edi, [ebp +12]					; EDI = Yisj
    14                              <1> 
    15                              <1> 		;---------------------------------------
    16                              <1> 		; 表示colorbar
    17                              <1> 		;---------------------------------------
    18 000002A4 B900000000          <1> 		mov		ecx, 0							; for (ECX = 0;
    19 000002A9 83F910              <1> .10L:	cmp		ecx, 16							;      ECX < 16;
    20 000002AC 732E                <1> 		jae		.10E							; 
    21                              <1> 												;      ECX++)
    22                              <1> 												; {
    23                              <1> 												;   // 偶数列在左边,奇数列在右边
    24 000002AE 89C8                <1> 		mov		eax, ecx						;   EAX  = ECX;
    25 000002B0 83E001              <1> 		and		eax, 0x01						;   EAX &= 0x01;;//奇数
    26 000002B3 C1E003              <1> 		shl		eax, 3							;   EAX *= 8;  // 往右移动8个字符
    27 000002B6 01F0                <1> 		add		eax, esi						;   EAX += X;
    28                              <1> 												;   
    29                              <1> 												;   // 每两个颜色10E行
    30 000002B8 89CB                <1> 		mov		ebx, ecx						;   EBX  = ECX;
    31 000002BA D1EB                <1> 		shr		ebx, 1							;   EBX /= 2
    32 000002BC 01FB                <1> 		add		ebx, edi						;   EBX += Y;
    33                              <1> 												;   
    34                              <1> 												;   //输出的颜色
    35 000002BE 89CA                <1> 		mov		edx, ecx						;   EDX  = ECX;
    36 000002C0 D1E2                <1> 		shl		edx, 1							;   EDX *= 2;
    37 000002C2 8B92[EF020000]      <1> 		mov		edx, [.t0 + edx]				;   EDX += Y;
    38                              <1> 
    39 000002C8 68[E6020000]525350- <1> 		cdecl	draw_str, eax, ebx, edx, .s0	;   draw_str();
    39 000002D0 E877FFFFFF6683C410  <1>
    40                              <1> 
    41 000002D9 41                  <1> 		inc		ecx								;   // for (... ECX++)
    42 000002DA EBCD                <1> 		jmp		.10L							; 
    43                              <1> .10E:											; }
    44                              <1> 
    45 000002DC 5F                  <1> 		pop		edi
    46 000002DD 5E                  <1> 		pop		esi
    47 000002DE 5A                  <1> 		pop		edx
    48 000002DF 59                  <1> 		pop		ecx
    49 000002E0 5B                  <1> 		pop		ebx
    50 000002E1 58                  <1> 		pop		eax
    51                              <1> 
    52 000002E2 89EC                <1> 		mov		esp, ebp
    53 000002E4 5D                  <1> 		pop		ebp
    54                              <1> 
    55 000002E5 C3                  <1> 		ret
    56                              <1> 
    57 000002E6 202020202020202000  <1> .s0:	db '        ', 0						;8个空白字符
    58                              <1> 
    59 000002EF 00000008            <1> .t0:	dw	0x0000, 0x0800						; colorbar的背景色
    60 000002F3 00010009            <1> 		dw	0x0100, 0x0900
    61 000002F7 0002000A            <1> 		dw	0x0200, 0x0A00
    62 000002FB 0003000B            <1> 		dw	0x0300, 0x0B00
    63 000002FF 0004000C            <1> 		dw	0x0400, 0x0C00
    64 00000303 0005000D            <1> 		dw	0x0500, 0x0D00
    65 00000307 0006000E            <1> 		dw	0x0600, 0x0E00
    66 0000030B 0007000F            <1> 		dw	0x0700, 0x0F00
    67                              <1> 
    55                                  %include "../modules/protect/draw_pixel.s"
     1                              <1> 
     2                              <1> draw_pixel:
     3                              <1> 
     4 0000030F 55                  <1> 		push	ebp			
     5 00000310 89E5                <1> 		mov		ebp, esp						
     6 00000312 50                  <1> 		push	eax
     7 00000313 53                  <1> 		push	ebx
     8 00000314 51                  <1> 		push	ecx
     9 00000315 57                  <1> 		push	edi
    10                              <1> 
    11                              <1> 		;---------------------------------------
    12                              <1> 		; 将Y坐标扩大80倍(640/8)
    13                              <1> 		;---------------------------------------
    14 00000316 8B7D0C              <1> 		mov		edi, [ebp +12]					; EDI  = Y坐标
    15 00000319 C1E704              <1> 		shl		edi, 4							; EDI *= 16;
    16 0000031C 8DBCBF00000A00      <1> 		lea		edi, [edi * 4 + edi + 0xA_0000]	; EDI  = 0xA00000[EDI * 4 + EDI];
    17                              <1> 
    18                              <1> 		;---------------------------------------
    19                              <1> 		; 加上X坐标的1/8
    20                              <1> 		;---------------------------------------
    21 00000323 8B5D08              <1> 		mov		ebx, [ebp + 8]					; EBX  = X坐标
    22 00000326 89D9                <1> 		mov		ecx, ebx						; ECX  = X坐标;(暂存)
    23 00000328 C1EB03              <1> 		shr		ebx, 3							; EBX /= 8;
    24 0000032B 01DF                <1> 		add		edi, ebx						; EDI += EBX;
    25                              <1> 
    26                              <1> 		;---------------------------------------
    27                              <1> 		; X坐标除8的余数来计算bit位置
    28                              <1> 		; (0=0x80, 1=0x40,... 7=0x01)
    29                              <1> 		;---------------------------------------
    30 0000032D 83E107              <1> 		and		ecx, 0x07						; ECX = X & 0x07;
    31 00000330 BB80000000          <1> 		mov		ebx, 0x80						; EBX = 0x80;
    32 00000335 D3EB                <1> 		shr		ebx, cl							; EBX >>= ECX;
    33                              <1> 
    34                              <1> 		;---------------------------------------
    35                              <1> 		; 指定颜色
    36                              <1> 		;---------------------------------------
    37 00000337 8B4D10              <1> 		mov		ecx, [ebp +16]					; // \F
    38                              <1> 
    39                              <1> 		;---------------------------------------
    40                              <1> 		; 输出plane
    41                              <1> 		;---------------------------------------
    42 0000033A 6A03E84FFDFFFF6683- <1> 		cdecl	vga_set_read_plane, 0x03		; 
    42 00000343 C404                <1>
    43 00000345 6A08E85DFDFFFF6683- <1> 		cdecl	vga_set_write_plane, 0x08		;
    43 0000034E C404                <1>
    44 00000350 516A085753E8BBFDFF- <1> 		cdecl	vram_bit_copy, ebx, edi, 0x08, ecx
    44 00000359 FF6683C410          <1>
    45                              <1> 
    46 0000035E 6A02E82BFDFFFF6683- <1> 		cdecl	vga_set_read_plane, 0x02		; 
    46 00000367 C404                <1>
    47 00000369 6A04E839FDFFFF6683- <1> 		cdecl	vga_set_write_plane, 0x04		; 
    47 00000372 C404                <1>
    48 00000374 516A045753E897FDFF- <1> 		cdecl	vram_bit_copy, ebx, edi, 0x04, ecx
    48 0000037D FF6683C410          <1>
    49                              <1> 
    50 00000382 6A01E807FDFFFF6683- <1> 		cdecl	vga_set_read_plane, 0x01		; 
    50 0000038B C404                <1>
    51 0000038D 6A02E815FDFFFF6683- <1> 		cdecl	vga_set_write_plane, 0x02		; 
    51 00000396 C404                <1>
    52 00000398 516A025753E873FDFF- <1> 		cdecl	vram_bit_copy, ebx, edi, 0x02, ecx
    52 000003A1 FF6683C410          <1>
    53                              <1> 
    54 000003A6 6A00E8E3FCFFFF6683- <1> 		cdecl	vga_set_read_plane, 0x00		; 
    54 000003AF C404                <1>
    55 000003B1 6A01E8F1FCFFFF6683- <1> 		cdecl	vga_set_write_plane, 0x01		; 
    55 000003BA C404                <1>
    56 000003BC 516A015753E84FFDFF- <1> 		cdecl	vram_bit_copy, ebx, edi, 0x01, ecx
    56 000003C5 FF6683C410          <1>
    57                              <1> 
    58                              <1> 
    59 000003CA 5F                  <1> 		pop		edi
    60 000003CB 59                  <1> 		pop		ecx
    61 000003CC 5B                  <1> 		pop		ebx
    62 000003CD 58                  <1> 		pop		eax
    63                              <1> 
    64 000003CE 89EC                <1> 		mov		esp, ebp
    65 000003D0 5D                  <1> 		pop		ebp
    66                              <1> 
    67 000003D1 C3                  <1> 		ret
    68                              <1> 
    56                                  %include "../modules/protect/draw_line.s"
     1                              <1> draw_line:
     2                              <1> 
     3                              <1> 
     4 000003D2 55                  <1> 		push	ebp								
     5 000003D3 89E5                <1> 		mov		ebp, esp					
     6                              <1> 												; ---------------
     7 000003D5 6A00                <1> 		push	dword 0							;    - 4| sum   = 0; // 相对轴的积算值
     8 000003D7 6A00                <1> 		push	dword 0							;    - 8| x0    = 0; // X坐标
     9 000003D9 6A00                <1> 		push	dword 0							;    -12| dx    = 0; // X增加份
    10 000003DB 6A00                <1> 		push	dword 0							;    -16| inc_x = 0; // X坐标增加份(1 or -1)
    11 000003DD 6A00                <1> 		push	dword 0							;    -20| y0    = 0; // Y坐标
    12 000003DF 6A00                <1> 		push	dword 0							;    -24| dy    = 0; // Y增加份
    13 000003E1 6A00                <1> 		push	dword 0							;    -28| inc_y = 0; // Y坐标增加份(1 or -1)
    14                              <1> 												; ------|--------
    15 000003E3 50                  <1> 		push	eax
    16 000003E4 53                  <1> 		push	ebx
    17 000003E5 51                  <1> 		push	ecx
    18 000003E6 52                  <1> 		push	edx
    19 000003E7 56                  <1> 		push	esi
    20 000003E8 57                  <1> 		push	edi
    21                              <1> 
    22                              <1> 		;---------------------------------------
    23                              <1> 		; 计算宽(X轴)
    24                              <1> 		;---------------------------------------
    25 000003E9 8B4508              <1> 		mov		eax, [ebp + 8]					; EAX = X0;
    26 000003EC 8B5D10              <1> 		mov		ebx, [ebp +16]					; EBX = X1;
    27 000003EF 29C3                <1> 		sub		ebx, eax						; EBX = X1 - X0; //宽
    28 000003F1 7D09                <1> 		jge		.10F							; if (宽 < 0)
    29                              <1> 												; {
    30 000003F3 F7DB                <1> 		neg		ebx								;   宽   *= -1;
    31 000003F5 BEFFFFFFFF          <1> 		mov		esi, -1							;   // X坐标的增加份
    32 000003FA EB05                <1> 		jmp		.10E							; }
    33                              <1> .10F:											; else
    34                              <1> 												; {
    35 000003FC BE01000000          <1> 		mov		esi, 1							;   // X坐标的增加份
    36                              <1> .10E:											; }
    37                              <1> 
    38                              <1> 		;---------------------------------------
    39                              <1> 		; 计算高(Y轴)
    40                              <1> 		;---------------------------------------
    41 00000401 8B4D0C              <1> 		mov		ecx, [ebp +12]					; ECX = Y0
    42 00000404 8B5514              <1> 		mov		edx, [ebp +20]					; EDX = Y1
    43 00000407 29CA                <1> 		sub		edx, ecx						; EDX = Y1 - Y0; // 高
    44 00000409 7D09                <1> 		jge		.20F							; if (高 < 0)
    45                              <1> 												; {
    46 0000040B F7DA                <1> 		neg		edx								;   高 *= -1;
    47 0000040D BFFFFFFFFF          <1> 		mov		edi, -1							;   // Y坐标的增加份
    48 00000412 EB05                <1> 		jmp		.20E							; }
    49                              <1> .20F:											; else
    50                              <1> 												; {
    51 00000414 BF01000000          <1> 		mov		edi, 1							;   // Y坐标的增加份
    52                              <1> .20E:											; }
    53                              <1> 
    54                              <1> 		;---------------------------------------
    55                              <1> 		; X轴
    56                              <1> 		;---------------------------------------
    57 00000419 8945F8              <1> 		mov		[ebp - 8], eax					;   // X轴:开始坐标
    58 0000041C 895DF4              <1> 		mov		[ebp -12], ebx					;   // X轴:宽
    59 0000041F 8975F0              <1> 		mov		[ebp -16], esi					;   // X轴:增加份(基准轴1 or -1)
    60                              <1> 
    61                              <1> 		;---------------------------------------
    62                              <1> 		; Y轴
    63                              <1> 		;---------------------------------------
    64 00000422 894DEC              <1> 		mov		[ebp -20], ecx					;   // Y轴:开始坐标
    65 00000425 8955E8              <1> 		mov		[ebp -24], edx					;   // Y轴:长
    66 00000428 897DE4              <1> 		mov		[ebp -28], edi					;   // Y轴:增加份(基准轴 1 or -1)
    67                              <1> 
    68                              <1> 		;---------------------------------------
    69                              <1> 		; 决定哪个是基准轴
    70                              <1> 		;---------------------------------------
    71 0000042B 39D3                <1> 		cmp		ebx, edx						; if (宽 <= 高)
    72 0000042D 7F08                <1> 		jg		.22F							; {
    73                              <1> 												;   
    74 0000042F 8D75EC              <1> 		lea		esi, [ebp -20]					;   // Y轴是基准轴
    75 00000432 8D7DF8              <1> 		lea		edi, [ebp - 8]					;   // X轴是相对轴
    76                              <1> 												;   
    77 00000435 EB06                <1> 		jmp		.22E							; }
    78                              <1> .22F:											; else
    79                              <1> 												; {
    80 00000437 8D75F8              <1> 		lea		esi, [ebp - 8]					;   // X轴是基准轴
    81 0000043A 8D7DEC              <1> 		lea		edi, [ebp -20]					;   // Y轴是相对轴
    82                              <1> .22E:											; }
    83                              <1> 
    84                              <1> 		;---------------------------------------
    85                              <1> 		; 循环执行次数(基准轴的点数)
    86                              <1> 		;---------------------------------------
    87 0000043D 8B4EFC              <1> 		mov		ecx, [esi - 4]					; ECX = 基准轴画面宽度;
    88 00000440 83F900              <1> 		cmp		ecx, 0							; if (0 == ECX)
    89 00000443 7505                <1> 		jnz		.30E							; {
    90 00000445 B901000000          <1> 		mov		ecx, 1							;   ECX = 1;
    91                              <1> .30E:											; }
    92                              <1> 
    93                              <1> 		;---------------------------------------
    94                              <1> 		; 划线
    95                              <1> 		;---------------------------------------
    96                              <1> .50L:											; do
    97                              <1> 												; {
    98 0000044A FF7518FF75ECFF75F8- <1> 		cdecl	draw_pixel, dword [ebp - 8],dword [ebp -20],dword [ebp +24]		; //画点
    98 00000453 E8B7FEFFFF6683C40C  <1>
    99                              <1> 
   100                              <1> 												;   // 基准轴更新(1个点)
   101 0000045C 8B46F8              <1> 		mov		eax, [esi - 8]					;   EAX = 基准轴增加份(1 or -1);
   102 0000045F 0106                <1> 		add		[esi - 0], eax					;   
   103                              <1> 
   104                              <1> 												;   // 相对轴更新
   105 00000461 8B45FC              <1> 		mov		eax, [ebp - 4]					;   EAX  = sum; // 相对轴的积算值;
   106 00000464 0347FC              <1> 		add		eax, [edi - 4]					;   EAX += dy;  // 增加的分(相对轴的积算值)
   107 00000467 8B5EFC              <1> 		mov		ebx, [esi - 4]					;   EBX  = dx;  // 增加的分(基准轴的画幅)
   108                              <1> 
   109 0000046A 39D8                <1> 		cmp		eax, ebx						;   if (积算值 <= 相对轴的增加份)
   110 0000046C 7C07                <1> 		jl		.52E							;   {
   111 0000046E 29D8                <1> 		sub		eax, ebx						;     EAX -= EBX; // 积算值减去相对轴的增加份
   112                              <1> 												;     
   113                              <1> 												;     // 相对值坐标更新(1个点)
   114 00000470 8B5FF8              <1> 		mov		ebx, [edi - 8]					;     EBX =  相对轴增加的分;
   115 00000473 011F                <1> 		add		[edi - 0], ebx					;		
   116                              <1> .52E:											;   }
   117 00000475 8945FC              <1> 		mov		[ebp - 4], eax					;   // 积算值更新
   118                              <1> 												;   
   119 00000478 E2D0                <1> 		loop	.50L							;   
   120                              <1> .50E:											; } while (迭代次数--);
   121                              <1> 
   122                              <1> 
   123 0000047A 5F                  <1> 		pop		edi
   124 0000047B 5E                  <1> 		pop		esi
   125 0000047C 5A                  <1> 		pop		edx
   126 0000047D 59                  <1> 		pop		ecx
   127 0000047E 5B                  <1> 		pop		ebx
   128 0000047F 58                  <1> 		pop		eax
   129                              <1> 
   130 00000480 89EC                <1> 		mov		esp, ebp
   131 00000482 5D                  <1> 		pop		ebp
   132                              <1> 
   133 00000483 C3                  <1> 		ret
   134                              <1> 
    57                                  %include "../modules/protect/draw_rect.s"
     1                              <1> draw_rect:
     2                              <1> 
     3 00000484 55                  <1> 		push	ebp								
     4 00000485 89E5                <1> 		mov		ebp, esp						
     5                              <1> 
     6 00000487 50                  <1> 		push		eax
     7 00000488 53                  <1> 		push		ebx
     8 00000489 51                  <1> 		push		ecx
     9 0000048A 52                  <1> 		push		edx
    10 0000048B 56                  <1> 		push		esi
    11                              <1> 
    12                              <1> 		;---------------------------------------
    13                              <1> 		; 获取参数
    14                              <1> 		;---------------------------------------
    15 0000048C 8B4508              <1> 		mov		eax, [ebp + 8]					; EAX = X0;
    16 0000048F 8B5D0C              <1> 		mov		ebx, [ebp +12]					; EBX = Y0;
    17 00000492 8B4D10              <1> 		mov		ecx, [ebp +16]					; ECX = X1;
    18 00000495 8B5514              <1> 		mov		edx, [ebp +20]					; EDX = Y1;
    19 00000498 8B7518              <1> 		mov		esi, [ebp +24]					; ESI = 颜色;
    20                              <1> 
    21                              <1> 		;---------------------------------------
    22                              <1> 		; 确定坐标的大小
    23                              <1> 		;---------------------------------------
    24 0000049B 39C8                <1> 		cmp		eax, ecx						; if (X1 < X0)
    25 0000049D 7C01                <1> 		jl		.10E							; {
    26 0000049F 91                  <1> 		xchg	eax, ecx						;   交换X0和X1
    27                              <1> .10E:											; }
    28                              <1> 
    29 000004A0 39D3                <1> 		cmp		ebx, edx						; if (Y1 < Y0)
    30 000004A2 7C02                <1> 		jl		.20E							; {
    31 000004A4 87DA                <1> 		xchg	ebx, edx						;   交换Y0和Y1
    32                              <1> .20E:											; }
    33                              <1> 
    34                              <1> 		;---------------------------------------
    35                              <1> 		; 画矩形
    36                              <1> 		;---------------------------------------
    37 000004A6 5653515350E822FFFF- <1> 		cdecl	draw_line, eax, ebx, ecx, ebx, esi	; 上线
    37 000004AF FF6683C414          <1>
    38 000004B4 5652505350E814FFFF- <1> 		cdecl	draw_line, eax, ebx, eax, edx, esi	; 左线
    38 000004BD FF6683C414          <1>
    39                              <1> 
    40 000004C2 4A                  <1> 		dec		edx									; EDX--; // 下线往上挪一个点
    41 000004C3 5652515250E805FFFF- <1> 		cdecl	draw_line, eax, edx, ecx, edx, esi	; 下线
    41 000004CC FF6683C414          <1>
    42 000004D1 42                  <1> 		inc		edx
    43                              <1> 
    44 000004D2 49                  <1> 		dec		ecx									; ECX--; // 右线向左挪一个点
    45 000004D3 5652515351E8F5FEFF- <1> 		cdecl	draw_line, ecx, ebx, ecx, edx, esi	; 右线
    45 000004DC FF6683C414          <1>
    46                              <1> 
    47                              <1> 
    48 000004E1 5E                  <1> 		pop		esi
    49 000004E2 5A                  <1> 		pop		edx
    50 000004E3 59                  <1> 		pop		ecx
    51 000004E4 5B                  <1> 		pop		ebx
    52 000004E5 58                  <1> 		pop		eax
    53                              <1> 
    54 000004E6 89EC                <1> 		mov		esp, ebp
    55 000004E8 5D                  <1> 		pop		ebp
    56                              <1> 
    57 000004E9 C3                  <1> 		ret
    58                              <1> 
    58                                  %include "../modules/protect/itoa.s"
     1                              <1> 
     2                              <1> itoa:
     3                              <1> 
     4 000004EA 55                  <1> 		push	ebp								
     5 000004EB 89E5                <1> 		mov		ebp, esp					
     6                              <1> 
     7 000004ED 50                  <1> 		push	eax
     8 000004EE 53                  <1> 		push	ebx
     9 000004EF 51                  <1> 		push	ecx
    10 000004F0 52                  <1> 		push	edx
    11 000004F1 56                  <1> 		push	esi
    12 000004F2 57                  <1> 		push	edi
    13                              <1> 
    14                              <1> 		;---------------------------------------
    15                              <1> 		; 获取参数
    16                              <1> 		;---------------------------------------
    17 000004F3 8B4508              <1> 		mov		eax, [ebp + 8]					; val  = 数值;
    18 000004F6 8B750C              <1> 		mov		esi, [ebp +12]					; dst  = buffer address;
    19 000004F9 8B4D10              <1> 		mov		ecx, [ebp +16]					; size = 剩下的buffer address;
    20                              <1> 
    21 000004FC 89F7                <1> 		mov		edi, esi						; // buffer的末尾
    22 000004FE 01CF                <1> 		add		edi, ecx						; dst  = &dst[size - 1];
    23 00000500 4F                  <1> 		dec		edi								; 
    24                              <1> 
    25 00000501 8B5D18              <1> 		mov		ebx, [ebp +24]					; flags = option;
    26                              <1> 
    27                              <1> 		;---------------------------------------
    28                              <1> 		; 判定是否有符号
    29                              <1> 		;---------------------------------------
    30 00000504 F7C301000000        <1> 		test	ebx, 0b0001						; if (flags & 0x01)// 有符号
    31 0000050A 7408                <1> .10Q:	je		.10E							; {
    32 0000050C 83F800              <1> 		cmp		eax, 0							;   if (val < 0)
    33 0000050F 7D03                <1> .12Q:	jge		.12E							;   {
    34 00000511 83CB02              <1> 		or		ebx, 0b0010						;     flags |=  2; // 表示符号
    35                              <1> .12E:											;   }
    36                              <1> .10E:											; }
    37                              <1> 
    38                              <1> 		;---------------------------------------
    39                              <1> 		; 符号输出判定
    40                              <1> 		;---------------------------------------
    41 00000514 F7C302000000        <1> 		test	ebx, 0b0010						; if (flags & 0x02)// 符号输出判定
    42 0000051A 7410                <1> .20Q:	je		.20E							; {
    43 0000051C 83F800              <1> 		cmp		eax, 0							;   if (val < 0)
    44 0000051F 7D07                <1> .22Q:	jge		.22F							;   {
    45 00000521 F7D8                <1> 		neg		eax								;     val *= -1;   // 变成正数
    46 00000523 C6062D              <1> 		mov		[esi], byte '-'					;     *dst = '-';  // 打印负号
    47 00000526 EB03                <1> 		jmp		.22E							;   }
    48                              <1> .22F:											;   else
    49                              <1> 												;   {
    50 00000528 C6062B              <1> 		mov		[esi], byte '+'					;     *dst = '+';  // 正号
    51                              <1> .22E:											;   }
    52 0000052B 49                  <1> 		dec		ecx								;   size--;        // 剩下的buffer_size-1
    53                              <1> .20E:											; }
    54                              <1> 
    55                              <1> 		;---------------------------------------
    56                              <1> 		; ASCII变换
    57                              <1> 		;---------------------------------------
    58 0000052C 8B5D14              <1> 		mov		ebx, [ebp +20]					; BX = 基数
    59                              <1> .30L:											; do
    60                              <1> 												; {
    61 0000052F BA00000000          <1> 		mov		edx, 0							;   
    62 00000534 F7F3                <1> 		div		ebx								;   DX = DX:AX % 基数;
    63                              <1> 												;   AX = DX:AX / 基数;
    64                              <1> 												;   
    65 00000536 89D6                <1> 		mov		esi, edx						;   // 查表
    66 00000538 8A96[63050000]      <1> 		mov		dl, byte [.ascii + esi]			;   DL = ASCII[DX];
    67                              <1> 												;   
    68 0000053E 8817                <1> 		mov		[edi], dl						;   *dst = DL;
    69 00000540 4F                  <1> 		dec		edi								;   dst--;
    70                              <1> 												;   
    71 00000541 83F800              <1> 		cmp		eax, 0							;   
    72 00000544 E0E9                <1> 		loopnz	.30L							; } while (AX);
    73                              <1> .30E:
    74                              <1> 
    75                              <1> 		;---------------------------------------
    76                              <1> 		; 空栏填充
    77                              <1> 		;---------------------------------------
    78 00000546 83F900              <1> 		cmp		ecx, 0							; if (size)
    79 00000549 740E                <1> .40Q:	je		.40E							; {
    80 0000054B B020                <1> 		mov		al, ' '							;   AL = ' ';  // ' '填充()默认值
    81 0000054D 66837D1804          <1> 		cmp		[ebp +24], word 0b0100			;   if (flags & 0x04)
    82 00000552 7502                <1> .42Q:	jne		.42E							;   {
    83 00000554 B030                <1> 		mov		al, '0'							;     AL = '0'; // '0'填充
    84                              <1> .42E:											;   }
    85 00000556 FD                  <1> 		std										;   // DF = 1(-方向)
    86 00000557 F3AA                <1> 		rep stosb								;   while (--CX) *DI-- = ' ';
    87                              <1> .40E:											; }
    88                              <1> 
    89                              <1> 
    90 00000559 5F                  <1> 		pop		edi
    91 0000055A 5E                  <1> 		pop		esi
    92 0000055B 5A                  <1> 		pop		edx
    93 0000055C 59                  <1> 		pop		ecx
    94 0000055D 5B                  <1> 		pop		ebx
    95 0000055E 58                  <1> 		pop		eax
    96                              <1> 
    97                              <1> 
    98 0000055F 89EC                <1> 		mov		esp, ebp
    99 00000561 5D                  <1> 		pop		ebp
   100                              <1> 
   101 00000562 C3                  <1> 		ret
   102                              <1> 
   103 00000563 303132333435363738- <1> .ascii	db		"0123456789ABCDEF"				; 变换表
   103 0000056C 39414243444546      <1>
   104                              <1> 
    59                                  %include "../modules/protect/rtc.s"
     1                              <1> rtc_get_time:
     2 00000573 55                  <1> 		push	ebp								
     3 00000574 89E5                <1> 		mov		ebp, esp
     4                              <1> 										
     5 00000576 53                  <1> 		push	ebx
     6                              <1> 
     7                              <1> 		;---------------------------------------
     8                              <1> 		; RTC时间信息获得
     9                              <1> 		;---------------------------------------
    10 00000577 B00A                <1> 		mov		al, 0x0A						; // 寄存器A
    11 00000579 E670                <1> 		out		0x70, al						; outp(0x70, AL);
    12 0000057B E471                <1> 		in		al, 0x71						; AL = 寄存器A;
    13 0000057D A880                <1> 		test	al, 0x80						; if (DM & UIP) // 更新中
    14 0000057F 7407                <1> 		je		.10F							; {
    15 00000581 B801000000          <1> 		mov		eax, 1							;   ret = 1; // 数据更新中
    16 00000586 EB27                <1> 		jmp		.10E							; }
    17                              <1> .10F:											; else
    18                              <1> 												; {
    19                              <1> 												;   // RAM[0x04]:时
    20 00000588 B004                <1> 		mov		al, 0x04						;   AL = 0x04;
    21 0000058A E670                <1> 		out		0x70, al						;   outp(0x70, AL);
    22 0000058C E471                <1> 		in		al, 0x71						;   AL = inp(0x71); // 时data
    23                              <1> 												;   
    24 0000058E C1E008              <1> 		shl		eax, 8							;   EAX <<= 8;      // bit移位
    25                              <1> 												;   
    26                              <1> 												;   // RAM[0x02]:分
    27 00000591 B002                <1> 		mov		al, 0x02						;   AL = 0x02;
    28 00000593 E670                <1> 		out		0x70, al						;   outp(0x70, AL);
    29 00000595 E471                <1> 		in		al, 0x71						;   AL = inp(0x71); // 分data
    30                              <1> 												;   
    31 00000597 C1E008              <1> 		shl		eax, 8							;   EAX <<= 8;      // bit移位
    32                              <1> 												;   
    33                              <1> 												;   // RAM[0x00]:秒
    34 0000059A B000                <1> 		mov		al, 0x00						;   AL = 0x00;
    35 0000059C E670                <1> 		out		0x70, al						;   outp(0x70, AL);
    36 0000059E E471                <1> 		in		al, 0x71						;   AL = inp(0x71); //秒data
    37                              <1> 												;   
    38 000005A0 25FFFFFF00          <1> 		and		eax, 0x00_FF_FF_FF				;   // 只有低位的3byte有效
    39                              <1> 												;   
    40 000005A5 8B5D08              <1> 		mov		ebx, [ebp + 8]					;   ebx = 保存地址;
    41 000005A8 8903                <1> 		mov		[ebx], eax						;   [dst] = 时间;
    42                              <1> 												;   
    43 000005AA B800000000          <1> 		mov		eax, 0							;   ret = 0; // 正常
    44                              <1> .10E:											; }
    45                              <1> 
    46 000005AF 5B                  <1> 		pop		ebx
    47                              <1> 
    48 000005B0 89EC                <1> 		mov		esp, ebp
    49 000005B2 5D                  <1> 		pop		ebp
    50                              <1> 
    51 000005B3 C3                  <1> 		ret
    52                              <1> 
    60                                  %include "../modules/protect/draw_time.s"
     1                              <1> draw_time:
     2 000005B4 55                  <1> 		push	ebp	
     3 000005B5 89E5                <1> 		mov		ebp, esp
     4                              <1> 											
     5                              <1> 
     6 000005B7 50                  <1> 		push	eax
     7 000005B8 53                  <1> 		push	ebx
     8                              <1> 
     9                              <1> 		;---------------------------------------
    10                              <1> 		; 获取时间数据
    11                              <1> 		;---------------------------------------
    12 000005B9 8B4514              <1> 	    mov		eax, [ebp +20]					; EAX = 时间数据;
    13 000005BC 3B05[3A060000]      <1> 		cmp		eax, [.last]					; if ( != O)
    14 000005C2 7467                <1> 		je		.10E							; {
    15                              <1> 												;   
    16 000005C4 A3[3A060000]        <1> 		mov		[.last], eax					;   // OlXV
    17                              <1> 
    18 000005C9 BB00000000          <1> 		mov		ebx, 0							;   EBX = 0;
    19 000005CE 88C3                <1> 		mov		bl, al							;   EBX = 秒;
    20 000005D0 6A046A106A0268-     <1> 		cdecl	itoa, ebx, .sec, 2, 16, 0b0100	;   //转换成字符串
    20 000005D7 [48060000]53E809FF- <1>
    20 000005DF FFFF6683C414        <1>
    21                              <1> 
    22 000005E5 88E3                <1> 		mov		bl, ah							;   EBX = 分;
    23 000005E7 6A046A106A0268-     <1> 		cdecl	itoa, ebx, .min, 2, 16, 0b0100	;   // 转换成字符串
    23 000005EE [45060000]53E8F2FE- <1>
    23 000005F6 FFFF6683C414        <1>
    24                              <1> 
    25 000005FC C1E810              <1> 		shr		eax, 16							;   EBX = 时;
    26 000005FF 6A046A106A0268-     <1> 		cdecl	itoa, eax, .hour, 2, 16, 0b0100	;   // 转换成字符串
    26 00000606 [42060000]50E8DAFE- <1>
    26 0000060E FFFF6683C414        <1>
    27                              <1> 
    28                              <1> 												;   // 输出时间
    29 00000614 68[42060000]FF7510- <1> 		cdecl	draw_str, dword [ebp + 8], dword [ebp +12], dword [ebp +16], .hour
    29 0000061C FF750CFF7508E825FC- <1>
    29 00000625 FFFF6683C410        <1>
    30                              <1> 												;     
    31                              <1> 												;   }
    32                              <1> .10E:											; }
    33                              <1> 
    34 0000062B 5B                  <1> 		pop		ebx
    35 0000062C 58                  <1> 		pop		eax
    36                              <1> 
    37 0000062D 89EC                <1> 		mov		esp, ebp
    38 0000062F 5D                  <1> 		pop		ebp
    39                              <1> 
    40 00000630 C3                  <1> 		ret
    41                              <1> 
    42 00000631 00                  <1> ALIGN 2, db 0
    43 00000632 0000000000000000    <1> .temp:	dq	0
    44 0000063A 0000000000000000    <1> .last:	dq	0
    45 00000642 5A5A3A              <1> .hour:	db	"ZZ:"
    46 00000645 5A5A3A              <1> .min:	db	"ZZ:"
    47 00000648 5A5A00              <1> .sec:	db	"ZZ", 0
    48                              <1> 
    61                                  %include "modules/interrupt.s"
     1                              <1> ;************************************************************************
     2                              <1> ;中断向量的初始化
     3                              <1> ;************************************************************************
     4 0000064B 90                  <1> ALIGN 4
     5 0000064C FF07                <1> IDTR:	dw 		8 * 256 - 1					; idt_limit
     6 0000064E 00001000            <1> 		dd 		VECT_BASE					; idt location
     7                              <1> 
     8                              <1> ;************************************************************************
     9                              <1> ;中断table的初始化
    10                              <1> ;************************************************************************
    11                              <1> init_int:
    12 00000652 50                  <1> 		push	eax
    13 00000653 53                  <1> 		push	ebx
    14 00000654 51                  <1> 		push	ecx
    15 00000655 57                  <1> 		push	edi
    16                              <1> 
    17                              <1> 		;---------------------------------------
    18                              <1> 		; 所有的中断表的初始化
    19                              <1> 		;---------------------------------------
    20 00000656 8D05[9B070000]      <1> 		lea		eax, [int_default]				; EAX   = 中断处理的地址;
    21 0000065C BB008E0800          <1> 		mov		ebx, 0x0008_8E00				; EBX   = segment selector -> code segment;
    22 00000661 6693                <1> 		xchg	ax, bx							; // 低位的word交换
    23                              <1> 
    24 00000663 B900010000          <1> 		mov		ecx, 256						; ECX   =	中断向量的个数
    25 00000668 BF00001000          <1> 		mov		edi, VECT_BASE					; EDI   =   中断向量表
    26                              <1> 
    27                              <1> .10L:											; do
    28                              <1> 												; {
    29 0000066D 891F                <1> 		mov		[edi + 0], ebx					;   [EDI + 0] = 中断描述符(低位)
    30 0000066F 894704              <1> 		mov		[edi + 4], eax					;   [EDI + 4] = 中断描述符(高位)
    31 00000672 83C708              <1> 		add		edi, 8							;   EDI += 8;
    32 00000675 E2F6                <1> 		loop	.10L							; } while (ECX--);
    33                              <1> 
    34                              <1> 		;---------------------------------------
    35                              <1> 		; 中断描述符的设定
    36                              <1> 		;---------------------------------------
    37 00000677 0F011D[4C060000]    <1> 		lidt	[IDTR]							; // 加载中断描述符
    38                              <1> 
    39 0000067E 5F                  <1> 		pop		edi
    40 0000067F 59                  <1> 		pop		ecx
    41 00000680 5B                  <1> 		pop		ebx
    42 00000681 58                  <1> 		pop		eax
    43                              <1> 
    44 00000682 C3                  <1> 		ret
    45                              <1> 
    46                              <1> 
    47                              <1> 
    48                              <1> ;************************************************************************
    49                              <1> ;表示stack的值
    50                              <1> ;************************************************************************
    51                              <1> int_stop:
    52                              <1> 		;---------------------------------------
    53                              <1> 		; EAX表示的字符串
    54                              <1> 		;---------------------------------------
    55 00000683 50680F0600006A0F6A- <1> 		cdecl	draw_str, 25, 15, 0x060F, eax	; draw_str(EAX);
    55 0000068C 19E8BAFBFFFF6683C4- <1>
    55 00000695 10                  <1>
    56                              <1> 
    57                              <1> 		;---------------------------------------
    58                              <1> 		; 将stack_data转换成字符串
    59                              <1> 		;---------------------------------------
    60 00000696 8B0424              <1> 		mov		eax, [esp + 0]					; EAX = ESP[ 0];
    61 00000699 6A046A106A0868-     <1> 		cdecl	itoa, eax, .p1, 8, 16, 0b0100	; itoa(EAX, 8, 16, 0b0100);
    61 000006A0 [5E070000]50E840FE- <1>
    61 000006A8 FFFF6683C414        <1>
    62                              <1> 
    63 000006AE 8B442404            <1> 		mov		eax, [esp + 4]					; EAX = ESP[ 4];
    64 000006B2 6A046A106A0868-     <1> 		cdecl	itoa, eax, .p2, 8, 16, 0b0100	; itoa(EAX, 8, 16, 0b0100);
    64 000006B9 [6F070000]50E827FE- <1>
    64 000006C1 FFFF6683C414        <1>
    65                              <1> 
    66 000006C7 8B442408            <1> 		mov		eax, [esp + 8]					; EAX = ESP[ 8];
    67 000006CB 6A046A106A0868-     <1> 		cdecl	itoa, eax, .p3, 8, 16, 0b0100	; itoa(EAX, 8, 16, 0b0100);
    67 000006D2 [80070000]50E80EFE- <1>
    67 000006DA FFFF6683C414        <1>
    68                              <1> 
    69 000006E0 8B44240C            <1> 		mov		eax, [esp +12]					; EAX = ESP[12];
    70 000006E4 6A046A106A0868-     <1> 		cdecl	itoa, eax, .p4, 8, 16, 0b0100	; itoa(EAX, 8, 16, 0b0100);
    70 000006EB [91070000]50E8F5FD- <1>
    70 000006F3 FFFF6683C414        <1>
    71                              <1> 
    72                              <1> 		;---------------------------------------
    73                              <1> 		; 字符串打印
    74                              <1> 		;---------------------------------------
    75 000006F9 68[57070000]68040F- <1> 		cdecl	draw_str, 25, 16, 0x0F04, .s1	; draw_str("ESP+ 0:-------- ");
    75 00000701 00006A106A19E840FB- <1>
    75 0000070A FFFF6683C410        <1>
    76 00000710 68[68070000]68040F- <1> 		cdecl	draw_str, 25, 17, 0x0F04, .s2	; draw_str("   + 4:-------- ");
    76 00000718 00006A116A19E829FB- <1>
    76 00000721 FFFF6683C410        <1>
    77 00000727 68[79070000]68040F- <1> 		cdecl	draw_str, 25, 18, 0x0F04, .s3	; draw_str("   + 8:-------- ");
    77 0000072F 00006A126A19E812FB- <1>
    77 00000738 FFFF6683C410        <1>
    78 0000073E 68[8A070000]68040F- <1> 		cdecl	draw_str, 25, 19, 0x0F04, .s4	; draw_str("   +12:-------- ");
    78 00000746 00006A136A19E8FBFA- <1>
    78 0000074F FFFF6683C410        <1>
    79                              <1> 
    80                              <1> 		;---------------------------------------
    81                              <1> 		; 无限循环
    82                              <1> 		;---------------------------------------
    83 00000755 EBFE                <1> 		jmp		$								; while (1) ; // 无限循环
    84                              <1> 
    85 00000757 4553502B20303A      <1> .s1		db	"ESP+ 0:"
    86 0000075E 5F5F5F5F5F5F5F5F20- <1> .p1		db	"________ ", 0
    86 00000767 00                  <1>
    87 00000768 2020202B20343A      <1> .s2		db	"   + 4:"
    88 0000076F 5F5F5F5F5F5F5F5F20- <1> .p2		db	"________ ", 0
    88 00000778 00                  <1>
    89 00000779 2020202B20383A      <1> .s3		db	"   + 8:"
    90 00000780 5F5F5F5F5F5F5F5F20- <1> .p3		db	"________ ", 0
    90 00000789 00                  <1>
    91 0000078A 2020202B31323A      <1> .s4		db	"   +12:"
    92 00000791 5F5F5F5F5F5F5F5F20- <1> .p4		db	"________ ", 0
    92 0000079A 00                  <1>
    93                              <1> 
    94                              <1> ;*************************
    95                              <1> ;default中断
    96                              <1> ;*************************
    97                              <1> int_default:
    98 0000079B 9C                  <1> 		pushf									; // EFLAGS(IF==0)
    99 0000079C 0E                  <1> 		push	cs								; // CS
   100 0000079D 68[83060000]        <1> 		push	int_stop						; // 表示stack
   101                              <1> 
   102 000007A2 B8[A8070000]        <1> 		mov		eax, .s0						; // 中断的类别
   103 000007A7 CF                  <1> 		iret
   104                              <1> 
   105 000007A8 203C2020202053544F- <1> .s0		db	" <    STOP    > ", 0
   105 000007B1 50202020203E2000    <1>
   106                              <1> 
   107                              <1> ;***********************
   108                              <1> ;除0中断
   109                              <1> ;***********************
   110                              <1> int_zero_div:
   111 000007B9 9C                  <1> 	pushf		;//EFLAGS
   112 000007BA 0E                  <1> 	push cs		;//cs
   113 000007BB 68[83060000]        <1> 	push int_stop		;//显示stack
   114                              <1> 
   115 000007C0 B8[C6070000]        <1> 	mov eax,.s0			;//中断的类别
   116 000007C5 CF                  <1> 	iret
   117                              <1> 
   118 000007C6 3C205A45524F204449- <1> .s0 db"< ZERO DIV >",0
   118 000007CF 56203E00            <1>
    62                                  
    63                                  ;********************
    64                                  ;padding
    65                                  ;********************
    66 000007D3 00<rept>                	times KERNEL_SIZE -($-$$) db 0;
