     1                                  BOOT_LOAD equ 0x7C00        ;ÂêØÂä®Á®ãÂ∫èÁöÑÂä†ËΩΩ‰ΩçÁΩÆ
     2                                  
     3                                  ORG BOOT_LOAD               ;ÂêëÁºñËØëÂô®ÊåáÁ§∫Âä†ËΩΩÂú∞ÂùÄ
     4                                  
     5                                  ;**************************
     6                                  ; ÂÆèËÆæÂÆö
     7                                  ;*************************
     8                                  %include "../include/macro.s"
     1                              <1> %macro cdecl 1-*.nolist  ;//1-* «“ª∏ˆ“‘…œµƒ≤Œ ˝
     2                              <1> 
     3                              <1> 	%rep %0 -1         ;//%0 «≤Œ ˝µƒ∏ˆ ˝
     4                              <1> 		push %{-1:-1}  ;//%Ω´≤Œ ˝µπ◊≈—π’ª
     5                              <1> 		%rotate -1   
     6                              <1> 	%endrep
     7                              <1> 	%rotate -1      ;//ª÷∏¥‘≠¿¥µƒ≤Œ ˝
     8                              <1> 
     9                              <1> 	call %1
    10                              <1> 	%if 1 < %0
    11                              <1> 		add sp,(__BITS__ >> 3)*(%0 - 1)     ;//__BITS__ «±Ì æ16±»Ãÿƒ£ Ωªπ «32±»Ãÿƒ£ Ω
    12                              <1> 	%endif									;//∏¯√ø∏ˆ≤Œ ˝∑÷≈‰’ªø’º‰
    13                              <1> 
    14                              <1> %endmacro
     9                                  
    10                                  
    11                                  entry:
    12 00000000 EB58                    	jmp ipl
    13                                  	;------------------
    14                                  	;BPB(BIOS Parameter Block)
    15                                  	;------------------
    16 00000002 90<rept>                	times 90 -($-$$) db 0x90
    17                                  
    18                                  	;----------------------------
    19                                  	;IPL(Initial Pragram Loader)
    20                                  ipl:
    21 0000005A FA                      	cli ;//Á¶ÅÊ≠¢‰∏≠Êñ≠
    22                                  
    23 0000005B B80000                  	mov ax,0x0000
    24 0000005E 8ED8                    	mov ds , ax        ;//Â∞ÜÊÆµÂØÑÂ≠òÂô®ÈÉΩÂÖàËÆæÁΩÆ‰∏∫0
    25 00000060 8EC0                    	mov es , ax
    26 00000062 8ED0                    	mov ss , ax
    27 00000064 BC007C                  	mov sp , BOOT_LOAD   ;//Â∞ÜÊ†àÂ∫ïËÆæÁΩÆ‰∏∫bootÁ®ãÂ∫èÂºÄÂßãÁöÑÂú∞Êñπ
    28                                  
    29 00000067 FB                      	sti ;//ÂÖÅËÆ∏‰∏≠Êñ≠
    30                                  
    31 00000068 8816[8400]              	mov [BOOT.DRIVE], dl;//dlÊòØ‰øùÂ≠òÂêØÂä®Á®ãÂ∫èÁöÑÂ§ñÈÉ®ËÆæÂ§áÁöÑÂ∫èÂè∑
    32                                  
    33 0000006C 68[7700]E8290083C4-     	cdecl puts, .s0
    33 00000074 02                 
    34                                  
    35                                  
    36 00000075 EBFE                    	jmp $
    37                                  
    38 00000077 426F6F74696E672E2E-     .s0 db "Booting...",0x0A,0x0D,0 ;//0x0AÊòØ‰∏ã‰∏ÄË°å,0x0DÊòØÂ∞ÜkernelÁßªÂà∞ÊúÄÂ∑¶Á´Ø,0‰ª£Ë°®Â≠óÁ¨¶‰∏≤ÁöÑÁªàÁªì
    38 00000080 2E0A0D00           
    39                                  
    40                                  ALIGN 2, db 0
    41                                  BOOT:
    42 00000084 0000                    .DRIVE: dw 0   ;//driveÁöÑÂ∫èÂè∑
    43                                  
    44                                  ;**********************
    45                                  ;module
    46                                  ;***********************
    47                                  %include "../modules/real/putc.s"
     1                              <1> putc:
     2                              <1> 	
     3                              <1> 					;+4 |  ‰≥ˆ◊÷∑˚
     4                              <1> 					;+2 | IP ∑µªÿµÿ÷∑
     5 00000086 55                  <1> 	push bp			;BP + 0|BP(‘≠¿¥µƒ÷µ)
     6 00000087 89E5                <1> 	mov bp,sp       
     7                              <1> 
     8                              <1> 	;----------------
     9                              <1> 	;±£¥Êºƒ¥Ê∆˜µƒ÷µ
    10                              <1> 	;-----------------
    11 00000089 50                  <1> 	push ax
    12 0000008A 53                  <1> 	push bx
    13                              <1> 	;-----------------------
    14                              <1> 	;¥Ú”°◊÷∑˚
    15                              <1> 	;-----------------------
    16 0000008B 8A4604              <1> 	mov al,[bp+4]
    17 0000008E B40E                <1> 	mov ah,0x0E
    18 00000090 BB0000              <1> 	mov bx,0x0000
    19 00000093 CD10                <1> 	int 0x10
    20                              <1> 	;----------------
    21                              <1> 	;∏¥‘≠ºƒ¥Ê∆˜µƒ÷µ
    22                              <1> 	;----------------
    23                              <1> 
    24 00000095 5B                  <1> 	pop bx
    25 00000096 58                  <1> 	pop ax
    26                              <1> 
    27 00000097 89EC                <1> 	mov sp,bp
    28 00000099 5D                  <1> 	pop bp
    29                              <1> 
    30 0000009A C3                  <1> 	ret
    48                                  %include "../modules/real/puts.s"
     1                              <1> puts:
     2 0000009B 55                  <1> 	push bp
     3 0000009C 89E5                <1> 	mov bp,sp
     4                              <1> 
     5 0000009E 50                  <1> 	push ax
     6 0000009F 53                  <1> 	push bx
     7 000000A0 56                  <1> 	push si
     8                              <1> 
     9                              <1> 	;**************
    10                              <1> 	;»°µ√◊÷∑˚¥Æµƒø™ ºµÿ÷∑
    11                              <1> 	;**************
    12 000000A1 8B7604              <1> 	mov si,[bp+4]
    13                              <1> 
    14 000000A4 B40E                <1> 	mov ah,0x0E
    15 000000A6 BB0000              <1> 	mov bx,0x0000
    16 000000A9 FC                  <1> 	cld    ;//DF = 0 µÿ÷∑µ›‘ˆ
    17                              <1> 
    18                              <1> .10L:
    19                              <1> 	
    20 000000AA AC                  <1> 	lodsb ;//AL = *SI++
    21                              <1> 
    22 000000AB 3C00                <1> 	cmp al,0	;//if(AL == 0)
    23 000000AD 7404                <1> 	je	.10E	;//breal
    24                              <1> 
    25 000000AF CD10                <1> 	int 0x10
    26 000000B1 EBF7                <1> 	jmp .10L
    27                              <1> .10E:
    28                              <1> 
    29 000000B3 5E                  <1> 	pop si
    30 000000B4 5B                  <1> 	pop bx
    31 000000B5 58                  <1> 	pop ax
    32                              <1> 
    33 000000B6 89EC                <1> 	mov sp,bp
    34 000000B8 5D                  <1> 	pop bp
    35                              <1> 
    36 000000B9 C3                  <1> 	ret
    49                                  ;******************
    50                                  ;boot_flag
    51                                  ;*******************
    52 000000BA 00<rept>                	times 510 -($-$$) db 0x00
    53 000001FE 55AA                    	db 0x55,0xAA
