     1                                  ;**************************
     2                                  ; ÂÆèËÆæÂÆö
     3                                  ;*************************
     4                                  %include "../include/macro.s"
     1                              <1> %macro cdecl 1-*.nolist  ;//1-* «“ª∏ˆ“‘…œµƒ≤Œ ˝
     2                              <1> 
     3                              <1> 	%rep %0 - 1         ;//%0 «≤Œ ˝µƒ∏ˆ ˝
     4                              <1> 		push %{-1:-1}  ;//%Ω´≤Œ ˝µπ◊≈—π’ª
     5                              <1> 		%rotate -1   
     6                              <1> 	%endrep
     7                              <1> 	%rotate -1      ;//ª÷∏¥‘≠¿¥µƒ≤Œ ˝
     8                              <1> 
     9                              <1> 	call %1
    10                              <1> 	%if 1 < %0
    11                              <1> 		add sp,(__BITS__ >> 3)*(%0 - 1)     ;//__BITS__ «±Ì æ16±»Ãÿƒ£ Ωªπ «32±»Ãÿƒ£ Ω
    12                              <1> 	%endif									;//∏¯√ø∏ˆ≤Œ ˝∑÷≈‰’ªø’º‰
    13                              <1> %endmacro
    14                              <1> 
    15                              <1> struc drive
    16 00000000 <res 00000002>      <1> 	.no resw 1	 ;«˝∂Ø∫≈
    17 00000002 <res 00000002>      <1> 	.cyln resw 1 ;cylinder
    18 00000004 <res 00000002>      <1> 	.head resw 1 ;head
    19 00000006 <res 00000002>      <1> 	.sect resw 1 ;sector
    20                              <1> endstruc
    21                              <1> 
     5                                  %include "../include/define.s"
     1                              <1> BOOT_LOAD equ 0x7C00      ;//boot≥Ã–Úº”‘ÿµÿ÷∑
     2                              <1> BOOT_SIZE equ (1024 * 8)  ;//boot¥˙¬Î∂Œ¥Û–°
     3                              <1> SECT_SIZE equ (512)       ;//sector¥Û–°
     4                              <1> BOOT_SECT equ (BOOT_SIZE/SECT_SIZE)   ;//bootµƒsector ˝
     5                              <1> 
     6                                  
     7                                  ORG BOOT_LOAD               ;ÂêëÁºñËØëÂô®ÊåáÁ§∫Âä†ËΩΩÂú∞ÂùÄ
     8                                  
     9                                  entry:
    10 00000000 EB58                    	jmp ipl
    11                                  	;------------------
    12                                  	;BPB(BIOS Parameter Block)
    13                                  	;------------------
    14 00000002 90<rept>                	times 90 -($-$$) db 0x90
    15                                  
    16                                  	;----------------------------
    17                                  	;IPL(Initial Pragram Loader)
    18                                  	;----------------
    19                                  ipl:
    20 0000005A FA                      	cli ;//Á¶ÅÊ≠¢‰∏≠Êñ≠
    21                                  
    22 0000005B B80000                  	mov ax,0x0000
    23 0000005E 8ED8                    	mov ds , ax        ;//Â∞ÜÊÆµÂØÑÂ≠òÂô®ÈÉΩÂÖàËÆæÁΩÆ‰∏∫0
    24 00000060 8EC0                    	mov es , ax
    25 00000062 8ED0                    	mov ss , ax
    26 00000064 BC007C                  	mov sp , BOOT_LOAD   ;//Â∞ÜÊ†àÂ∫ïËÆæÁΩÆ‰∏∫bootÁ®ãÂ∫èÂºÄÂßãÁöÑÂú∞Êñπ
    27                                  
    28 00000067 FB                      	sti ;//ÂÖÅËÆ∏‰∏≠Êñ≠
    29                                  
    30 00000068 8816[B800]              	mov [BOOT + drive.no], dl;//dlÊòØ‰øùÂ≠òÂêØÂä®Á®ãÂ∫èÁöÑÂ§ñÈÉ®ËÆæÂ§áÁöÑÂ∫èÂè∑
    31                                  
    32 0000006C 68[9900]E84E0083C4-     	cdecl puts,.s0
    32 00000074 02                 
    33                                  
    34                                  	;-------------------
    35                                  	;ËØªÂèñÊé•‰∏ãÊù•ÊâÄÊúâÁöÑsector
    36                                  	;-------------------
    37                                  	
    38 00000075 BB0F00                  	mov bx,BOOT_SECT-1
    39 00000078 B9007E                  	mov cx,BOOT_LOAD + SECT_SIZE
    40                                  
    41 0000007B 515368[B800]E89B00-     	cdecl read_chs,BOOT,bx,cx   ;AX = read_chs(.chs,bx,cx)
    41 00000083 83C406             
    42                                  
    43 00000086 39D8                    	cmp ax,bx    ;//if(AX != Ââ©‰∏ãÁöÑsectorÊï∞)
    44 00000088 740C                    .10Q: jz .10E
    45 0000008A 68[A600]E8300083C4-     .10T: cdecl puts, .e0 ;//ÂèëÁîüÈîôËØØ
    45 00000092 02                 
    46 00000093 E84900                  	call reboot      ;//ÈáçÂêØ
    47                                  
    48                                  .10E:
    49 00000096 E96701                  	jmp stage_2    ;//ÂêØÂä®Á®ãÂ∫èÁ¨¨‰∫å‰ΩçÁΩÆ
    50                                  
    51 00000099 426F6F74696E672E2E-     .s0 db "Booting...",0x0A,0x0D,0 ;//0x0AÊòØ‰∏ã‰∏ÄË°å,0x0DÊòØÂ∞ÜkernelÁßªÂà∞ÊúÄÂ∑¶Á´Ø,0‰ª£Ë°®Â≠óÁ¨¶‰∏≤ÁöÑÁªàÁªì
    51 000000A2 2E0A0D00           
    52 000000A6 4572726F723A736563-     .e0 db "Error:sector read",0 ;//ÈîôËØØ‰ø°ÊÅØ
    52 000000AF 746F72207265616400 
    53                                  
    54                                  ;*******************
    55                                  ;ÂêØÂä®È©±Âä®‰ø°ÊÅØ
    56                                  ;*******************
    57                                  ALIGN 2, db 0
    58                                  BOOT:
    59                                  	istruc drive
    60 000000B8 0000                    		at drive.no, dw 0
    61 000000BA 0000                    		at drive.cyln, dw 0
    62 000000BC 0000                    		at drive.head, dw 0
    63 000000BE 0200                    		at drive.sect, dw 2
    64                                  	iend
    65                                  
    66                                  ;**********************
    67                                  ;module
    68                                  ;***********************
    69                                  %include "../modules/real/puts.s"
     1                              <1> puts:
     2 000000C0 55                  <1> 	push bp
     3 000000C1 89E5                <1> 	mov bp,sp
     4                              <1> 
     5 000000C3 50                  <1> 	push ax
     6 000000C4 53                  <1> 	push bx
     7 000000C5 56                  <1> 	push si
     8                              <1> 
     9                              <1> 	;**************
    10                              <1> 	;»°µ√◊÷∑˚¥Æµƒø™ ºµÿ÷∑
    11                              <1> 	;**************
    12 000000C6 8B7604              <1> 	mov si,[bp+4]
    13                              <1> 
    14 000000C9 B40E                <1> 	mov ah,0x0E
    15 000000CB BB0000              <1> 	mov bx,0x0000
    16 000000CE FC                  <1> 	cld    ;//DF = 0 µÿ÷∑µ›‘ˆ
    17                              <1> 
    18                              <1> .10L:
    19                              <1> 	
    20 000000CF AC                  <1> 	lodsb ;//AL = *SI++
    21                              <1> 
    22 000000D0 3C00                <1> 	cmp al,0	;//if(AL == 0)
    23 000000D2 7404                <1> 	je	.10E	;//breal
    24                              <1> 
    25 000000D4 CD10                <1> 	int 0x10
    26 000000D6 EBF7                <1> 	jmp .10L
    27                              <1> .10E:
    28                              <1> 
    29 000000D8 5E                  <1> 	pop si
    30 000000D9 5B                  <1> 	pop bx
    31 000000DA 58                  <1> 	pop ax
    32                              <1> 
    33 000000DB 89EC                <1> 	mov sp,bp
    34 000000DD 5D                  <1> 	pop bp
    35                              <1> 
    36 000000DE C3                  <1> 	ret
    70                                  %include "../modules/real/reboot.s"
     1                              <1> reboot:
     2                              <1> 	;---------------------
     3                              <1> 	;±Ì æ÷ÿ∆Ù–≈œ¢
     4                              <1> 	;--------------------
     5 000000DF 68[FB00]E8DBFF83C4- <1> 	cdecl puts, .s0
     5 000000E7 02                  <1>
     6                              <1> 
     7                              <1> 	;-----------------
     8                              <1> 	;µ»¥˝ ‰»Î
     9                              <1> 	;-----------------
    10                              <1> 
    11                              <1> .10L:
    12                              <1> 	
    13 000000E8 B410                <1> 	mov ah,0x10
    14 000000EA CD16                <1> 	int 0x16
    15                              <1> 
    16 000000EC 3C00                <1> 	cmp al,''  ;//»Áπ˚ª∫≥Â«¯”– ˝æ›,µ»¥˝”√ªß ‰»Îªÿ≥µ
    17 000000EE 75F8                <1> 	jne .10L  
    18                              <1> 
    19                              <1> 	;------------------------------
    20                              <1> 	;ªª––
    21                              <1> 	;-----------------------------
    22                              <1> 
    23 000000F0 68[1901]E8CAFF83C4- <1> 	cdecl puts, .s1
    23 000000F8 02                  <1>
    24                              <1> 
    25 000000F9 CD19                <1> 	int 0x19 ;//÷ÿ∆Ù
    26                              <1> 
    27 000000FB 0A0D50555348205350- <1> .s0 db 0x0A,0x0D,"PUSH SPACE key to reboot...",0x0A
    27 00000104 414345206B65792074- <1>
    27 0000010D 6F207265626F6F742E- <1>
    27 00000116 2E2E0A              <1>
    28 00000119 0A0D0A0D00          <1> .s1 db 0x0A,0x0D,0x0A,0x0D,0
    71                                  %include "../modules/real/read_chs.s"
     1                              <1> read_chs:	
     2                              <1> 			; +8 ∏¥÷∆µƒƒøµƒµÿ
     3                              <1> 			; +6 sector ˝
     4                              <1> 			; +4 parameter  buffer
     5 0000011E 55                  <1> 	push bp
     6 0000011F 89E5                <1> 	mov bp,sp
     7 00000121 6A03                <1> 	push 3 ;//÷ÿ ‘µƒ¥Œ ˝
     8 00000123 6A00                <1> 	push 0 ;//∂¡»Îµƒsector ˝
     9                              <1> 
    10 00000125 53                  <1> 	push bx
    11 00000126 51                  <1> 	push cx
    12 00000127 52                  <1> 	push dx
    13 00000128 06                  <1> 	push es
    14 00000129 56                  <1> 	push si
    15                              <1> 
    16 0000012A 8B7604              <1> 	mov si,[bp+4]    ;SI = SRCª∫¥Ê
    17                              <1> 
    18                              <1> 	;------------------
    19                              <1> 	;CXºƒ¥Ê∆˜µƒ…Ë∂®
    20                              <1> 	;------------------
    21 0000012D 8A6C02              <1> 	mov ch,[si + drive.cyln+0]  ;//ch = cylinder∫≈
    22 00000130 8A4C03              <1> 	mov cl,[si + drive.cyln+1]  ;//cl = cylinder∫≈
    23 00000133 C0E106              <1> 	shl cl,6 ;// ch << 6  ˝æ›œÚ◊Ó∏ﬂŒª∂‘∆Î(cylinder∫≈10Œª)
    24 00000136 0A4C06              <1> 	or cl,[si + drive.sect]    ;//Ω´6Œªµƒsector∫≈…Ë÷√µΩcxºƒ¥Ê∆˜µƒµÕ¡˘Œª
    25                              <1> 
    26                              <1> 	;--------------------
    27                              <1> 	;∂¡»°sector
    28                              <1> 	;---------------------
    29 00000139 8A7404              <1> 	mov dh,[si + drive.head] ;//head∫≈
    30 0000013C 8A14                <1> 	mov dl,[si+0];         ;//«˝∂Ø∫≈
    31 0000013E B80000              <1> 	mov ax,0x0000        
    32 00000141 8EC0                <1> 	mov es,ax
    33 00000143 8B5E08              <1> 	mov bx,[bp+8]      ;//∏¥÷∆µƒƒøµƒµÿ
    34                              <1> .10L:
    35                              <1> 	
    36 00000146 B402                <1> 	mov ah,0x02     ;//∂¡»°sectorµƒ√¸¡Ó
    37 00000148 8A4606              <1> 	mov al,[bp+6] ;//sector ˝
    38                              <1> 
    39 0000014B CD13                <1> 	int 0X13
    40 0000014D 7304                <1> 	jnc .11E		;//»Áπ˚CF±ª…Ë÷√¡À
    41 0000014F B000                <1> 	mov al,0		;//al = 0
    42 00000151 EB0C                <1> 	jmp .10E
    43                              <1> 
    44                              <1> .11E:
    45                              <1> 
    46 00000153 3C00                <1> 	cmp al,0		
    47 00000155 7508                <1> 	jne .10E  ;//»Áπ˚”–∂¡µΩsector,‘Ú’˝≥£‘À––,∑Ò◊ﬂ÷ÿ ‘
    48                              <1> 
    49 00000157 B80000              <1> 	mov ax,0
    50 0000015A FF4EFE              <1> 	dec word[bp-2]
    51 0000015D 75E7                <1> 	jnz .10L
    52                              <1> .10E:
    53 0000015F B400                <1> 	mov ah,0
    54                              <1> 
    55 00000161 5E                  <1> 	pop si
    56 00000162 07                  <1> 	pop es
    57 00000163 5A                  <1> 	pop dx
    58 00000164 59                  <1> 	pop cx
    59 00000165 5B                  <1> 	pop bx
    60                              <1> 
    61 00000166 89EC                <1> 	mov sp,bp
    62 00000168 5D                  <1> 	pop bp
    63 00000169 C3                  <1> 	ret
    64                              <1> 
    65                              <1> 
    66                              <1> 
    67                              <1> 
    68                              <1> 
    69                              <1> 
    70                              <1> 
    72                                  ;******************
    73                                  ;boot_flag
    74                                  ;*******************
    75 0000016A 00<rept>                	times 510 -($-$$) db 0x00
    76 000001FE 55AA                    	db 0x55,0xAA
    77                                  
    78                                  ;*********************
    79                                  ;bootÂ§ÑÁêÜÁöÑÁ¨¨‰∫åÈò∂ÊÆµ
    80                                  ;*********************
    81                                  stage_2:
    82 00000200 68[0B02]E8BAFE83C4-     	cdecl puts, .s0
    82 00000208 02                 
    83                                  
    84                                  	;-----------------
    85                                  	;Â§ÑÁêÜÁªìÊùü
    86                                  	;---------------;
    87                                  
    88 00000209 EBFE                    	jmp $
    89 0000020B 326E64207374616765-     .s0 db "2nd stage...",0X0A,0x0D,0
    89 00000214 2E2E2E0A0D00       
    90                                  
    91                                  ;**********************
    92                                  ;padding
    93                                  ;**********************
    94 0000021A 00<rept>                	times BOOT_SIZE-($-$$) db 0 ;//8KB
