     1                                  %include "../include/define.s"
     1                              <1> BOOT_LOAD equ 0x7C00      ;//boot程序加载地址
     2                              <1> BOOT_SIZE equ (1024 * 8)  ;//boot代码段大小
     3                              <1> BOOT_END  equ (BOOT_LOAD + BOOT_SIZE) ;
     4                              <1> 
     5                              <1> SECT_SIZE equ (512)       ;//sector大小
     6                              <1> BOOT_SECT equ (BOOT_SIZE / SECT_SIZE)   ;//boot的sector数
     7                              <1> 
     8                              <1> E820_RECORD_SIZE equ 20
     9                              <1> 
    10                              <1> KERNEL_LOAD equ 0x0010_1000
    11                              <1> KERNEL_SIZE equ (1024*8) ;//kernel的大小仍然是8k
    12                              <1> KERNEL_SECT equ (KERNEL_SIZE / SECT_SIZE)
     2                                  %include "../include/macro.s"
     1                              <1> %macro cdecl 1-*.nolist  ;//1-*是一个以上的参数
     2                              <1> 
     3                              <1> 	%rep %0 - 1         ;//%0是参数的个数
     4                              <1> 		push %{-1:-1}  ;//%将参数倒着压栈
     5                              <1> 		%rotate -1   
     6                              <1> 	%endrep
     7                              <1> 	%rotate -1      ;//恢复原来的参数
     8                              <1> 
     9                              <1> 	call %1
    10                              <1> 	%if 1 < %0
    11                              <1> 		add sp,(__BITS__ >> 3)*(%0 - 1)     ;//__BITS__是表示16比特模式还是32比特模式
    12                              <1> 	%endif									;//给每个参数分配栈空间
    13                              <1> %endmacro
    14                              <1> 
    15                              <1> struc drive
    16 00000000 <res 00000002>      <1> 	.no resw 1	 ;驱动号
    17 00000002 <res 00000002>      <1> 	.cyln resw 1 ;cylinder
    18 00000004 <res 00000002>      <1> 	.head resw 1 ;head
    19 00000006 <res 00000002>      <1> 	.sect resw 1 ;sector
    20                              <1> endstruc
    21                              <1> 
     3                                  	
     4                                  	ORG KERNEL_LOAD
     5                                  
     6                                  [BITS 32]
     7                                  ;*******************
     8                                  ;entry  point
     9                                  ;*******************
    10                                  kernel:
    11                                  	;----------------------
    12                                  	;获取font address
    13                                  	;----------------------
    14 00000000 BE007E0000              	mov esi,BOOT_LOAD + SECT_SIZE ;ESI = 0x7C00 + 512
    15 00000005 0FB706                  	movzx eax,word[esi + 0]				;//eax = segment
    16 00000008 0FB75E02                	movzx ebx,word[esi + 2]				;//ebx = offset
    17 0000000C C1E004                  	shl eax,4
    18 0000000F 01D8                    	add eax,ebx
    19 00000011 A3[28000000]            	mov [FONT_ADR],eax					;FONT_ADR[0] = eax
    20                                  
    21                                  	;------------------------------
    22                                  	;表示文字一览
    23                                  	;------------------------------
    24 00000016 6A0D6A3FE884010000-     	cdecl draw_font, 63,13
    24 0000001F 6683C408           
    25                                  
    26 00000023 EBFE                    	jmp $
    27                                  
    28 00000025 00<rept>                ALIGN 4,db 0
    29 00000028 00000000                FONT_ADR: dd 0
    30                                  
    31                                  
    32                                  ;*************************
    33                                  ;model
    34                                  ;*************************
    35                                  %include "../modules/protect/vga.s"
     1                              <1> vga_set_read_plane:
     2                              <1> 	
     3 0000002C 55                  <1> 		push	ebp	
     4 0000002D 89E5                <1> 		mov		ebp, esp						
     5                              <1> 
     6 0000002F 50                  <1> 		push	eax
     7 00000030 52                  <1> 		push	edx
     8                              <1> 
     9                              <1> 		;---------------------------------------
    10                              <1> 		;选择读取的plane
    11                              <1> 		;---------------------------------------
    12 00000031 8A6508              <1> 		mov		ah, [ebp + 8]					; AH  = 指定读取的palne(----RGB)
    13 00000034 80E403              <1> 		and		ah, 0x03						; AH &= 0x03; // mask掉不要的bit
    14 00000037 B004                <1> 		mov		al, 0x04						; AL  = 读取map选择寄存器
    15 00000039 66BACE03            <1> 		mov		dx, 0x03CE						; DX  = 图像控制端口
    16 0000003D 66EF                <1> 		out		dx, ax							; // 端口输出
    17                              <1> 
    18 0000003F 5A                  <1> 		pop		edx
    19 00000040 58                  <1> 		pop		eax
    20 00000041 89EC                <1> 		mov		esp, ebp
    21 00000043 5D                  <1> 		pop		ebp
    22                              <1> 
    23 00000044 C3                  <1> 		ret
    24                              <1> 
    25                              <1> vga_set_write_plane:
    26                              <1> 											
    27 00000045 55                  <1> 		push	ebp								
    28 00000046 89E5                <1> 		mov		ebp, esp						
    29                              <1> 											
    30 00000048 50                  <1> 		push	eax
    31 00000049 52                  <1> 		push	edx
    32                              <1> 
    33                              <1> 		;---------------------------------------
    34                              <1> 		; 选择写入的plane
    35                              <1> 		;---------------------------------------
    36 0000004A 8A6508              <1> 		mov		ah, [ebp + 8]					; AH = 指定写入的plane(Bit:----IRGB)
    37 0000004D 80E40F              <1> 		and		ah, 0x0F						; AH = 0x0F; // mask掉不需要的比特
    38 00000050 B002                <1> 		mov		al, 0x02						; AL = 指定写入plane
    39 00000052 66BAC403            <1> 		mov		dx, 0x03C4						; DX = sequence控制端口
    40 00000056 66EF                <1> 		out		dx, ax							; // 端口输出
    41                              <1> 
    42                              <1> 
    43 00000058 5A                  <1> 		pop		edx
    44 00000059 58                  <1> 		pop		eax
    45                              <1> 
    46 0000005A 89EC                <1> 		mov		esp, ebp
    47 0000005C 5D                  <1> 		pop		ebp
    48                              <1> 
    49 0000005D C3                  <1> 		ret
    50                              <1> 
    51                              <1> ;
    52                              <1> vram_font_copy:
    53                              <1> 
    54                              <1> 
    55 0000005E 55                  <1> 		push	ebp							
    56 0000005F 89E5                <1> 		mov		ebp, esp						
    57                              <1> 
    58 00000061 50                  <1> 		push	eax
    59 00000062 53                  <1> 		push	ebx
    60 00000063 51                  <1> 		push	ecx
    61 00000064 52                  <1> 		push	edx
    62 00000065 56                  <1> 		push	esi
    63 00000066 57                  <1> 		push	edi
    64                              <1> 
    65                              <1> 		;---------------------------------------
    66                              <1> 		; 获取参数
    67                              <1> 		;---------------------------------------
    68 00000067 8B7508              <1> 		mov		esi, [ebp + 8]					; ESI = font地址
    69 0000006A 8B7D0C              <1> 		mov		edi, [ebp +12]					; EDI = VRAM地址;
    70 0000006D 0FB64510            <1> 		movzx	eax, byte [ebp +16]				; EAX = plane(用比特指定);
    71 00000071 0FB75D14            <1> 		movzx	ebx, word [ebp +20]				; EBX = 颜色;
    72                              <1> 
    73                              <1> 		;//背景色或者前景色包含plane的时候设置为0xff,不包含的时候设置为0x00
    74                              <1> 
    75 00000075 84C7                <1> 		test	bh, al							; ZF = (背景色 & plane);
    76 00000077 0F94C6              <1> 		setz	dh								; AH = ZF ? 0x01 : 0x00
    77 0000007A FECE                <1> 		dec		dh								; AH--; // 0x00 or 0xFF
    78                              <1> 
    79 0000007C 84C3                <1> 		test	bl, al							; ZF = (前景色 & plane);
    80 0000007E 0F94C2              <1> 		setz	dl								; AL = ZF ? 0x01 : 0x00
    81 00000081 FECA                <1> 		dec		dl								; AL--; // 0x00 or 0xFF
    82                              <1> 
    83                              <1> 		;---------------------------------------
    84                              <1> 		; 复制16个点的font
    85                              <1> 		;---------------------------------------
    86 00000083 FC                  <1> 		cld										; DF  = 0; 
    87                              <1> 
    88 00000084 B910000000          <1> 		mov		ecx, 16							; ECX = 16; // 16个点
    89                              <1> .10L:											; do
    90                              <1> 												; {
    91                              <1> 		;---------------------------------------
    92                              <1> 		; 生成font_mask
    93                              <1> 		;---------------------------------------
    94 00000089 AC                  <1> 		lodsb									;   AL  = *ESI++; //  font
    95 0000008A 88C4                <1> 		mov		ah, al							;   AH ~= AL;     // !font(比特反转)
    96 0000008C F6D4                <1> 		not		ah								;   
    97                              <1> 
    98                              <1> 		;---------------------------------------
    99                              <1> 		; 前景色
   100                              <1> 		;---------------------------------------
   101 0000008E 20D0                <1> 		and		al, dl							;   AL =前景色 & font;
   102                              <1> 
   103                              <1> 		;---------------------------------------
   104                              <1> 		; 背景色
   105                              <1> 		;---------------------------------------
   106 00000090 F7C310000000        <1> 		test	ebx, 0x0010						;   if (透明模式)
   107 00000096 7404                <1> 		jz		.11F							;   {
   108 00000098 2227                <1> 		and		ah, [edi]						;     AH = !font & [EDI] // 现在值
   109 0000009A EB02                <1> 		jmp		.11E							;   }
   110                              <1> .11F:											;   else
   111                              <1> 												;   {
   112 0000009C 20F4                <1> 		and		ah, dh							;     AH = !font & 背景色;
   113                              <1> .11E:											;   }
   114                              <1> 
   115                              <1> 		;---------------------------------------
   116                              <1> 		; 前景色和背景色的合成
   117                              <1> 		;---------------------------------------
   118 0000009E 08E0                <1> 		or		al, ah							;   AL  = 前景 | 背景;
   119                              <1> 
   120                              <1> 		;---------------------------------------
   121                              <1> 		; 输出新的值
   122                              <1> 		;---------------------------------------
   123 000000A0 8807                <1> 		mov		[edi], al						;   [EDI] = AL; // 写入plane
   124                              <1> 
   125 000000A2 83C750              <1> 		add		edi, 80							;   EDI += 80;(font是30x80)
   126 000000A5 E2E2                <1> 		loop	.10L							; } while (--ECX);
   127                              <1> .10E:											; 
   128 000000A7 5F                  <1> 		pop		edi
   129 000000A8 5E                  <1> 		pop		esi
   130 000000A9 5A                  <1> 		pop		edx
   131 000000AA 59                  <1> 		pop		ecx
   132 000000AB 5B                  <1> 		pop		ebx
   133 000000AC 58                  <1> 		pop		eax
   134                              <1> 
   135 000000AD 89EC                <1> 		mov		esp, ebp
   136 000000AF 5D                  <1> 		pop		ebp
   137                              <1> 
   138 000000B0 C3                  <1> 		ret
   139                              <1> 
   140                              <1> vram_bit_copy:
   141                              <1> 
   142 000000B1 55                  <1> 		push	ebp							
   143 000000B2 89E5                <1> 		mov		ebp, esp						
   144                              <1> 												
   145 000000B4 50                  <1> 		push	eax
   146 000000B5 53                  <1> 		push	ebx
   147 000000B6 57                  <1> 		push	edi
   148                              <1> 
   149                              <1> 		;---------------------------------------
   150                              <1> 		; 获取参数
   151                              <1> 		;---------------------------------------
   152 000000B7 8B7D0C              <1> 		mov		edi, [ebp +12]					; EDI = VRAM地址
   153 000000BA 0FB64510            <1> 		movzx	eax, byte [ebp +16]				; EAX = palne(bit);
   154 000000BE 0FB75D14            <1> 		movzx	ebx, word [ebp +20]				; EBX = 表示颜色;
   155                              <1> 
   156 000000C2 84C3                <1> 		test	bl, al							; ZF = (前景色 & plane);
   157 000000C4 0F94C3              <1> 		setz	bl								; BL = ZF ? 0x01 : 0x00
   158 000000C7 FECB                <1> 		dec		bl								; BL--; // 0x00 or 0xFF
   159                              <1> 
   160                              <1> 		;---------------------------------------
   161                              <1> 		; 输出比特模式的反
   162                              <1> 		;---------------------------------------
   163 000000C9 8A4508              <1> 		mov		al, [ebp + 8]					; AL = 输出比特模式
   164 000000CC 88C4                <1> 		mov		ah, al							; AH ~= AL;     // ! 输出比特模式
   165 000000CE F6D4                <1> 		not		ah								; 
   166                              <1> 
   167                              <1> 		;---------------------------------------
   168                              <1> 		; 生成输入的值
   169                              <1> 		;---------------------------------------
   170 000000D0 2227                <1> 		and		ah, [edi]						; AH  =  ! 输出比特模式 & 现在值
   171 000000D2 20D8                <1> 		and		al, bl							; AL  = 输出比特模式 &  表示色
   172 000000D4 08E0                <1> 		or		al, ah							; AL |= AH;
   173                              <1> 
   174                              <1> 		;---------------------------------------
   175                              <1> 		; 数据写入
   176                              <1> 		;---------------------------------------
   177 000000D6 8807                <1> 		mov		[edi], al						; [EDI] = BL; // 写入palne
   178                              <1> 
   179                              <1> 
   180 000000D8 5F                  <1> 		pop		edi
   181 000000D9 5B                  <1> 		pop		ebx
   182 000000DA 58                  <1> 		pop		eax
   183                              <1> 
   184 000000DB 89EC                <1> 		mov		esp, ebp
   185 000000DD 5D                  <1> 		pop		ebp
   186                              <1> 
   187 000000DE C3                  <1> 		ret
   188                              <1> 
    36                                  %include "../modules/protect/draw_char.s"
     1                              <1> draw_char:
     2                              <1> 
     3 000000DF 55                  <1> 		push	ebp			
     4 000000E0 89E5                <1> 		mov		ebp, esp	
     5                              <1> 											
     6                              <1> 
     7 000000E2 50                  <1> 		push	eax
     8 000000E3 53                  <1> 		push	ebx
     9 000000E4 51                  <1> 		push	ecx
    10 000000E5 52                  <1> 		push	edx
    11 000000E6 56                  <1> 		push	esi
    12 000000E7 57                  <1> 		push	edi
    13                              <1> 
    14                              <1> 		;---------------------------------------
    15                              <1> 		; 取得参数
    16                              <1> 		;---------------------------------------
    17 000000E8 0FB67514            <1> 		movzx	esi, byte [ebp +20]				; ESI  = 字符码
    18 000000EC C1E604              <1> 		shl		esi, 4							; CL *= 16; // 1字符16byte
    19 000000EF 0335[28000000]      <1> 		add		esi, [FONT_ADR]					; ESI = font地址;
    20                              <1> 
    21                              <1> 		;---------------------------------------
    22                              <1> 		; 取得复制目的地的地址
    23                              <1> 		; Adr = 0xA0000 + (640 / 8 * 16) * y + x
    24                              <1> 		;---------------------------------------
    25 000000F5 8B7D0C              <1> 		mov		edi, [ebp +12]					; Y(行)
    26 000000F8 C1E708              <1> 		shl		edi, 8							; EDI = Y * 256;
    27 000000FB 8DBCBF00000A00      <1> 		lea		edi, [edi * 4 + edi + 0xA0000]	; EDI = Y *   4 + Y;
    28 00000102 037D08              <1> 		add		edi, [ebp + 8]					; X(列)
    29                              <1> 
    30                              <1> 		;---------------------------------------
    31                              <1> 		; 输出一字符的font
    32                              <1> 		;---------------------------------------
    33 00000105 0FB75D10            <1> 		movzx	ebx, word [ebp +16]				; // 颜色
    34                              <1> 
    35 00000109 6A03E81CFFFFFF6683- <1> 		cdecl	vga_set_read_plane, 0x03		; // 写入plane(亮度:I)
    35 00000112 C404                <1>
    36 00000114 6A08E82AFFFFFF6683- <1> 		cdecl	vga_set_write_plane, 0x08		; // 输出plane(亮度:I)
    36 0000011D C404                <1>
    37 0000011F 536A085756E835FFFF- <1> 		cdecl	vram_font_copy, esi, edi, 0x08, ebx
    37 00000128 FF6683C410          <1>
    38                              <1> 
    39 0000012D 6A02E8F8FEFFFF6683- <1> 		cdecl	vga_set_read_plane, 0x02		; //写入plane(红:R)
    39 00000136 C404                <1>
    40 00000138 6A04E806FFFFFF6683- <1> 		cdecl	vga_set_write_plane, 0x04		; //输出plane(红:R)
    40 00000141 C404                <1>
    41 00000143 536A045756E811FFFF- <1> 		cdecl	vram_font_copy, esi, edi, 0x04, ebx
    41 0000014C FF6683C410          <1>
    42                              <1> 
    43 00000151 6A01E8D4FEFFFF6683- <1> 		cdecl	vga_set_read_plane, 0x01		; // 写入plane(绿:G)
    43 0000015A C404                <1>
    44 0000015C 6A02E8E2FEFFFF6683- <1> 		cdecl	vga_set_write_plane, 0x02		; // 输出plane(绿:G)
    44 00000165 C404                <1>
    45 00000167 536A025756E8EDFEFF- <1> 		cdecl	vram_font_copy, esi, edi, 0x02, ebx
    45 00000170 FF6683C410          <1>
    46                              <1> 
    47 00000175 6A00E8B0FEFFFF6683- <1> 		cdecl	vga_set_read_plane, 0x00		; // 写入plane(蓝:B)
    47 0000017E C404                <1>
    48 00000180 6A01E8BEFEFFFF6683- <1> 		cdecl	vga_set_write_plane, 0x01		; // 输出plane(蓝:B)
    48 00000189 C404                <1>
    49 0000018B 536A015756E8C9FEFF- <1> 		cdecl	vram_font_copy, esi, edi, 0x01, ebx
    49 00000194 FF6683C410          <1>
    50                              <1> 
    51                              <1> 
    52 00000199 5F                  <1> 		pop		edi
    53 0000019A 5E                  <1> 		pop		esi
    54 0000019B 5A                  <1> 		pop		edx
    55 0000019C 59                  <1> 		pop		ecx
    56 0000019D 5B                  <1> 		pop		ebx
    57 0000019E 58                  <1> 		pop		eax
    58                              <1> 
    59 0000019F 89EC                <1> 		mov		esp, ebp
    60 000001A1 5D                  <1> 		pop		ebp
    61                              <1> 
    62 000001A2 C3                  <1> 		ret
    63                              <1> 
    37                                  %include "../modules/protect/draw_font.s"
     1                              <1> draw_font:
     2 000001A3 55                  <1> 		push	ebp		
     3 000001A4 89E5                <1> 		mov		ebp, esp		
     4                              <1> 							
     5                              <1> 
     6 000001A6 50                  <1> 		push	eax
     7 000001A7 53                  <1> 		push	ebx
     8 000001A8 51                  <1> 		push	ecx
     9 000001A9 52                  <1> 		push	edx
    10 000001AA 56                  <1> 		push	esi
    11 000001AB 57                  <1> 		push	edi
    12                              <1> 
    13 000001AC 8B7508              <1> 		mov		esi, [ebp + 8]					; ESI = X(列)
    14 000001AF 8B7D0C              <1> 		mov		edi, [ebp +12]					; EDI = Y(行)
    15                              <1> 
    16                              <1> 		;---------------------------------------
    17                              <1> 		; tHg\
    18                              <1> 		;---------------------------------------
    19 000001B2 B900000000          <1> 		mov		ecx, 0							; for (ECX = 0;
    20 000001B7 81F900010000        <1> .10L:	cmp		ecx, 256						;      ECX < 256;
    21 000001BD 731F                <1> 		jae		.10E							; 
    22                              <1> 												;      ECX++)
    23                              <1> 												; {
    24                              <1> 												;   // 一行表示16个字符,列位置
    25 000001BF 89C8                <1> 		mov		eax, ecx						;   EAX  = ECX;
    26 000001C1 83E00F              <1> 		and		eax, 0x0F						;   EAX &= 0x0F
    27 000001C4 01F0                <1> 		add		eax, esi						;   EAX += X;
    28                              <1> 												;   
    29                              <1> 												;   // 行位置
    30 000001C6 89CB                <1> 		mov		ebx, ecx						;   EBX  = ECX;
    31 000001C8 C1EB04              <1> 		shr		ebx, 4							;   EBX /= 16
    32 000001CB 01FB                <1> 		add		ebx, edi						;   EBX += Y;
    33                              <1> 
    34 000001CD 516A075350E808FFFF- <1> 		cdecl	draw_char, eax, ebx, 0x07, ecx	;   draw_char();
    34 000001D6 FF6683C410          <1>
    35                              <1> 
    36 000001DB 41                  <1> 		inc		ecx								;   // for (... ECX++)
    37 000001DC EBD9                <1> 		jmp		.10L							; 
    38                              <1> .10E:											; }
    39                              <1> 
    40                              <1> 
    41 000001DE 5F                  <1> 		pop		edi
    42 000001DF 5E                  <1> 		pop		esi
    43 000001E0 5A                  <1> 		pop		edx
    44 000001E1 59                  <1> 		pop		ecx
    45 000001E2 5B                  <1> 		pop		ebx
    46 000001E3 58                  <1> 		pop		eax
    47                              <1> 
    48 000001E4 89EC                <1> 		mov		esp, ebp
    49 000001E6 5D                  <1> 		pop		ebp
    50                              <1> 
    51 000001E7 C3                  <1> 		ret
    52                              <1> 
    38                                  
    39                                  
    40                                  ;********************
    41                                  ;padding
    42                                  ;********************
    43 000001E8 00<rept>                	times KERNEL_SIZE -($-$$) db 0;
